<?xml version="1.0" encoding="UTF-8"?>
<testsuites>
  <testsuite name="/home/challe_p/dbwebb-kurser/mvc/me/report/phpunit.xml.dist" tests="73" assertions="178" errors="0" failures="0" skipped="0" time="4.057691">
    <testsuite name="Project Test Suite" tests="73" assertions="178" errors="0" failures="0" skipped="0" time="4.057691">
      <testsuite name="App\Game\CardHandTest" file="/home/challe_p/dbwebb-kurser/mvc/me/report/tests/CardHandTest.php" tests="5" assertions="9" errors="0" failures="0" skipped="0" time="0.129627">
        <testcase name="testCreateCardHand" file="/home/challe_p/dbwebb-kurser/mvc/me/report/tests/CardHandTest.php" line="18" class="App\Game\CardHandTest" classname="App.Game.CardHandTest" assertions="2" time="0.115416"/>
        <testcase name="testDraw" file="/home/challe_p/dbwebb-kurser/mvc/me/report/tests/CardHandTest.php" line="25" class="App\Game\CardHandTest" classname="App.Game.CardHandTest" assertions="1" time="0.004009"/>
        <testcase name="testRemoveCard" file="/home/challe_p/dbwebb-kurser/mvc/me/report/tests/CardHandTest.php" line="33" class="App\Game\CardHandTest" classname="App.Game.CardHandTest" assertions="2" time="0.003743"/>
        <testcase name="testEmptyHand" file="/home/challe_p/dbwebb-kurser/mvc/me/report/tests/CardHandTest.php" line="41" class="App\Game\CardHandTest" classname="App.Game.CardHandTest" assertions="1" time="0.002862"/>
        <testcase name="testAddCard" file="/home/challe_p/dbwebb-kurser/mvc/me/report/tests/CardHandTest.php" line="47" class="App\Game\CardHandTest" classname="App.Game.CardHandTest" assertions="3" time="0.003597"/>
      </testsuite>
      <testsuite name="App\Game\CardTest" file="/home/challe_p/dbwebb-kurser/mvc/me/report/tests/CardTest.php" tests="3" assertions="5" errors="0" failures="0" skipped="0" time="0.011886">
        <testcase name="testCreateCard" file="/home/challe_p/dbwebb-kurser/mvc/me/report/tests/CardTest.php" line="16" class="App\Game\CardTest" classname="App.Game.CardTest" assertions="3" time="0.002283"/>
        <testcase name="testgetImagePath" file="/home/challe_p/dbwebb-kurser/mvc/me/report/tests/CardTest.php" line="27" class="App\Game\CardTest" classname="App.Game.CardTest" assertions="1" time="0.005456"/>
        <testcase name="testToString" file="/home/challe_p/dbwebb-kurser/mvc/me/report/tests/CardTest.php" line="35" class="App\Game\CardTest" classname="App.Game.CardTest" assertions="1" time="0.004147"/>
      </testsuite>
      <testsuite name="App\Tests\Controller\GameApiControllerTest" file="/home/challe_p/dbwebb-kurser/mvc/me/report/tests/Controller/GameApiControllerTest.php" tests="7" assertions="15" errors="0" failures="0" skipped="0" time="0.407931">
        <testcase name="testApiDeck" file="/home/challe_p/dbwebb-kurser/mvc/me/report/tests/Controller/GameApiControllerTest.php" line="10" class="App\Tests\Controller\GameApiControllerTest" classname="App.Tests.Controller.GameApiControllerTest" assertions="3" time="0.267005"/>
        <testcase name="testApiDeckShuffleApi" file="/home/challe_p/dbwebb-kurser/mvc/me/report/tests/Controller/GameApiControllerTest.php" line="77" class="App\Tests\Controller\GameApiControllerTest" classname="App.Tests.Controller.GameApiControllerTest" assertions="2" time="0.019764"/>
        <testcase name="testApiDeckDraw" file="/home/challe_p/dbwebb-kurser/mvc/me/report/tests/Controller/GameApiControllerTest.php" line="86" class="App\Tests\Controller\GameApiControllerTest" classname="App.Tests.Controller.GameApiControllerTest" assertions="2" time="0.022329"/>
        <testcase name="testApiDeckDeal" file="/home/challe_p/dbwebb-kurser/mvc/me/report/tests/Controller/GameApiControllerTest.php" line="96" class="App\Tests\Controller\GameApiControllerTest" classname="App.Tests.Controller.GameApiControllerTest" assertions="2" time="0.026803"/>
        <testcase name="testApiDeckDealTooMany" file="/home/challe_p/dbwebb-kurser/mvc/me/report/tests/Controller/GameApiControllerTest.php" line="109" class="App\Tests\Controller\GameApiControllerTest" classname="App.Tests.Controller.GameApiControllerTest" assertions="2" time="0.024488"/>
        <testcase name="testApiDeckDealWrongInput" file="/home/challe_p/dbwebb-kurser/mvc/me/report/tests/Controller/GameApiControllerTest.php" line="122" class="App\Tests\Controller\GameApiControllerTest" classname="App.Tests.Controller.GameApiControllerTest" assertions="2" time="0.021400"/>
        <testcase name="testApiDeckDrawWrongInput" file="/home/challe_p/dbwebb-kurser/mvc/me/report/tests/Controller/GameApiControllerTest.php" line="135" class="App\Tests\Controller\GameApiControllerTest" classname="App.Tests.Controller.GameApiControllerTest" assertions="2" time="0.026141"/>
      </testsuite>
      <testsuite name="App\Tests\Controller\GameDrawControllerTest" file="/home/challe_p/dbwebb-kurser/mvc/me/report/tests/Controller/GameDrawControllerTest.php" tests="8" assertions="21" errors="0" failures="0" skipped="0" time="2.128104">
        <testcase name="testDraw" file="/home/challe_p/dbwebb-kurser/mvc/me/report/tests/Controller/GameDrawControllerTest.php" line="10" class="App\Tests\Controller\GameDrawControllerTest" classname="App.Tests.Controller.GameDrawControllerTest" assertions="3" time="1.798404"/>
        <testcase name="testDrawAmount" file="/home/challe_p/dbwebb-kurser/mvc/me/report/tests/Controller/GameDrawControllerTest.php" line="24" class="App\Tests\Controller\GameDrawControllerTest" classname="App.Tests.Controller.GameDrawControllerTest" assertions="2" time="0.042617"/>
        <testcase name="testDrawTooMany" file="/home/challe_p/dbwebb-kurser/mvc/me/report/tests/Controller/GameDrawControllerTest.php" line="33" class="App\Tests\Controller\GameDrawControllerTest" classname="App.Tests.Controller.GameDrawControllerTest" assertions="4" time="0.039483"/>
        <testcase name="testDeal" file="/home/challe_p/dbwebb-kurser/mvc/me/report/tests/Controller/GameDrawControllerTest.php" line="43" class="App\Tests\Controller\GameDrawControllerTest" classname="App.Tests.Controller.GameDrawControllerTest" assertions="2" time="0.049726"/>
        <testcase name="testDealTooMany" file="/home/challe_p/dbwebb-kurser/mvc/me/report/tests/Controller/GameDrawControllerTest.php" line="52" class="App\Tests\Controller\GameDrawControllerTest" classname="App.Tests.Controller.GameDrawControllerTest" assertions="4" time="0.028613"/>
        <testcase name="testShuffleDeckToDraw" file="/home/challe_p/dbwebb-kurser/mvc/me/report/tests/Controller/GameDrawControllerTest.php" line="62" class="App\Tests\Controller\GameDrawControllerTest" classname="App.Tests.Controller.GameDrawControllerTest" assertions="2" time="0.058776"/>
        <testcase name="testDrawAmountPost" file="/home/challe_p/dbwebb-kurser/mvc/me/report/tests/Controller/GameDrawControllerTest.php" line="72" class="App\Tests\Controller\GameDrawControllerTest" classname="App.Tests.Controller.GameDrawControllerTest" assertions="2" time="0.052668"/>
        <testcase name="testDealPost" file="/home/challe_p/dbwebb-kurser/mvc/me/report/tests/Controller/GameDrawControllerTest.php" line="82" class="App\Tests\Controller\GameDrawControllerTest" classname="App.Tests.Controller.GameDrawControllerTest" assertions="2" time="0.057817"/>
      </testsuite>
      <testsuite name="App\Tests\Controller\LibraryControllerTest" file="/home/challe_p/dbwebb-kurser/mvc/me/report/tests/Controller/LibraryControllerTest.php" tests="8" assertions="41" errors="0" failures="0" skipped="0" time="0.900471">
        <testcase name="testLibrary" file="/home/challe_p/dbwebb-kurser/mvc/me/report/tests/Controller/LibraryControllerTest.php" line="10" class="App\Tests\Controller\LibraryControllerTest" classname="App.Tests.Controller.LibraryControllerTest" assertions="4" time="0.167329"/>
        <testcase name="testShowBookById" file="/home/challe_p/dbwebb-kurser/mvc/me/report/tests/Controller/LibraryControllerTest.php" line="20" class="App\Tests\Controller\LibraryControllerTest" classname="App.Tests.Controller.LibraryControllerTest" assertions="2" time="0.029072"/>
        <testcase name="testCreateForm" file="/home/challe_p/dbwebb-kurser/mvc/me/report/tests/Controller/LibraryControllerTest.php" line="29" class="App\Tests\Controller\LibraryControllerTest" classname="App.Tests.Controller.LibraryControllerTest" assertions="2" time="0.023831"/>
        <testcase name="testUpdateBookById" file="/home/challe_p/dbwebb-kurser/mvc/me/report/tests/Controller/LibraryControllerTest.php" line="38" class="App\Tests\Controller\LibraryControllerTest" classname="App.Tests.Controller.LibraryControllerTest" assertions="2" time="0.027363"/>
        <testcase name="testCreateDelete" file="/home/challe_p/dbwebb-kurser/mvc/me/report/tests/Controller/LibraryControllerTest.php" line="47" class="App\Tests\Controller\LibraryControllerTest" classname="App.Tests.Controller.LibraryControllerTest" assertions="11" time="0.153199"/>
        <testcase name="testDeleteNotFound" file="/home/challe_p/dbwebb-kurser/mvc/me/report/tests/Controller/LibraryControllerTest.php" line="83" class="App\Tests\Controller\LibraryControllerTest" classname="App.Tests.Controller.LibraryControllerTest" assertions="1" time="0.251380"/>
        <testcase name="testUpdateBook" file="/home/challe_p/dbwebb-kurser/mvc/me/report/tests/Controller/LibraryControllerTest.php" line="90" class="App\Tests\Controller\LibraryControllerTest" classname="App.Tests.Controller.LibraryControllerTest" assertions="17" time="0.186498"/>
        <testcase name="testUpdateBookNotFound" file="/home/challe_p/dbwebb-kurser/mvc/me/report/tests/Controller/LibraryControllerTest.php" line="145" class="App\Tests\Controller\LibraryControllerTest" classname="App.Tests.Controller.LibraryControllerTest" assertions="2" time="0.061799"/>
      </testsuite>
      <testsuite name="App\Tests\Controller\TwentyOneApiControllerTest" file="/home/challe_p/dbwebb-kurser/mvc/me/report/tests/Controller/TwentyOneApiControllerTest.php" tests="3" assertions="4" errors="0" failures="0" skipped="0" time="0.214904">
        <testcase name="testGameApiEmpty" file="/home/challe_p/dbwebb-kurser/mvc/me/report/tests/Controller/TwentyOneApiControllerTest.php" line="11" class="App\Tests\Controller\TwentyOneApiControllerTest" classname="App.Tests.Controller.TwentyOneApiControllerTest" assertions="1" time="0.038491"/>
        <testcase name="testGameApi" file="/home/challe_p/dbwebb-kurser/mvc/me/report/tests/Controller/TwentyOneApiControllerTest.php" line="19" class="App\Tests\Controller\TwentyOneApiControllerTest" classname="App.Tests.Controller.TwentyOneApiControllerTest" assertions="2" time="0.126889"/>
        <testcase name="testStart" file="/home/challe_p/dbwebb-kurser/mvc/me/report/tests/Controller/TwentyOneApiControllerTest.php" line="40" class="App\Tests\Controller\TwentyOneApiControllerTest" classname="App.Tests.Controller.TwentyOneApiControllerTest" assertions="1" time="0.049524"/>
      </testsuite>
      <testsuite name="App\Tests\Controller\TwentyOneControllerTest" file="/home/challe_p/dbwebb-kurser/mvc/me/report/tests/Controller/TwentyOneControllerTest.php" tests="3" assertions="4" errors="0" failures="0" skipped="0" time="0.084831">
        <testcase name="testGamePlay" file="/home/challe_p/dbwebb-kurser/mvc/me/report/tests/Controller/TwentyOneControllerTest.php" line="10" class="App\Tests\Controller\TwentyOneControllerTest" classname="App.Tests.Controller.TwentyOneControllerTest" assertions="2" time="0.024531"/>
        <testcase name="testGameDoc" file="/home/challe_p/dbwebb-kurser/mvc/me/report/tests/Controller/TwentyOneControllerTest.php" line="28" class="App\Tests\Controller\TwentyOneControllerTest" classname="App.Tests.Controller.TwentyOneControllerTest" assertions="1" time="0.031271"/>
        <testcase name="testStart" file="/home/challe_p/dbwebb-kurser/mvc/me/report/tests/Controller/TwentyOneControllerTest.php" line="36" class="App\Tests\Controller\TwentyOneControllerTest" classname="App.Tests.Controller.TwentyOneControllerTest" assertions="1" time="0.029029"/>
      </testsuite>
      <testsuite name="App\Game\DeckOfCardsTest" file="/home/challe_p/dbwebb-kurser/mvc/me/report/tests/DeckOfCardsTest.php" tests="7" assertions="14" errors="0" failures="0" skipped="0" time="0.023652">
        <testcase name="testCreateDeckOfCards" file="/home/challe_p/dbwebb-kurser/mvc/me/report/tests/DeckOfCardsTest.php" line="18" class="App\Game\DeckOfCardsTest" classname="App.Game.DeckOfCardsTest" assertions="1" time="0.002968"/>
        <testcase name="testPrintAll" file="/home/challe_p/dbwebb-kurser/mvc/me/report/tests/DeckOfCardsTest.php" line="24" class="App\Game\DeckOfCardsTest" classname="App.Game.DeckOfCardsTest" assertions="1" time="0.002809"/>
        <testcase name="testGetCards" file="/home/challe_p/dbwebb-kurser/mvc/me/report/tests/DeckOfCardsTest.php" line="39" class="App\Game\DeckOfCardsTest" classname="App.Game.DeckOfCardsTest" assertions="1" time="0.003205"/>
        <testcase name="testShuffle" file="/home/challe_p/dbwebb-kurser/mvc/me/report/tests/DeckOfCardsTest.php" line="45" class="App\Game\DeckOfCardsTest" classname="App.Game.DeckOfCardsTest" assertions="1" time="0.003084"/>
        <testcase name="testDrawCard" file="/home/challe_p/dbwebb-kurser/mvc/me/report/tests/DeckOfCardsTest.php" line="54" class="App\Game\DeckOfCardsTest" classname="App.Game.DeckOfCardsTest" assertions="3" time="0.003807"/>
        <testcase name="testShuffleDrawn" file="/home/challe_p/dbwebb-kurser/mvc/me/report/tests/DeckOfCardsTest.php" line="66" class="App\Game\DeckOfCardsTest" classname="App.Game.DeckOfCardsTest" assertions="6" time="0.004888"/>
        <testcase name="testDrawCards" file="/home/challe_p/dbwebb-kurser/mvc/me/report/tests/DeckOfCardsTest.php" line="78" class="App\Game\DeckOfCardsTest" classname="App.Game.DeckOfCardsTest" assertions="1" time="0.002891"/>
      </testsuite>
      <testsuite name="App\Game\Exceptions\ExceptionsTest" file="/home/challe_p/dbwebb-kurser/mvc/me/report/tests/ExceptionsTest.php" tests="1" assertions="2" errors="0" failures="0" skipped="0" time="0.002639">
        <testcase name="testCreateEmptyDeckException" file="/home/challe_p/dbwebb-kurser/mvc/me/report/tests/ExceptionsTest.php" line="16" class="App\Game\Exceptions\ExceptionsTest" classname="App.Game.Exceptions.ExceptionsTest" assertions="2" time="0.002639"/>
      </testsuite>
      <testsuite name="App\Game\GameLogicTest" file="/home/challe_p/dbwebb-kurser/mvc/me/report/tests/GameLogicTest.php" tests="6" assertions="16" errors="0" failures="0" skipped="0" time="0.036034">
        <testcase name="testCreateGameLogic" file="/home/challe_p/dbwebb-kurser/mvc/me/report/tests/GameLogicTest.php" line="30" class="App\Game\GameLogicTest" classname="App.Game.GameLogicTest" assertions="1" time="0.003625"/>
        <testcase name="testPlay" file="/home/challe_p/dbwebb-kurser/mvc/me/report/tests/GameLogicTest.php" line="39" class="App\Game\GameLogicTest" classname="App.Game.GameLogicTest" assertions="5" time="0.003775"/>
        <testcase name="testPlayHoldBank" file="/home/challe_p/dbwebb-kurser/mvc/me/report/tests/GameLogicTest.php" line="54" class="App\Game\GameLogicTest" classname="App.Game.GameLogicTest" assertions="5" time="0.004786"/>
        <testcase name="testPlayerHigherScore" file="/home/challe_p/dbwebb-kurser/mvc/me/report/tests/GameLogicTest.php" line="69" class="App\Game\GameLogicTest" classname="App.Game.GameLogicTest" assertions="2" time="0.010890"/>
        <testcase name="testPlayerWin" file="/home/challe_p/dbwebb-kurser/mvc/me/report/tests/GameLogicTest.php" line="83" class="App\Game\GameLogicTest" classname="App.Game.GameLogicTest" assertions="2" time="0.009396"/>
        <testcase name="testOutOfBoundsException" file="/home/challe_p/dbwebb-kurser/mvc/me/report/tests/GameLogicTest.php" line="95" class="App\Game\GameLogicTest" classname="App.Game.GameLogicTest" assertions="1" time="0.003562"/>
      </testsuite>
      <testsuite name="App\Game\PlayerTest" file="/home/challe_p/dbwebb-kurser/mvc/me/report/tests/PlayerTest.php" tests="5" assertions="13" errors="0" failures="0" skipped="0" time="0.015207">
        <testcase name="testCreatePlayer" file="/home/challe_p/dbwebb-kurser/mvc/me/report/tests/PlayerTest.php" line="19" class="App\Game\PlayerTest" classname="App.Game.PlayerTest" assertions="3" time="0.002871"/>
        <testcase name="testSetName" file="/home/challe_p/dbwebb-kurser/mvc/me/report/tests/PlayerTest.php" line="27" class="App\Game\PlayerTest" classname="App.Game.PlayerTest" assertions="2" time="0.003793"/>
        <testcase name="testSetScore" file="/home/challe_p/dbwebb-kurser/mvc/me/report/tests/PlayerTest.php" line="35" class="App\Game\PlayerTest" classname="App.Game.PlayerTest" assertions="2" time="0.002772"/>
        <testcase name="testGetHand" file="/home/challe_p/dbwebb-kurser/mvc/me/report/tests/PlayerTest.php" line="43" class="App\Game\PlayerTest" classname="App.Game.PlayerTest" assertions="2" time="0.002821"/>
        <testcase name="testSetHand" file="/home/challe_p/dbwebb-kurser/mvc/me/report/tests/PlayerTest.php" line="50" class="App\Game\PlayerTest" classname="App.Game.PlayerTest" assertions="4" time="0.002948"/>
      </testsuite>
      <testsuite name="App\Project\MatTest" file="/home/challe_p/dbwebb-kurser/mvc/me/report/tests/Project/MatTest.php" tests="3" assertions="5" errors="0" failures="0" skipped="0" time="0.028710">
        <testcase name="testCreateMat" file="/home/challe_p/dbwebb-kurser/mvc/me/report/tests/Project/MatTest.php" line="13" class="App\Project\MatTest" classname="App.Project.MatTest" assertions="1" time="0.023082"/>
        <testcase name="testPrintEmpty" file="/home/challe_p/dbwebb-kurser/mvc/me/report/tests/Project/MatTest.php" line="19" class="App\Project\MatTest" classname="App.Project.MatTest" assertions="1" time="0.002657"/>
        <testcase name="testSetCard" file="/home/challe_p/dbwebb-kurser/mvc/me/report/tests/Project/MatTest.php" line="31" class="App\Project\MatTest" classname="App.Project.MatTest" assertions="3" time="0.002971"/>
      </testsuite>
      <testsuite name="App\Project\PokerLogicTest" file="/home/challe_p/dbwebb-kurser/mvc/me/report/tests/Project/PokerLogicTest.php" tests="2" assertions="11" errors="0" failures="0" skipped="0" time="0.016977">
        <testcase name="testCreateMat" file="/home/challe_p/dbwebb-kurser/mvc/me/report/tests/Project/PokerLogicTest.php" line="12" class="App\Project\PokerLogicTest" classname="App.Project.PokerLogicTest" assertions="1" time="0.011452"/>
        <testcase name="testAutofill" file="/home/challe_p/dbwebb-kurser/mvc/me/report/tests/Project/PokerLogicTest.php" line="18" class="App\Project\PokerLogicTest" classname="App.Project.PokerLogicTest" assertions="10" time="0.005525"/>
      </testsuite>
      <testsuite name="App\Project\RowTest" file="/home/challe_p/dbwebb-kurser/mvc/me/report/tests/Project/RowTest.php" tests="5" assertions="9" errors="0" failures="0" skipped="0" time="0.021365">
        <testcase name="testCreateRow" file="/home/challe_p/dbwebb-kurser/mvc/me/report/tests/Project/RowTest.php" line="18" class="App\Project\RowTest" classname="App.Project.RowTest" assertions="2" time="0.005192"/>
        <testcase name="testSetCard" file="/home/challe_p/dbwebb-kurser/mvc/me/report/tests/Project/RowTest.php" line="25" class="App\Project\RowTest" classname="App.Project.RowTest" assertions="2" time="0.003587"/>
        <testcase name="testSetCardFull" file="/home/challe_p/dbwebb-kurser/mvc/me/report/tests/Project/RowTest.php" line="36" class="App\Project\RowTest" classname="App.Project.RowTest" assertions="2" time="0.006141"/>
        <testcase name="testToString" file="/home/challe_p/dbwebb-kurser/mvc/me/report/tests/Project/RowTest.php" line="45" class="App\Project\RowTest" classname="App.Project.RowTest" assertions="1" time="0.003352"/>
        <testcase name="testIsFilled" file="/home/challe_p/dbwebb-kurser/mvc/me/report/tests/Project/RowTest.php" line="54" class="App\Project\RowTest" classname="App.Project.RowTest" assertions="2" time="0.003092"/>
      </testsuite>
      <testsuite name="App\Game\RulesTest" file="/home/challe_p/dbwebb-kurser/mvc/me/report/tests/RulesTest.php" tests="6" assertions="7" errors="0" failures="0" skipped="0" time="0.021564">
        <testcase name="testCreateRules" file="/home/challe_p/dbwebb-kurser/mvc/me/report/tests/RulesTest.php" line="19" class="App\Game\RulesTest" classname="App.Game.RulesTest" assertions="1" time="0.002682"/>
        <testcase name="testCreateCustom" file="/home/challe_p/dbwebb-kurser/mvc/me/report/tests/RulesTest.php" line="25" class="App\Game\RulesTest" classname="App.Game.RulesTest" assertions="1" time="0.003075"/>
        <testcase name="testTranslator" file="/home/challe_p/dbwebb-kurser/mvc/me/report/tests/RulesTest.php" line="31" class="App\Game\RulesTest" classname="App.Game.RulesTest" assertions="1" time="0.004329"/>
        <testcase name="testTranslatorMax" file="/home/challe_p/dbwebb-kurser/mvc/me/report/tests/RulesTest.php" line="39" class="App\Game\RulesTest" classname="App.Game.RulesTest" assertions="1" time="0.003949"/>
        <testcase name="testTranslatorNoAces" file="/home/challe_p/dbwebb-kurser/mvc/me/report/tests/RulesTest.php" line="47" class="App\Game\RulesTest" classname="App.Game.RulesTest" assertions="1" time="0.003411"/>
        <testcase name="testMaxAces" file="/home/challe_p/dbwebb-kurser/mvc/me/report/tests/RulesTest.php" line="56" class="App\Game\RulesTest" classname="App.Game.RulesTest" assertions="2" time="0.004118"/>
      </testsuite>
      <testsuite name="App\Game\TarotDeckTest" file="/home/challe_p/dbwebb-kurser/mvc/me/report/tests/TarotDeckTest.php" tests="1" assertions="2" errors="0" failures="0" skipped="0" time="0.013791">
        <testcase name="testCreateTarotDeck" file="/home/challe_p/dbwebb-kurser/mvc/me/report/tests/TarotDeckTest.php" line="16" class="App\Game\TarotDeckTest" classname="App.Game.TarotDeckTest" assertions="2" time="0.013791"/>
      </testsuite>
    </testsuite>
  </testsuite>
</testsuites>
