<?xml version="1.0" encoding="UTF-8"?>
<testsuites>
  <testsuite name="/home/challe_p/dbwebb-kurser/mvc/me/report/phpunit.xml" tests="32" assertions="66" errors="0" failures="0" skipped="0" time="0.155360">
    <testsuite name="default" tests="32" assertions="66" errors="0" failures="0" skipped="0" time="0.155360">
      <testsuite name="App\Game\CardHandTest" file="/home/challe_p/dbwebb-kurser/mvc/me/report/tests/CardHandTest.php" tests="4" assertions="8" errors="0" failures="0" skipped="0" time="0.051887">
        <testcase name="testCreateCardHand" file="/home/challe_p/dbwebb-kurser/mvc/me/report/tests/CardHandTest.php" line="23" class="App\Game\CardHandTest" classname="App.Game.CardHandTest" assertions="2" time="0.043092"/>
        <testcase name="testDraw" file="/home/challe_p/dbwebb-kurser/mvc/me/report/tests/CardHandTest.php" line="30" class="App\Game\CardHandTest" classname="App.Game.CardHandTest" assertions="1" time="0.002941"/>
        <testcase name="testRemoveCard" file="/home/challe_p/dbwebb-kurser/mvc/me/report/tests/CardHandTest.php" line="38" class="App\Game\CardHandTest" classname="App.Game.CardHandTest" assertions="2" time="0.002613"/>
        <testcase name="testAddCard" file="/home/challe_p/dbwebb-kurser/mvc/me/report/tests/CardHandTest.php" line="46" class="App\Game\CardHandTest" classname="App.Game.CardHandTest" assertions="3" time="0.003241"/>
      </testsuite>
      <testsuite name="App\Game\DeckOfCardsTest" file="/home/challe_p/dbwebb-kurser/mvc/me/report/tests/DeckOfCardsTest.php" tests="6" assertions="13" errors="0" failures="0" skipped="0" time="0.025602">
        <testcase name="testDrawCard" file="/home/challe_p/dbwebb-kurser/mvc/me/report/tests/DeckOfCardsTest.php" line="61" class="App\Game\DeckOfCardsTest" classname="App.Game.DeckOfCardsTest" assertions="3" time="0.006267"/>
        <testcase name="testPrintAll" file="/home/challe_p/dbwebb-kurser/mvc/me/report/tests/DeckOfCardsTest.php" line="31" class="App\Game\DeckOfCardsTest" classname="App.Game.DeckOfCardsTest" assertions="1" time="0.003509"/>
        <testcase name="testGetCards" file="/home/challe_p/dbwebb-kurser/mvc/me/report/tests/DeckOfCardsTest.php" line="46" class="App\Game\DeckOfCardsTest" classname="App.Game.DeckOfCardsTest" assertions="1" time="0.003030"/>
        <testcase name="testShuffle" file="/home/challe_p/dbwebb-kurser/mvc/me/report/tests/DeckOfCardsTest.php" line="52" class="App\Game\DeckOfCardsTest" classname="App.Game.DeckOfCardsTest" assertions="1" time="0.003226"/>
        <testcase name="testShuffleDrawn" file="/home/challe_p/dbwebb-kurser/mvc/me/report/tests/DeckOfCardsTest.php" line="73" class="App\Game\DeckOfCardsTest" classname="App.Game.DeckOfCardsTest" assertions="6" time="0.006291"/>
        <testcase name="testCreateDeckOfCards" file="/home/challe_p/dbwebb-kurser/mvc/me/report/tests/DeckOfCardsTest.php" line="25" class="App\Game\DeckOfCardsTest" classname="App.Game.DeckOfCardsTest" assertions="1" time="0.003278"/>
      </testsuite>
      <testsuite name="App\Game\CardTest" file="/home/challe_p/dbwebb-kurser/mvc/me/report/tests/CardTest.php" tests="3" assertions="5" errors="0" failures="0" skipped="0" time="0.007810">
        <testcase name="testgetImagePath" file="/home/challe_p/dbwebb-kurser/mvc/me/report/tests/CardTest.php" line="29" class="App\Game\CardTest" classname="App.Game.CardTest" assertions="1" time="0.002325"/>
        <testcase name="testToString" file="/home/challe_p/dbwebb-kurser/mvc/me/report/tests/CardTest.php" line="37" class="App\Game\CardTest" classname="App.Game.CardTest" assertions="1" time="0.002118"/>
        <testcase name="testCreateCard" file="/home/challe_p/dbwebb-kurser/mvc/me/report/tests/CardTest.php" line="18" class="App\Game\CardTest" classname="App.Game.CardTest" assertions="3" time="0.003366"/>
      </testsuite>
      <testsuite name="App\Game\Exceptions\ExceptionsTest" file="/home/challe_p/dbwebb-kurser/mvc/me/report/tests/ExceptionsTest.php" tests="1" assertions="2" errors="0" failures="0" skipped="0" time="0.002212">
        <testcase name="testCreateEmptyDeckException" file="/home/challe_p/dbwebb-kurser/mvc/me/report/tests/ExceptionsTest.php" line="18" class="App\Game\Exceptions\ExceptionsTest" classname="App.Game.Exceptions.ExceptionsTest" assertions="2" time="0.002212"/>
      </testsuite>
      <testsuite name="App\Game\GameLogicTest" file="/home/challe_p/dbwebb-kurser/mvc/me/report/tests/GameLogicTest.php" tests="6" assertions="16" errors="0" failures="0" skipped="0" time="0.028634">
        <testcase name="testPlay" file="/home/challe_p/dbwebb-kurser/mvc/me/report/tests/GameLogicTest.php" line="50" class="App\Game\GameLogicTest" classname="App.Game.GameLogicTest" assertions="5" time="0.005220"/>
        <testcase name="testPlayHoldBank" file="/home/challe_p/dbwebb-kurser/mvc/me/report/tests/GameLogicTest.php" line="65" class="App\Game\GameLogicTest" classname="App.Game.GameLogicTest" assertions="5" time="0.004197"/>
        <testcase name="testPlayerHigherScore" file="/home/challe_p/dbwebb-kurser/mvc/me/report/tests/GameLogicTest.php" line="80" class="App\Game\GameLogicTest" classname="App.Game.GameLogicTest" assertions="2" time="0.004524"/>
        <testcase name="testPlayerWin" file="/home/challe_p/dbwebb-kurser/mvc/me/report/tests/GameLogicTest.php" line="94" class="App\Game\GameLogicTest" classname="App.Game.GameLogicTest" assertions="2" time="0.004026"/>
        <testcase name="testOutOfBoundsException" file="/home/challe_p/dbwebb-kurser/mvc/me/report/tests/GameLogicTest.php" line="106" class="App\Game\GameLogicTest" classname="App.Game.GameLogicTest" assertions="1" time="0.006937"/>
        <testcase name="testCreateGameLogic" file="/home/challe_p/dbwebb-kurser/mvc/me/report/tests/GameLogicTest.php" line="41" class="App\Game\GameLogicTest" classname="App.Game.GameLogicTest" assertions="1" time="0.003730"/>
      </testsuite>
      <testsuite name="App\Game\PlayerTest" file="/home/challe_p/dbwebb-kurser/mvc/me/report/tests/PlayerTest.php" tests="5" assertions="13" errors="0" failures="0" skipped="0" time="0.017229">
        <testcase name="testCreatePlayer" file="/home/challe_p/dbwebb-kurser/mvc/me/report/tests/PlayerTest.php" line="27" class="App\Game\PlayerTest" classname="App.Game.PlayerTest" assertions="3" time="0.003445"/>
        <testcase name="testSetName" file="/home/challe_p/dbwebb-kurser/mvc/me/report/tests/PlayerTest.php" line="35" class="App\Game\PlayerTest" classname="App.Game.PlayerTest" assertions="2" time="0.003650"/>
        <testcase name="testSetScore" file="/home/challe_p/dbwebb-kurser/mvc/me/report/tests/PlayerTest.php" line="43" class="App\Game\PlayerTest" classname="App.Game.PlayerTest" assertions="2" time="0.003493"/>
        <testcase name="testGetHand" file="/home/challe_p/dbwebb-kurser/mvc/me/report/tests/PlayerTest.php" line="51" class="App\Game\PlayerTest" classname="App.Game.PlayerTest" assertions="2" time="0.003406"/>
        <testcase name="testSetHand" file="/home/challe_p/dbwebb-kurser/mvc/me/report/tests/PlayerTest.php" line="58" class="App\Game\PlayerTest" classname="App.Game.PlayerTest" assertions="4" time="0.003235"/>
      </testsuite>
      <testsuite name="App\Game\RulesTest" file="/home/challe_p/dbwebb-kurser/mvc/me/report/tests/RulesTest.php" tests="6" assertions="7" errors="0" failures="0" skipped="0" time="0.018206">
        <testcase name="testCreateRules" file="/home/challe_p/dbwebb-kurser/mvc/me/report/tests/RulesTest.php" line="26" class="App\Game\RulesTest" classname="App.Game.RulesTest" assertions="1" time="0.002725"/>
        <testcase name="testCreateCustom" file="/home/challe_p/dbwebb-kurser/mvc/me/report/tests/RulesTest.php" line="32" class="App\Game\RulesTest" classname="App.Game.RulesTest" assertions="1" time="0.002634"/>
        <testcase name="testTranslator" file="/home/challe_p/dbwebb-kurser/mvc/me/report/tests/RulesTest.php" line="38" class="App\Game\RulesTest" classname="App.Game.RulesTest" assertions="1" time="0.003280"/>
        <testcase name="testTranslatorMax" file="/home/challe_p/dbwebb-kurser/mvc/me/report/tests/RulesTest.php" line="46" class="App\Game\RulesTest" classname="App.Game.RulesTest" assertions="1" time="0.003219"/>
        <testcase name="testTranslatorNoAces" file="/home/challe_p/dbwebb-kurser/mvc/me/report/tests/RulesTest.php" line="54" class="App\Game\RulesTest" classname="App.Game.RulesTest" assertions="1" time="0.003168"/>
        <testcase name="testMaxAces" file="/home/challe_p/dbwebb-kurser/mvc/me/report/tests/RulesTest.php" line="63" class="App\Game\RulesTest" classname="App.Game.RulesTest" assertions="2" time="0.003180"/>
      </testsuite>
      <testsuite name="App\Game\TarotDeckTest" file="/home/challe_p/dbwebb-kurser/mvc/me/report/tests/TarotDeckTest.php" tests="1" assertions="2" errors="0" failures="0" skipped="0" time="0.003781">
        <testcase name="testCreateTarotDeck" file="/home/challe_p/dbwebb-kurser/mvc/me/report/tests/TarotDeckTest.php" line="21" class="App\Game\TarotDeckTest" classname="App.Game.TarotDeckTest" assertions="2" time="0.003781"/>
      </testsuite>
    </testsuite>
  </testsuite>
</testsuites>
