<?xml version="1.0" encoding="UTF-8"?>
<testsuites>
  <testsuite name="/Users/challe_p/dbwebb-kurser/mvc/me/report/phpunit.xml.dist" tests="143" assertions="364" errors="0" failures="0" skipped="0" time="2.081137">
    <testsuite name="Project Test Suite" tests="143" assertions="364" errors="0" failures="0" skipped="0" time="2.081137">
      <testsuite name="App\Game\CardHandTest" file="/Users/challe_p/dbwebb-kurser/mvc/me/report/tests/CardHandTest.php" tests="5" assertions="9" errors="0" failures="0" skipped="0" time="0.034220">
        <testcase name="testCreateCardHand" file="/Users/challe_p/dbwebb-kurser/mvc/me/report/tests/CardHandTest.php" line="18" class="App\Game\CardHandTest" classname="App.Game.CardHandTest" assertions="2" time="0.031390"/>
        <testcase name="testDraw" file="/Users/challe_p/dbwebb-kurser/mvc/me/report/tests/CardHandTest.php" line="25" class="App\Game\CardHandTest" classname="App.Game.CardHandTest" assertions="1" time="0.000810"/>
        <testcase name="testRemoveCard" file="/Users/challe_p/dbwebb-kurser/mvc/me/report/tests/CardHandTest.php" line="33" class="App\Game\CardHandTest" classname="App.Game.CardHandTest" assertions="2" time="0.000705"/>
        <testcase name="testEmptyHand" file="/Users/challe_p/dbwebb-kurser/mvc/me/report/tests/CardHandTest.php" line="41" class="App\Game\CardHandTest" classname="App.Game.CardHandTest" assertions="1" time="0.000656"/>
        <testcase name="testAddCard" file="/Users/challe_p/dbwebb-kurser/mvc/me/report/tests/CardHandTest.php" line="47" class="App\Game\CardHandTest" classname="App.Game.CardHandTest" assertions="3" time="0.000659"/>
      </testsuite>
      <testsuite name="App\Game\CardTest" file="/Users/challe_p/dbwebb-kurser/mvc/me/report/tests/CardTest.php" tests="3" assertions="5" errors="0" failures="0" skipped="0" time="0.001726">
        <testcase name="testCreateCard" file="/Users/challe_p/dbwebb-kurser/mvc/me/report/tests/CardTest.php" line="16" class="App\Game\CardTest" classname="App.Game.CardTest" assertions="3" time="0.000585"/>
        <testcase name="testgetImagePath" file="/Users/challe_p/dbwebb-kurser/mvc/me/report/tests/CardTest.php" line="27" class="App\Game\CardTest" classname="App.Game.CardTest" assertions="1" time="0.000570"/>
        <testcase name="testToString" file="/Users/challe_p/dbwebb-kurser/mvc/me/report/tests/CardTest.php" line="35" class="App\Game\CardTest" classname="App.Game.CardTest" assertions="1" time="0.000571"/>
      </testsuite>
      <testsuite name="App\Tests\Controller\GameApiControllerTest" file="/Users/challe_p/dbwebb-kurser/mvc/me/report/tests/Controller/GameApiControllerTest.php" tests="7" assertions="15" errors="0" failures="0" skipped="0" time="0.103724">
        <testcase name="testApiDeck" file="/Users/challe_p/dbwebb-kurser/mvc/me/report/tests/Controller/GameApiControllerTest.php" line="10" class="App\Tests\Controller\GameApiControllerTest" classname="App.Tests.Controller.GameApiControllerTest" assertions="3" time="0.075399"/>
        <testcase name="testApiDeckShuffleApi" file="/Users/challe_p/dbwebb-kurser/mvc/me/report/tests/Controller/GameApiControllerTest.php" line="77" class="App\Tests\Controller\GameApiControllerTest" classname="App.Tests.Controller.GameApiControllerTest" assertions="2" time="0.004724"/>
        <testcase name="testApiDeckDraw" file="/Users/challe_p/dbwebb-kurser/mvc/me/report/tests/Controller/GameApiControllerTest.php" line="86" class="App\Tests\Controller\GameApiControllerTest" classname="App.Tests.Controller.GameApiControllerTest" assertions="2" time="0.004890"/>
        <testcase name="testApiDeckDeal" file="/Users/challe_p/dbwebb-kurser/mvc/me/report/tests/Controller/GameApiControllerTest.php" line="96" class="App\Tests\Controller\GameApiControllerTest" classname="App.Tests.Controller.GameApiControllerTest" assertions="2" time="0.004691"/>
        <testcase name="testApiDeckDealTooMany" file="/Users/challe_p/dbwebb-kurser/mvc/me/report/tests/Controller/GameApiControllerTest.php" line="109" class="App\Tests\Controller\GameApiControllerTest" classname="App.Tests.Controller.GameApiControllerTest" assertions="2" time="0.004625"/>
        <testcase name="testApiDeckDealWrongInput" file="/Users/challe_p/dbwebb-kurser/mvc/me/report/tests/Controller/GameApiControllerTest.php" line="122" class="App\Tests\Controller\GameApiControllerTest" classname="App.Tests.Controller.GameApiControllerTest" assertions="2" time="0.005301"/>
        <testcase name="testApiDeckDrawWrongInput" file="/Users/challe_p/dbwebb-kurser/mvc/me/report/tests/Controller/GameApiControllerTest.php" line="135" class="App\Tests\Controller\GameApiControllerTest" classname="App.Tests.Controller.GameApiControllerTest" assertions="2" time="0.004094"/>
      </testsuite>
      <testsuite name="App\Tests\Controller\GameControllerTest" file="/Users/challe_p/dbwebb-kurser/mvc/me/report/tests/Controller/GameControllerTest.php" tests="3" assertions="9" errors="0" failures="0" skipped="0" time="0.041411">
        <testcase name="testFirst" file="/Users/challe_p/dbwebb-kurser/mvc/me/report/tests/Controller/GameControllerTest.php" line="10" class="App\Tests\Controller\GameControllerTest" classname="App.Tests.Controller.GameControllerTest" assertions="3" time="0.024826"/>
        <testcase name="testDeck" file="/Users/challe_p/dbwebb-kurser/mvc/me/report/tests/Controller/GameControllerTest.php" line="19" class="App\Tests\Controller\GameControllerTest" classname="App.Tests.Controller.GameControllerTest" assertions="3" time="0.007960"/>
        <testcase name="testShuffle" file="/Users/challe_p/dbwebb-kurser/mvc/me/report/tests/Controller/GameControllerTest.php" line="28" class="App\Tests\Controller\GameControllerTest" classname="App.Tests.Controller.GameControllerTest" assertions="3" time="0.008624"/>
      </testsuite>
      <testsuite name="App\Tests\Controller\GameDrawControllerTest" file="/Users/challe_p/dbwebb-kurser/mvc/me/report/tests/Controller/GameDrawControllerTest.php" tests="8" assertions="21" errors="0" failures="0" skipped="0" time="0.367030">
        <testcase name="testDraw" file="/Users/challe_p/dbwebb-kurser/mvc/me/report/tests/Controller/GameDrawControllerTest.php" line="10" class="App\Tests\Controller\GameDrawControllerTest" classname="App.Tests.Controller.GameDrawControllerTest" assertions="3" time="0.305241"/>
        <testcase name="testDrawAmount" file="/Users/challe_p/dbwebb-kurser/mvc/me/report/tests/Controller/GameDrawControllerTest.php" line="24" class="App\Tests\Controller\GameDrawControllerTest" classname="App.Tests.Controller.GameDrawControllerTest" assertions="2" time="0.007030"/>
        <testcase name="testDrawTooMany" file="/Users/challe_p/dbwebb-kurser/mvc/me/report/tests/Controller/GameDrawControllerTest.php" line="33" class="App\Tests\Controller\GameDrawControllerTest" classname="App.Tests.Controller.GameDrawControllerTest" assertions="4" time="0.006950"/>
        <testcase name="testDeal" file="/Users/challe_p/dbwebb-kurser/mvc/me/report/tests/Controller/GameDrawControllerTest.php" line="43" class="App\Tests\Controller\GameDrawControllerTest" classname="App.Tests.Controller.GameDrawControllerTest" assertions="2" time="0.008237"/>
        <testcase name="testDealTooMany" file="/Users/challe_p/dbwebb-kurser/mvc/me/report/tests/Controller/GameDrawControllerTest.php" line="52" class="App\Tests\Controller\GameDrawControllerTest" classname="App.Tests.Controller.GameDrawControllerTest" assertions="4" time="0.006966"/>
        <testcase name="testShuffleDeckToDraw" file="/Users/challe_p/dbwebb-kurser/mvc/me/report/tests/Controller/GameDrawControllerTest.php" line="62" class="App\Tests\Controller\GameDrawControllerTest" classname="App.Tests.Controller.GameDrawControllerTest" assertions="2" time="0.012781"/>
        <testcase name="testDrawAmountPost" file="/Users/challe_p/dbwebb-kurser/mvc/me/report/tests/Controller/GameDrawControllerTest.php" line="72" class="App\Tests\Controller\GameDrawControllerTest" classname="App.Tests.Controller.GameDrawControllerTest" assertions="2" time="0.009802"/>
        <testcase name="testDealPost" file="/Users/challe_p/dbwebb-kurser/mvc/me/report/tests/Controller/GameDrawControllerTest.php" line="82" class="App\Tests\Controller\GameDrawControllerTest" classname="App.Tests.Controller.GameDrawControllerTest" assertions="2" time="0.010025"/>
      </testsuite>
      <testsuite name="App\Tests\Controller\LibraryApiControllerTest" file="/Users/challe_p/dbwebb-kurser/mvc/me/report/tests/Controller/LibraryApiControllerTest.php" tests="2" assertions="2" errors="0" failures="0" skipped="0" time="0.031778">
        <testcase name="testFindAll" file="/Users/challe_p/dbwebb-kurser/mvc/me/report/tests/Controller/LibraryApiControllerTest.php" line="10" class="App\Tests\Controller\LibraryApiControllerTest" classname="App.Tests.Controller.LibraryApiControllerTest" assertions="1" time="0.022675"/>
        <testcase name="testFindNull" file="/Users/challe_p/dbwebb-kurser/mvc/me/report/tests/Controller/LibraryApiControllerTest.php" line="18" class="App\Tests\Controller\LibraryApiControllerTest" classname="App.Tests.Controller.LibraryApiControllerTest" assertions="1" time="0.009104"/>
      </testsuite>
      <testsuite name="App\Tests\Controller\LibraryControllerTest" file="/Users/challe_p/dbwebb-kurser/mvc/me/report/tests/Controller/LibraryControllerTest.php" tests="8" assertions="41" errors="0" failures="0" skipped="0" time="0.191918">
        <testcase name="testLibrary" file="/Users/challe_p/dbwebb-kurser/mvc/me/report/tests/Controller/LibraryControllerTest.php" line="10" class="App\Tests\Controller\LibraryControllerTest" classname="App.Tests.Controller.LibraryControllerTest" assertions="4" time="0.015829"/>
        <testcase name="testShowBookById" file="/Users/challe_p/dbwebb-kurser/mvc/me/report/tests/Controller/LibraryControllerTest.php" line="20" class="App\Tests\Controller\LibraryControllerTest" classname="App.Tests.Controller.LibraryControllerTest" assertions="2" time="0.006655"/>
        <testcase name="testCreateForm" file="/Users/challe_p/dbwebb-kurser/mvc/me/report/tests/Controller/LibraryControllerTest.php" line="29" class="App\Tests\Controller\LibraryControllerTest" classname="App.Tests.Controller.LibraryControllerTest" assertions="2" time="0.005820"/>
        <testcase name="testUpdateBookById" file="/Users/challe_p/dbwebb-kurser/mvc/me/report/tests/Controller/LibraryControllerTest.php" line="38" class="App\Tests\Controller\LibraryControllerTest" classname="App.Tests.Controller.LibraryControllerTest" assertions="2" time="0.009368"/>
        <testcase name="testCreateDelete" file="/Users/challe_p/dbwebb-kurser/mvc/me/report/tests/Controller/LibraryControllerTest.php" line="47" class="App\Tests\Controller\LibraryControllerTest" classname="App.Tests.Controller.LibraryControllerTest" assertions="11" time="0.028479"/>
        <testcase name="testDeleteNotFound" file="/Users/challe_p/dbwebb-kurser/mvc/me/report/tests/Controller/LibraryControllerTest.php" line="83" class="App\Tests\Controller\LibraryControllerTest" classname="App.Tests.Controller.LibraryControllerTest" assertions="1" time="0.073411"/>
        <testcase name="testUpdateBook" file="/Users/challe_p/dbwebb-kurser/mvc/me/report/tests/Controller/LibraryControllerTest.php" line="90" class="App\Tests\Controller\LibraryControllerTest" classname="App.Tests.Controller.LibraryControllerTest" assertions="17" time="0.036906"/>
        <testcase name="testUpdateBookNotFound" file="/Users/challe_p/dbwebb-kurser/mvc/me/report/tests/Controller/LibraryControllerTest.php" line="145" class="App\Tests\Controller\LibraryControllerTest" classname="App.Tests.Controller.LibraryControllerTest" assertions="2" time="0.015450"/>
      </testsuite>
      <testsuite name="App\Tests\Controller\ReportControllerTest" file="/Users/challe_p/dbwebb-kurser/mvc/me/report/tests/Controller/ReportControllerTest.php" tests="7" assertions="19" errors="0" failures="0" skipped="0" time="0.060648">
        <testcase name="testHome" file="/Users/challe_p/dbwebb-kurser/mvc/me/report/tests/Controller/ReportControllerTest.php" line="11" class="App\Tests\Controller\ReportControllerTest" classname="App.Tests.Controller.ReportControllerTest" assertions="3" time="0.011611"/>
        <testcase name="testAbout" file="/Users/challe_p/dbwebb-kurser/mvc/me/report/tests/Controller/ReportControllerTest.php" line="20" class="App\Tests\Controller\ReportControllerTest" classname="App.Tests.Controller.ReportControllerTest" assertions="3" time="0.005695"/>
        <testcase name="testReport" file="/Users/challe_p/dbwebb-kurser/mvc/me/report/tests/Controller/ReportControllerTest.php" line="29" class="App\Tests\Controller\ReportControllerTest" classname="App.Tests.Controller.ReportControllerTest" assertions="3" time="0.013640"/>
        <testcase name="testApi" file="/Users/challe_p/dbwebb-kurser/mvc/me/report/tests/Controller/ReportControllerTest.php" line="38" class="App\Tests\Controller\ReportControllerTest" classname="App.Tests.Controller.ReportControllerTest" assertions="3" time="0.006151"/>
        <testcase name="testApiQuote" file="/Users/challe_p/dbwebb-kurser/mvc/me/report/tests/Controller/ReportControllerTest.php" line="47" class="App\Tests\Controller\ReportControllerTest" classname="App.Tests.Controller.ReportControllerTest" assertions="1" time="0.003230"/>
        <testcase name="testLucky" file="/Users/challe_p/dbwebb-kurser/mvc/me/report/tests/Controller/ReportControllerTest.php" line="55" class="App\Tests\Controller\ReportControllerTest" classname="App.Tests.Controller.ReportControllerTest" assertions="3" time="0.005475"/>
        <testcase name="testMetrics" file="/Users/challe_p/dbwebb-kurser/mvc/me/report/tests/Controller/ReportControllerTest.php" line="64" class="App\Tests\Controller\ReportControllerTest" classname="App.Tests.Controller.ReportControllerTest" assertions="3" time="0.014846"/>
      </testsuite>
      <testsuite name="App\Tests\Controller\SessionControllerTest" file="/Users/challe_p/dbwebb-kurser/mvc/me/report/tests/Controller/SessionControllerTest.php" tests="2" assertions="6" errors="0" failures="0" skipped="0" time="0.019384">
        <testcase name="testSession" file="/Users/challe_p/dbwebb-kurser/mvc/me/report/tests/Controller/SessionControllerTest.php" line="11" class="App\Tests\Controller\SessionControllerTest" classname="App.Tests.Controller.SessionControllerTest" assertions="3" time="0.007572"/>
        <testcase name="testClearSession" file="/Users/challe_p/dbwebb-kurser/mvc/me/report/tests/Controller/SessionControllerTest.php" line="20" class="App\Tests\Controller\SessionControllerTest" classname="App.Tests.Controller.SessionControllerTest" assertions="3" time="0.011812"/>
      </testsuite>
      <testsuite name="App\Tests\Controller\TwentyOneApiControllerTest" file="/Users/challe_p/dbwebb-kurser/mvc/me/report/tests/Controller/TwentyOneApiControllerTest.php" tests="3" assertions="4" errors="0" failures="0" skipped="0" time="0.044292">
        <testcase name="testGameApiEmpty" file="/Users/challe_p/dbwebb-kurser/mvc/me/report/tests/Controller/TwentyOneApiControllerTest.php" line="11" class="App\Tests\Controller\TwentyOneApiControllerTest" classname="App.Tests.Controller.TwentyOneApiControllerTest" assertions="1" time="0.006962"/>
        <testcase name="testGameApi" file="/Users/challe_p/dbwebb-kurser/mvc/me/report/tests/Controller/TwentyOneApiControllerTest.php" line="19" class="App\Tests\Controller\TwentyOneApiControllerTest" classname="App.Tests.Controller.TwentyOneApiControllerTest" assertions="2" time="0.029967"/>
        <testcase name="testStart" file="/Users/challe_p/dbwebb-kurser/mvc/me/report/tests/Controller/TwentyOneApiControllerTest.php" line="40" class="App\Tests\Controller\TwentyOneApiControllerTest" classname="App.Tests.Controller.TwentyOneApiControllerTest" assertions="1" time="0.007363"/>
      </testsuite>
      <testsuite name="App\Tests\Controller\TwentyOneControllerTest" file="/Users/challe_p/dbwebb-kurser/mvc/me/report/tests/Controller/TwentyOneControllerTest.php" tests="6" assertions="15" errors="0" failures="0" skipped="0" time="0.094610">
        <testcase name="testGamePlay" file="/Users/challe_p/dbwebb-kurser/mvc/me/report/tests/Controller/TwentyOneControllerTest.php" line="13" class="App\Tests\Controller\TwentyOneControllerTest" classname="App.Tests.Controller.TwentyOneControllerTest" assertions="2" time="0.031430"/>
        <testcase name="testPlayerWin" file="/Users/challe_p/dbwebb-kurser/mvc/me/report/tests/Controller/TwentyOneControllerTest.php" line="33" class="App\Tests\Controller\TwentyOneControllerTest" classname="App.Tests.Controller.TwentyOneControllerTest" assertions="4" time="0.021896"/>
        <testcase name="testBankWin" file="/Users/challe_p/dbwebb-kurser/mvc/me/report/tests/Controller/TwentyOneControllerTest.php" line="51" class="App\Tests\Controller\TwentyOneControllerTest" classname="App.Tests.Controller.TwentyOneControllerTest" assertions="4" time="0.013619"/>
        <testcase name="testDeckAlmostEmpty" file="/Users/challe_p/dbwebb-kurser/mvc/me/report/tests/Controller/TwentyOneControllerTest.php" line="69" class="App\Tests\Controller\TwentyOneControllerTest" classname="App.Tests.Controller.TwentyOneControllerTest" assertions="3" time="0.013811"/>
        <testcase name="testGameDoc" file="/Users/challe_p/dbwebb-kurser/mvc/me/report/tests/Controller/TwentyOneControllerTest.php" line="83" class="App\Tests\Controller\TwentyOneControllerTest" classname="App.Tests.Controller.TwentyOneControllerTest" assertions="1" time="0.007561"/>
        <testcase name="testStart" file="/Users/challe_p/dbwebb-kurser/mvc/me/report/tests/Controller/TwentyOneControllerTest.php" line="91" class="App\Tests\Controller\TwentyOneControllerTest" classname="App.Tests.Controller.TwentyOneControllerTest" assertions="1" time="0.006292"/>
      </testsuite>
      <testsuite name="App\Tests\Controller\UtilsTest" file="/Users/challe_p/dbwebb-kurser/mvc/me/report/tests/Controller/UtilsTest.php" tests="1" assertions="2" errors="0" failures="0" skipped="0" time="0.006846">
        <testcase name="testNullPlayerArray" file="/Users/challe_p/dbwebb-kurser/mvc/me/report/tests/Controller/UtilsTest.php" line="11" class="App\Tests\Controller\UtilsTest" classname="App.Tests.Controller.UtilsTest" assertions="2" time="0.006846"/>
      </testsuite>
      <testsuite name="App\Game\DeckOfCardsTest" file="/Users/challe_p/dbwebb-kurser/mvc/me/report/tests/DeckOfCardsTest.php" tests="9" assertions="17" errors="0" failures="0" skipped="0" time="0.007319">
        <testcase name="testCreateDeckOfCards" file="/Users/challe_p/dbwebb-kurser/mvc/me/report/tests/DeckOfCardsTest.php" line="20" class="App\Game\DeckOfCardsTest" classname="App.Game.DeckOfCardsTest" assertions="1" time="0.000698"/>
        <testcase name="testPrintAll" file="/Users/challe_p/dbwebb-kurser/mvc/me/report/tests/DeckOfCardsTest.php" line="26" class="App\Game\DeckOfCardsTest" classname="App.Game.DeckOfCardsTest" assertions="1" time="0.000743"/>
        <testcase name="testGetCards" file="/Users/challe_p/dbwebb-kurser/mvc/me/report/tests/DeckOfCardsTest.php" line="41" class="App\Game\DeckOfCardsTest" classname="App.Game.DeckOfCardsTest" assertions="1" time="0.000675"/>
        <testcase name="testShuffle" file="/Users/challe_p/dbwebb-kurser/mvc/me/report/tests/DeckOfCardsTest.php" line="47" class="App\Game\DeckOfCardsTest" classname="App.Game.DeckOfCardsTest" assertions="1" time="0.000699"/>
        <testcase name="testDrawCard" file="/Users/challe_p/dbwebb-kurser/mvc/me/report/tests/DeckOfCardsTest.php" line="56" class="App\Game\DeckOfCardsTest" classname="App.Game.DeckOfCardsTest" assertions="3" time="0.000967"/>
        <testcase name="testShuffleDrawn" file="/Users/challe_p/dbwebb-kurser/mvc/me/report/tests/DeckOfCardsTest.php" line="68" class="App\Game\DeckOfCardsTest" classname="App.Game.DeckOfCardsTest" assertions="6" time="0.001226"/>
        <testcase name="testDrawCards" file="/Users/challe_p/dbwebb-kurser/mvc/me/report/tests/DeckOfCardsTest.php" line="80" class="App\Game\DeckOfCardsTest" classname="App.Game.DeckOfCardsTest" assertions="1" time="0.000689"/>
        <testcase name="testFromString" file="/Users/challe_p/dbwebb-kurser/mvc/me/report/tests/DeckOfCardsTest.php" line="86" class="App\Game\DeckOfCardsTest" classname="App.Game.DeckOfCardsTest" assertions="1" time="0.000825"/>
        <testcase name="testFromStringDrawnCards" file="/Users/challe_p/dbwebb-kurser/mvc/me/report/tests/DeckOfCardsTest.php" line="94" class="App\Game\DeckOfCardsTest" classname="App.Game.DeckOfCardsTest" assertions="2" time="0.000795"/>
      </testsuite>
      <testsuite name="App\Game\Exceptions\ExceptionsTest" file="/Users/challe_p/dbwebb-kurser/mvc/me/report/tests/ExceptionsTest.php" tests="1" assertions="2" errors="0" failures="0" skipped="0" time="0.000613">
        <testcase name="testCreateEmptyDeckException" file="/Users/challe_p/dbwebb-kurser/mvc/me/report/tests/ExceptionsTest.php" line="16" class="App\Game\Exceptions\ExceptionsTest" classname="App.Game.Exceptions.ExceptionsTest" assertions="2" time="0.000613"/>
      </testsuite>
      <testsuite name="App\Game\GameLogicTest" file="/Users/challe_p/dbwebb-kurser/mvc/me/report/tests/GameLogicTest.php" tests="6" assertions="16" errors="0" failures="0" skipped="0" time="0.005540">
        <testcase name="testCreateGameLogic" file="/Users/challe_p/dbwebb-kurser/mvc/me/report/tests/GameLogicTest.php" line="30" class="App\Game\GameLogicTest" classname="App.Game.GameLogicTest" assertions="1" time="0.000794"/>
        <testcase name="testPlay" file="/Users/challe_p/dbwebb-kurser/mvc/me/report/tests/GameLogicTest.php" line="39" class="App\Game\GameLogicTest" classname="App.Game.GameLogicTest" assertions="5" time="0.000950"/>
        <testcase name="testPlayHoldBank" file="/Users/challe_p/dbwebb-kurser/mvc/me/report/tests/GameLogicTest.php" line="54" class="App\Game\GameLogicTest" classname="App.Game.GameLogicTest" assertions="5" time="0.001007"/>
        <testcase name="testPlayerHigherScore" file="/Users/challe_p/dbwebb-kurser/mvc/me/report/tests/GameLogicTest.php" line="69" class="App\Game\GameLogicTest" classname="App.Game.GameLogicTest" assertions="2" time="0.000983"/>
        <testcase name="testPlayerWin" file="/Users/challe_p/dbwebb-kurser/mvc/me/report/tests/GameLogicTest.php" line="83" class="App\Game\GameLogicTest" classname="App.Game.GameLogicTest" assertions="2" time="0.000925"/>
        <testcase name="testOutOfBoundsException" file="/Users/challe_p/dbwebb-kurser/mvc/me/report/tests/GameLogicTest.php" line="95" class="App\Game\GameLogicTest" classname="App.Game.GameLogicTest" assertions="1" time="0.000881"/>
      </testsuite>
      <testsuite name="App\Game\PlayerTest" file="/Users/challe_p/dbwebb-kurser/mvc/me/report/tests/PlayerTest.php" tests="5" assertions="13" errors="0" failures="0" skipped="0" time="0.003574">
        <testcase name="testCreatePlayer" file="/Users/challe_p/dbwebb-kurser/mvc/me/report/tests/PlayerTest.php" line="19" class="App\Game\PlayerTest" classname="App.Game.PlayerTest" assertions="3" time="0.000704"/>
        <testcase name="testSetName" file="/Users/challe_p/dbwebb-kurser/mvc/me/report/tests/PlayerTest.php" line="27" class="App\Game\PlayerTest" classname="App.Game.PlayerTest" assertions="2" time="0.000711"/>
        <testcase name="testSetScore" file="/Users/challe_p/dbwebb-kurser/mvc/me/report/tests/PlayerTest.php" line="35" class="App\Game\PlayerTest" classname="App.Game.PlayerTest" assertions="2" time="0.000699"/>
        <testcase name="testGetHand" file="/Users/challe_p/dbwebb-kurser/mvc/me/report/tests/PlayerTest.php" line="43" class="App\Game\PlayerTest" classname="App.Game.PlayerTest" assertions="2" time="0.000694"/>
        <testcase name="testSetHand" file="/Users/challe_p/dbwebb-kurser/mvc/me/report/tests/PlayerTest.php" line="50" class="App\Game\PlayerTest" classname="App.Game.PlayerTest" assertions="4" time="0.000767"/>
      </testsuite>
      <testsuite name="App\Tests\Controller\ProjectApiControllerPlayTest" file="/Users/challe_p/dbwebb-kurser/mvc/me/report/tests/Project/Controller/ProjectApiControllerPlayTest.php" tests="6" assertions="28" errors="0" failures="0" skipped="0" time="0.248756">
        <testcase name="testApiPlay" file="/Users/challe_p/dbwebb-kurser/mvc/me/report/tests/Project/Controller/ProjectApiControllerPlayTest.php" line="20" class="App\Tests\Controller\ProjectApiControllerPlayTest" classname="App.Tests.Controller.ProjectApiControllerPlayTest" assertions="5" time="0.106643"/>
        <testcase name="testApiPlayNonValid" file="/Users/challe_p/dbwebb-kurser/mvc/me/report/tests/Project/Controller/ProjectApiControllerPlayTest.php" line="32" class="App\Tests\Controller\ProjectApiControllerPlayTest" classname="App.Tests.Controller.ProjectApiControllerPlayTest" assertions="3" time="0.012816"/>
        <testcase name="testApiPostPlay" file="/Users/challe_p/dbwebb-kurser/mvc/me/report/tests/Project/Controller/ProjectApiControllerPlayTest.php" line="42" class="App\Tests\Controller\ProjectApiControllerPlayTest" classname="App.Tests.Controller.ProjectApiControllerPlayTest" assertions="6" time="0.047416"/>
        <testcase name="testApiPostPlayNoGameInt" file="/Users/challe_p/dbwebb-kurser/mvc/me/report/tests/Project/Controller/ProjectApiControllerPlayTest.php" line="58" class="App\Tests\Controller\ProjectApiControllerPlayTest" classname="App.Tests.Controller.ProjectApiControllerPlayTest" assertions="3" time="0.011245"/>
        <testcase name="testApiPostPlayNoGameExists" file="/Users/challe_p/dbwebb-kurser/mvc/me/report/tests/Project/Controller/ProjectApiControllerPlayTest.php" line="71" class="App\Tests\Controller\ProjectApiControllerPlayTest" classname="App.Tests.Controller.ProjectApiControllerPlayTest" assertions="3" time="0.012421"/>
        <testcase name="testApiPostPlayPositionFilled" file="/Users/challe_p/dbwebb-kurser/mvc/me/report/tests/Project/Controller/ProjectApiControllerPlayTest.php" line="84" class="App\Tests\Controller\ProjectApiControllerPlayTest" classname="App.Tests.Controller.ProjectApiControllerPlayTest" assertions="8" time="0.058214"/>
      </testsuite>
      <testsuite name="App\Tests\Controller\ProjectApiControllerTest" file="/Users/challe_p/dbwebb-kurser/mvc/me/report/tests/Project/Controller/ProjectApiControllerTest.php" tests="7" assertions="25" errors="0" failures="0" skipped="0" time="0.235364">
        <testcase name="testApiLanding" file="/Users/challe_p/dbwebb-kurser/mvc/me/report/tests/Project/Controller/ProjectApiControllerTest.php" line="22" class="App\Tests\Controller\ProjectApiControllerTest" classname="App.Tests.Controller.ProjectApiControllerTest" assertions="7" time="0.018301"/>
        <testcase name="testNewGameApi" file="/Users/challe_p/dbwebb-kurser/mvc/me/report/tests/Project/Controller/ProjectApiControllerTest.php" line="46" class="App\Tests\Controller\ProjectApiControllerTest" classname="App.Tests.Controller.ProjectApiControllerTest" assertions="3" time="0.029228"/>
        <testcase name="testHighscoreJson" file="/Users/challe_p/dbwebb-kurser/mvc/me/report/tests/Project/Controller/ProjectApiControllerTest.php" line="61" class="App\Tests\Controller\ProjectApiControllerTest" classname="App.Tests.Controller.ProjectApiControllerTest" assertions="3" time="0.094778"/>
        <testcase name="testPlayerJson" file="/Users/challe_p/dbwebb-kurser/mvc/me/report/tests/Project/Controller/ProjectApiControllerTest.php" line="77" class="App\Tests\Controller\ProjectApiControllerTest" classname="App.Tests.Controller.ProjectApiControllerTest" assertions="4" time="0.036898"/>
        <testcase name="testApiPlayNonValid" file="/Users/challe_p/dbwebb-kurser/mvc/me/report/tests/Project/Controller/ProjectApiControllerTest.php" line="93" class="App\Tests\Controller\ProjectApiControllerTest" classname="App.Tests.Controller.ProjectApiControllerTest" assertions="3" time="0.012686"/>
        <testcase name="testApiShowGameNotNumeric" file="/Users/challe_p/dbwebb-kurser/mvc/me/report/tests/Project/Controller/ProjectApiControllerTest.php" line="103" class="App\Tests\Controller\ProjectApiControllerTest" classname="App.Tests.Controller.ProjectApiControllerTest" assertions="2" time="0.011269"/>
        <testcase name="testDeletePlayer" file="/Users/challe_p/dbwebb-kurser/mvc/me/report/tests/Project/Controller/ProjectApiControllerTest.php" line="111" class="App\Tests\Controller\ProjectApiControllerTest" classname="App.Tests.Controller.ProjectApiControllerTest" assertions="3" time="0.032203"/>
      </testsuite>
      <testsuite name="App\Tests\Controller\ProjectControllerTest" file="/Users/challe_p/dbwebb-kurser/mvc/me/report/tests/Project/Controller/ProjectControllerTest.php" tests="10" assertions="33" errors="0" failures="0" skipped="0" time="0.383854">
        <testcase name="testProjectStart" file="/Users/challe_p/dbwebb-kurser/mvc/me/report/tests/Project/Controller/ProjectControllerTest.php" line="12" class="App\Tests\Controller\ProjectControllerTest" classname="App.Tests.Controller.ProjectControllerTest" assertions="3" time="0.017481"/>
        <testcase name="testProjectPlay" file="/Users/challe_p/dbwebb-kurser/mvc/me/report/tests/Project/Controller/ProjectControllerTest.php" line="21" class="App\Tests\Controller\ProjectControllerTest" classname="App.Tests.Controller.ProjectControllerTest" assertions="3" time="0.089633"/>
        <testcase name="testProjectPlayCard" file="/Users/challe_p/dbwebb-kurser/mvc/me/report/tests/Project/Controller/ProjectControllerTest.php" line="38" class="App\Tests\Controller\ProjectControllerTest" classname="App.Tests.Controller.ProjectControllerTest" assertions="3" time="0.040192"/>
        <testcase name="testProjectPlayCardPositionFilled" file="/Users/challe_p/dbwebb-kurser/mvc/me/report/tests/Project/Controller/ProjectControllerTest.php" line="56" class="App\Tests\Controller\ProjectControllerTest" classname="App.Tests.Controller.ProjectControllerTest" assertions="3" time="0.053296"/>
        <testcase name="testProjectPlayNoSession" file="/Users/challe_p/dbwebb-kurser/mvc/me/report/tests/Project/Controller/ProjectControllerTest.php" line="75" class="App\Tests\Controller\ProjectControllerTest" classname="App.Tests.Controller.ProjectControllerTest" assertions="3" time="0.009653"/>
        <testcase name="testSetNameBet" file="/Users/challe_p/dbwebb-kurser/mvc/me/report/tests/Project/Controller/ProjectControllerTest.php" line="85" class="App\Tests\Controller\ProjectControllerTest" classname="App.Tests.Controller.ProjectControllerTest" assertions="3" time="0.035639"/>
        <testcase name="testSetNameBetWithSession" file="/Users/challe_p/dbwebb-kurser/mvc/me/report/tests/Project/Controller/ProjectControllerTest.php" line="97" class="App\Tests\Controller\ProjectControllerTest" classname="App.Tests.Controller.ProjectControllerTest" assertions="6" time="0.089732"/>
        <testcase name="testAutofill" file="/Users/challe_p/dbwebb-kurser/mvc/me/report/tests/Project/Controller/ProjectControllerTest.php" line="122" class="App\Tests\Controller\ProjectControllerTest" classname="App.Tests.Controller.ProjectControllerTest" assertions="3" time="0.036498"/>
        <testcase name="testMusicPlayer" file="/Users/challe_p/dbwebb-kurser/mvc/me/report/tests/Project/Controller/ProjectControllerTest.php" line="138" class="App\Tests\Controller\ProjectControllerTest" classname="App.Tests.Controller.ProjectControllerTest" assertions="3" time="0.006336"/>
        <testcase name="testAbout" file="/Users/challe_p/dbwebb-kurser/mvc/me/report/tests/Project/Controller/ProjectControllerTest.php" line="148" class="App\Tests\Controller\ProjectControllerTest" classname="App.Tests.Controller.ProjectControllerTest" assertions="3" time="0.005395"/>
      </testsuite>
      <testsuite name="App\Tests\Controller\ProjectDatabaseControllerTest" file="/Users/challe_p/dbwebb-kurser/mvc/me/report/tests/Project/Controller/ProjectDatabaseControllerTest.php" tests="6" assertions="24" errors="0" failures="0" skipped="0" time="0.164384">
        <testcase name="testUpdateWrongSession" file="/Users/challe_p/dbwebb-kurser/mvc/me/report/tests/Project/Controller/ProjectDatabaseControllerTest.php" line="14" class="App\Tests\Controller\ProjectDatabaseControllerTest" classname="App.Tests.Controller.ProjectDatabaseControllerTest" assertions="3" time="0.030508"/>
        <testcase name="testUpdateFinishedWin" file="/Users/challe_p/dbwebb-kurser/mvc/me/report/tests/Project/Controller/ProjectDatabaseControllerTest.php" line="31" class="App\Tests\Controller\ProjectDatabaseControllerTest" classname="App.Tests.Controller.ProjectDatabaseControllerTest" assertions="6" time="0.056603"/>
        <testcase name="testHighscore" file="/Users/challe_p/dbwebb-kurser/mvc/me/report/tests/Project/Controller/ProjectDatabaseControllerTest.php" line="70" class="App\Tests\Controller\ProjectDatabaseControllerTest" classname="App.Tests.Controller.ProjectDatabaseControllerTest" assertions="3" time="0.012896"/>
        <testcase name="testPlayerPage" file="/Users/challe_p/dbwebb-kurser/mvc/me/report/tests/Project/Controller/ProjectDatabaseControllerTest.php" line="79" class="App\Tests\Controller\ProjectDatabaseControllerTest" classname="App.Tests.Controller.ProjectDatabaseControllerTest" assertions="6" time="0.035314"/>
        <testcase name="testLoad" file="/Users/challe_p/dbwebb-kurser/mvc/me/report/tests/Project/Controller/ProjectDatabaseControllerTest.php" line="102" class="App\Tests\Controller\ProjectDatabaseControllerTest" classname="App.Tests.Controller.ProjectDatabaseControllerTest" assertions="3" time="0.013130"/>
        <testcase name="testLoadFail" file="/Users/challe_p/dbwebb-kurser/mvc/me/report/tests/Project/Controller/ProjectDatabaseControllerTest.php" line="112" class="App\Tests\Controller\ProjectDatabaseControllerTest" classname="App.Tests.Controller.ProjectDatabaseControllerTest" assertions="3" time="0.015932"/>
      </testsuite>
      <testsuite name="App\Project\MatTest" file="/Users/challe_p/dbwebb-kurser/mvc/me/report/tests/Project/MatTest.php" tests="5" assertions="7" errors="0" failures="0" skipped="0" time="0.003323">
        <testcase name="testCreateMat" file="/Users/challe_p/dbwebb-kurser/mvc/me/report/tests/Project/MatTest.php" line="13" class="App\Project\MatTest" classname="App.Project.MatTest" assertions="1" time="0.000632"/>
        <testcase name="testPrintEmpty" file="/Users/challe_p/dbwebb-kurser/mvc/me/report/tests/Project/MatTest.php" line="19" class="App\Project\MatTest" classname="App.Project.MatTest" assertions="1" time="0.000666"/>
        <testcase name="testSetCard" file="/Users/challe_p/dbwebb-kurser/mvc/me/report/tests/Project/MatTest.php" line="31" class="App\Project\MatTest" classname="App.Project.MatTest" assertions="3" time="0.000685"/>
        <testcase name="testFromStringEmpty" file="/Users/challe_p/dbwebb-kurser/mvc/me/report/tests/Project/MatTest.php" line="46" class="App\Project\MatTest" classname="App.Project.MatTest" assertions="1" time="0.000655"/>
        <testcase name="testFromString" file="/Users/challe_p/dbwebb-kurser/mvc/me/report/tests/Project/MatTest.php" line="54" class="App\Project\MatTest" classname="App.Project.MatTest" assertions="1" time="0.000685"/>
      </testsuite>
      <testsuite name="App\Entity\GameEntityTest" file="/Users/challe_p/dbwebb-kurser/mvc/me/report/tests/Project/ORM/GameEntityTest.php" tests="1" assertions="1" errors="0" failures="0" skipped="0" time="0.000592">
        <testcase name="testSetType" file="/Users/challe_p/dbwebb-kurser/mvc/me/report/tests/Project/ORM/GameEntityTest.php" line="13" class="App\Entity\GameEntityTest" classname="App.Entity.GameEntityTest" assertions="1" time="0.000592"/>
      </testsuite>
      <testsuite name="App\Repository\GameRepositoryTest" file="/Users/challe_p/dbwebb-kurser/mvc/me/report/tests/Project/ORM/GameRepositoryTest.php" tests="1" assertions="2" errors="0" failures="0" skipped="0" time="0.003707">
        <testcase name="testGetGamesByNoPlayer" file="/Users/challe_p/dbwebb-kurser/mvc/me/report/tests/Project/ORM/GameRepositoryTest.php" line="22" class="App\Repository\GameRepositoryTest" classname="App.Repository.GameRepositoryTest" assertions="2" time="0.003707"/>
      </testsuite>
      <testsuite name="App\Entity\PlayerEntityTest" file="/Users/challe_p/dbwebb-kurser/mvc/me/report/tests/Project/ORM/PlayerEntityTest.php" tests="1" assertions="1" errors="0" failures="0" skipped="0" time="0.000596">
        <testcase name="testSetId" file="/Users/challe_p/dbwebb-kurser/mvc/me/report/tests/Project/ORM/PlayerEntityTest.php" line="13" class="App\Entity\PlayerEntityTest" classname="App.Entity.PlayerEntityTest" assertions="1" time="0.000596"/>
      </testsuite>
      <testsuite name="App\Project\PokerLogicTest" file="/Users/challe_p/dbwebb-kurser/mvc/me/report/tests/Project/PokerLogicTest.php" tests="3" assertions="14" errors="0" failures="0" skipped="0" time="0.003330">
        <testcase name="testCreateMat" file="/Users/challe_p/dbwebb-kurser/mvc/me/report/tests/Project/PokerLogicTest.php" line="13" class="App\Project\PokerLogicTest" classname="App.Project.PokerLogicTest" assertions="1" time="0.000769"/>
        <testcase name="testAutofill" file="/Users/challe_p/dbwebb-kurser/mvc/me/report/tests/Project/PokerLogicTest.php" line="19" class="App\Project\PokerLogicTest" classname="App.Project.PokerLogicTest" assertions="10" time="0.001194"/>
        <testcase name="testScoring" file="/Users/challe_p/dbwebb-kurser/mvc/me/report/tests/Project/PokerLogicTest.php" line="31" class="App\Project\PokerLogicTest" classname="App.Project.PokerLogicTest" assertions="3" time="0.001367"/>
      </testsuite>
      <testsuite name="App\Project\RowTest" file="/Users/challe_p/dbwebb-kurser/mvc/me/report/tests/Project/RowTest.php" tests="6" assertions="10" errors="0" failures="0" skipped="0" time="0.003746">
        <testcase name="testCreateRow" file="/Users/challe_p/dbwebb-kurser/mvc/me/report/tests/Project/RowTest.php" line="18" class="App\Project\RowTest" classname="App.Project.RowTest" assertions="2" time="0.000594"/>
        <testcase name="testSetCard" file="/Users/challe_p/dbwebb-kurser/mvc/me/report/tests/Project/RowTest.php" line="25" class="App\Project\RowTest" classname="App.Project.RowTest" assertions="2" time="0.000633"/>
        <testcase name="testSetCardFull" file="/Users/challe_p/dbwebb-kurser/mvc/me/report/tests/Project/RowTest.php" line="36" class="App\Project\RowTest" classname="App.Project.RowTest" assertions="2" time="0.000644"/>
        <testcase name="testToString" file="/Users/challe_p/dbwebb-kurser/mvc/me/report/tests/Project/RowTest.php" line="45" class="App\Project\RowTest" classname="App.Project.RowTest" assertions="1" time="0.000613"/>
        <testcase name="testIsFilled" file="/Users/challe_p/dbwebb-kurser/mvc/me/report/tests/Project/RowTest.php" line="54" class="App\Project\RowTest" classname="App.Project.RowTest" assertions="2" time="0.000665"/>
        <testcase name="testSetGetScore" file="/Users/challe_p/dbwebb-kurser/mvc/me/report/tests/Project/RowTest.php" line="66" class="App\Project\RowTest" classname="App.Project.RowTest" assertions="1" time="0.000597"/>
      </testsuite>
      <testsuite name="App\Project\StraightFlushRulesTest" file="/Users/challe_p/dbwebb-kurser/mvc/me/report/tests/Project/StraightFlushRulesTest.php" tests="9" assertions="9" errors="0" failures="0" skipped="0" time="0.007480">
        <testcase name="testStraightNonRoyalNonFlush" file="/Users/challe_p/dbwebb-kurser/mvc/me/report/tests/Project/StraightFlushRulesTest.php" line="14" class="App\Project\StraightFlushRulesTest" classname="App.Project.StraightFlushRulesTest" assertions="1" time="0.000720"/>
        <testcase name="testStraightFlush" file="/Users/challe_p/dbwebb-kurser/mvc/me/report/tests/Project/StraightFlushRulesTest.php" line="26" class="App\Project\StraightFlushRulesTest" classname="App.Project.StraightFlushRulesTest" assertions="1" time="0.000701"/>
        <testcase name="testRoyalFlush" file="/Users/challe_p/dbwebb-kurser/mvc/me/report/tests/Project/StraightFlushRulesTest.php" line="38" class="App\Project\StraightFlushRulesTest" classname="App.Project.StraightFlushRulesTest" assertions="1" time="0.000749"/>
        <testcase name="testFlush" file="/Users/challe_p/dbwebb-kurser/mvc/me/report/tests/Project/StraightFlushRulesTest.php" line="50" class="App\Project\StraightFlushRulesTest" classname="App.Project.StraightFlushRulesTest" assertions="1" time="0.000737"/>
        <testcase name="testFlushNoStraightWithAce" file="/Users/challe_p/dbwebb-kurser/mvc/me/report/tests/Project/StraightFlushRulesTest.php" line="62" class="App\Project\StraightFlushRulesTest" classname="App.Project.StraightFlushRulesTest" assertions="1" time="0.000761"/>
        <testcase name="testStraightWithAce" file="/Users/challe_p/dbwebb-kurser/mvc/me/report/tests/Project/StraightFlushRulesTest.php" line="74" class="App\Project\StraightFlushRulesTest" classname="App.Project.StraightFlushRulesTest" assertions="1" time="0.000726"/>
        <testcase name="testNothing" file="/Users/challe_p/dbwebb-kurser/mvc/me/report/tests/Project/StraightFlushRulesTest.php" line="86" class="App\Project\StraightFlushRulesTest" classname="App.Project.StraightFlushRulesTest" assertions="1" time="0.000681"/>
        <testcase name="testUnfilledRow" file="/Users/challe_p/dbwebb-kurser/mvc/me/report/tests/Project/StraightFlushRulesTest.php" line="98" class="App\Project\StraightFlushRulesTest" classname="App.Project.StraightFlushRulesTest" assertions="1" time="0.000631"/>
        <testcase name="testInvalidRow" file="/Users/challe_p/dbwebb-kurser/mvc/me/report/tests/Project/StraightFlushRulesTest.php" line="106" class="App\Project\StraightFlushRulesTest" classname="App.Project.StraightFlushRulesTest" assertions="1" time="0.001775"/>
      </testsuite>
      <testsuite name="App\Project\UniqueValuesRulesTest" file="/Users/challe_p/dbwebb-kurser/mvc/me/report/tests/Project/UniqueValuesRulesTest.php" tests="5" assertions="5" errors="0" failures="0" skipped="0" time="0.003450">
        <testcase name="testFullHouse" file="/Users/challe_p/dbwebb-kurser/mvc/me/report/tests/Project/UniqueValuesRulesTest.php" line="13" class="App\Project\UniqueValuesRulesTest" classname="App.Project.UniqueValuesRulesTest" assertions="1" time="0.000699"/>
        <testcase name="testFourOfAKind" file="/Users/challe_p/dbwebb-kurser/mvc/me/report/tests/Project/UniqueValuesRulesTest.php" line="25" class="App\Project\UniqueValuesRulesTest" classname="App.Project.UniqueValuesRulesTest" assertions="1" time="0.000686"/>
        <testcase name="testPair" file="/Users/challe_p/dbwebb-kurser/mvc/me/report/tests/Project/UniqueValuesRulesTest.php" line="37" class="App\Project\UniqueValuesRulesTest" classname="App.Project.UniqueValuesRulesTest" assertions="1" time="0.000678"/>
        <testcase name="testTwoPair" file="/Users/challe_p/dbwebb-kurser/mvc/me/report/tests/Project/UniqueValuesRulesTest.php" line="49" class="App\Project\UniqueValuesRulesTest" classname="App.Project.UniqueValuesRulesTest" assertions="1" time="0.000692"/>
        <testcase name="testThreeOfAKind" file="/Users/challe_p/dbwebb-kurser/mvc/me/report/tests/Project/UniqueValuesRulesTest.php" line="61" class="App\Project\UniqueValuesRulesTest" classname="App.Project.UniqueValuesRulesTest" assertions="1" time="0.000695"/>
      </testsuite>
      <testsuite name="App\Game\RulesTest" file="/Users/challe_p/dbwebb-kurser/mvc/me/report/tests/RulesTest.php" tests="6" assertions="7" errors="0" failures="0" skipped="0" time="0.004386">
        <testcase name="testCreateRules" file="/Users/challe_p/dbwebb-kurser/mvc/me/report/tests/RulesTest.php" line="19" class="App\Game\RulesTest" classname="App.Game.RulesTest" assertions="1" time="0.000704"/>
        <testcase name="testCreateCustom" file="/Users/challe_p/dbwebb-kurser/mvc/me/report/tests/RulesTest.php" line="25" class="App\Game\RulesTest" classname="App.Game.RulesTest" assertions="1" time="0.000653"/>
        <testcase name="testTranslator" file="/Users/challe_p/dbwebb-kurser/mvc/me/report/tests/RulesTest.php" line="31" class="App\Game\RulesTest" classname="App.Game.RulesTest" assertions="1" time="0.000769"/>
        <testcase name="testTranslatorMax" file="/Users/challe_p/dbwebb-kurser/mvc/me/report/tests/RulesTest.php" line="39" class="App\Game\RulesTest" classname="App.Game.RulesTest" assertions="1" time="0.000783"/>
        <testcase name="testTranslatorNoAces" file="/Users/challe_p/dbwebb-kurser/mvc/me/report/tests/RulesTest.php" line="47" class="App\Game\RulesTest" classname="App.Game.RulesTest" assertions="1" time="0.000741"/>
        <testcase name="testMaxAces" file="/Users/challe_p/dbwebb-kurser/mvc/me/report/tests/RulesTest.php" line="56" class="App\Game\RulesTest" classname="App.Game.RulesTest" assertions="2" time="0.000736"/>
      </testsuite>
      <testsuite name="App\Game\TarotDeckTest" file="/Users/challe_p/dbwebb-kurser/mvc/me/report/tests/TarotDeckTest.php" tests="1" assertions="2" errors="0" failures="0" skipped="0" time="0.003533">
        <testcase name="testCreateTarotDeck" file="/Users/challe_p/dbwebb-kurser/mvc/me/report/tests/TarotDeckTest.php" line="16" class="App\Game\TarotDeckTest" classname="App.Game.TarotDeckTest" assertions="2" time="0.003533"/>
      </testsuite>
    </testsuite>
  </testsuite>
</testsuites>
