<?xml version="1.0" encoding="UTF-8"?>
<testsuites>
  <testsuite name="/Users/challe_p/dbwebb-kurser/mvc/me/report/phpunit.xml.dist" tests="147" assertions="387" errors="0" failures="0" skipped="0" time="3.010461">
    <testsuite name="Project Test Suite" tests="147" assertions="387" errors="0" failures="0" skipped="0" time="3.010461">
      <testsuite name="App\Game\CardHandTest" file="/Users/challe_p/dbwebb-kurser/mvc/me/report/tests/CardHandTest.php" tests="5" assertions="9" errors="0" failures="0" skipped="0" time="0.034388">
        <testcase name="testCreateCardHand" file="/Users/challe_p/dbwebb-kurser/mvc/me/report/tests/CardHandTest.php" line="18" class="App\Game\CardHandTest" classname="App.Game.CardHandTest" assertions="2" time="0.031542"/>
        <testcase name="testDraw" file="/Users/challe_p/dbwebb-kurser/mvc/me/report/tests/CardHandTest.php" line="25" class="App\Game\CardHandTest" classname="App.Game.CardHandTest" assertions="1" time="0.000814"/>
        <testcase name="testRemoveCard" file="/Users/challe_p/dbwebb-kurser/mvc/me/report/tests/CardHandTest.php" line="33" class="App\Game\CardHandTest" classname="App.Game.CardHandTest" assertions="2" time="0.000715"/>
        <testcase name="testEmptyHand" file="/Users/challe_p/dbwebb-kurser/mvc/me/report/tests/CardHandTest.php" line="41" class="App\Game\CardHandTest" classname="App.Game.CardHandTest" assertions="1" time="0.000654"/>
        <testcase name="testAddCard" file="/Users/challe_p/dbwebb-kurser/mvc/me/report/tests/CardHandTest.php" line="47" class="App\Game\CardHandTest" classname="App.Game.CardHandTest" assertions="3" time="0.000663"/>
      </testsuite>
      <testsuite name="App\Game\CardTest" file="/Users/challe_p/dbwebb-kurser/mvc/me/report/tests/CardTest.php" tests="3" assertions="5" errors="0" failures="0" skipped="0" time="0.001759">
        <testcase name="testCreateCard" file="/Users/challe_p/dbwebb-kurser/mvc/me/report/tests/CardTest.php" line="16" class="App\Game\CardTest" classname="App.Game.CardTest" assertions="3" time="0.000614"/>
        <testcase name="testgetImagePath" file="/Users/challe_p/dbwebb-kurser/mvc/me/report/tests/CardTest.php" line="27" class="App\Game\CardTest" classname="App.Game.CardTest" assertions="1" time="0.000578"/>
        <testcase name="testToString" file="/Users/challe_p/dbwebb-kurser/mvc/me/report/tests/CardTest.php" line="35" class="App\Game\CardTest" classname="App.Game.CardTest" assertions="1" time="0.000568"/>
      </testsuite>
      <testsuite name="App\Tests\Controller\GameApiControllerTest" file="/Users/challe_p/dbwebb-kurser/mvc/me/report/tests/Controller/GameApiControllerTest.php" tests="7" assertions="15" errors="0" failures="0" skipped="0" time="0.990470">
        <testcase name="testApiDeck" file="/Users/challe_p/dbwebb-kurser/mvc/me/report/tests/Controller/GameApiControllerTest.php" line="10" class="App\Tests\Controller\GameApiControllerTest" classname="App.Tests.Controller.GameApiControllerTest" assertions="3" time="0.960002"/>
        <testcase name="testApiDeckShuffleApi" file="/Users/challe_p/dbwebb-kurser/mvc/me/report/tests/Controller/GameApiControllerTest.php" line="77" class="App\Tests\Controller\GameApiControllerTest" classname="App.Tests.Controller.GameApiControllerTest" assertions="2" time="0.006616"/>
        <testcase name="testApiDeckDraw" file="/Users/challe_p/dbwebb-kurser/mvc/me/report/tests/Controller/GameApiControllerTest.php" line="86" class="App\Tests\Controller\GameApiControllerTest" classname="App.Tests.Controller.GameApiControllerTest" assertions="2" time="0.005098"/>
        <testcase name="testApiDeckDeal" file="/Users/challe_p/dbwebb-kurser/mvc/me/report/tests/Controller/GameApiControllerTest.php" line="96" class="App\Tests\Controller\GameApiControllerTest" classname="App.Tests.Controller.GameApiControllerTest" assertions="2" time="0.004979"/>
        <testcase name="testApiDeckDealTooMany" file="/Users/challe_p/dbwebb-kurser/mvc/me/report/tests/Controller/GameApiControllerTest.php" line="109" class="App\Tests\Controller\GameApiControllerTest" classname="App.Tests.Controller.GameApiControllerTest" assertions="2" time="0.005011"/>
        <testcase name="testApiDeckDealWrongInput" file="/Users/challe_p/dbwebb-kurser/mvc/me/report/tests/Controller/GameApiControllerTest.php" line="122" class="App\Tests\Controller\GameApiControllerTest" classname="App.Tests.Controller.GameApiControllerTest" assertions="2" time="0.004477"/>
        <testcase name="testApiDeckDrawWrongInput" file="/Users/challe_p/dbwebb-kurser/mvc/me/report/tests/Controller/GameApiControllerTest.php" line="135" class="App\Tests\Controller\GameApiControllerTest" classname="App.Tests.Controller.GameApiControllerTest" assertions="2" time="0.004286"/>
      </testsuite>
      <testsuite name="App\Tests\Controller\GameControllerTest" file="/Users/challe_p/dbwebb-kurser/mvc/me/report/tests/Controller/GameControllerTest.php" tests="3" assertions="9" errors="0" failures="0" skipped="0" time="0.050502">
        <testcase name="testFirst" file="/Users/challe_p/dbwebb-kurser/mvc/me/report/tests/Controller/GameControllerTest.php" line="10" class="App\Tests\Controller\GameControllerTest" classname="App.Tests.Controller.GameControllerTest" assertions="3" time="0.031211"/>
        <testcase name="testDeck" file="/Users/challe_p/dbwebb-kurser/mvc/me/report/tests/Controller/GameControllerTest.php" line="19" class="App\Tests\Controller\GameControllerTest" classname="App.Tests.Controller.GameControllerTest" assertions="3" time="0.009843"/>
        <testcase name="testShuffle" file="/Users/challe_p/dbwebb-kurser/mvc/me/report/tests/Controller/GameControllerTest.php" line="28" class="App\Tests\Controller\GameControllerTest" classname="App.Tests.Controller.GameControllerTest" assertions="3" time="0.009448"/>
      </testsuite>
      <testsuite name="App\Tests\Controller\GameDrawControllerTest" file="/Users/challe_p/dbwebb-kurser/mvc/me/report/tests/Controller/GameDrawControllerTest.php" tests="8" assertions="21" errors="0" failures="0" skipped="0" time="0.389001">
        <testcase name="testDraw" file="/Users/challe_p/dbwebb-kurser/mvc/me/report/tests/Controller/GameDrawControllerTest.php" line="10" class="App\Tests\Controller\GameDrawControllerTest" classname="App.Tests.Controller.GameDrawControllerTest" assertions="3" time="0.326049"/>
        <testcase name="testDrawAmount" file="/Users/challe_p/dbwebb-kurser/mvc/me/report/tests/Controller/GameDrawControllerTest.php" line="24" class="App\Tests\Controller\GameDrawControllerTest" classname="App.Tests.Controller.GameDrawControllerTest" assertions="2" time="0.007338"/>
        <testcase name="testDrawTooMany" file="/Users/challe_p/dbwebb-kurser/mvc/me/report/tests/Controller/GameDrawControllerTest.php" line="33" class="App\Tests\Controller\GameDrawControllerTest" classname="App.Tests.Controller.GameDrawControllerTest" assertions="4" time="0.007349"/>
        <testcase name="testDeal" file="/Users/challe_p/dbwebb-kurser/mvc/me/report/tests/Controller/GameDrawControllerTest.php" line="43" class="App\Tests\Controller\GameDrawControllerTest" classname="App.Tests.Controller.GameDrawControllerTest" assertions="2" time="0.008795"/>
        <testcase name="testDealTooMany" file="/Users/challe_p/dbwebb-kurser/mvc/me/report/tests/Controller/GameDrawControllerTest.php" line="52" class="App\Tests\Controller\GameDrawControllerTest" classname="App.Tests.Controller.GameDrawControllerTest" assertions="4" time="0.007417"/>
        <testcase name="testShuffleDeckToDraw" file="/Users/challe_p/dbwebb-kurser/mvc/me/report/tests/Controller/GameDrawControllerTest.php" line="62" class="App\Tests\Controller\GameDrawControllerTest" classname="App.Tests.Controller.GameDrawControllerTest" assertions="2" time="0.011122"/>
        <testcase name="testDrawAmountPost" file="/Users/challe_p/dbwebb-kurser/mvc/me/report/tests/Controller/GameDrawControllerTest.php" line="72" class="App\Tests\Controller\GameDrawControllerTest" classname="App.Tests.Controller.GameDrawControllerTest" assertions="2" time="0.010168"/>
        <testcase name="testDealPost" file="/Users/challe_p/dbwebb-kurser/mvc/me/report/tests/Controller/GameDrawControllerTest.php" line="82" class="App\Tests\Controller\GameDrawControllerTest" classname="App.Tests.Controller.GameDrawControllerTest" assertions="2" time="0.010764"/>
      </testsuite>
      <testsuite name="App\Tests\Controller\LibraryApiControllerTest" file="/Users/challe_p/dbwebb-kurser/mvc/me/report/tests/Controller/LibraryApiControllerTest.php" tests="2" assertions="2" errors="0" failures="0" skipped="0" time="0.028799">
        <testcase name="testFindAll" file="/Users/challe_p/dbwebb-kurser/mvc/me/report/tests/Controller/LibraryApiControllerTest.php" line="10" class="App\Tests\Controller\LibraryApiControllerTest" classname="App.Tests.Controller.LibraryApiControllerTest" assertions="1" time="0.019288"/>
        <testcase name="testFindNull" file="/Users/challe_p/dbwebb-kurser/mvc/me/report/tests/Controller/LibraryApiControllerTest.php" line="18" class="App\Tests\Controller\LibraryApiControllerTest" classname="App.Tests.Controller.LibraryApiControllerTest" assertions="1" time="0.009511"/>
      </testsuite>
      <testsuite name="App\Tests\Controller\LibraryControllerTest" file="/Users/challe_p/dbwebb-kurser/mvc/me/report/tests/Controller/LibraryControllerTest.php" tests="8" assertions="41" errors="0" failures="0" skipped="0" time="0.192385">
        <testcase name="testLibrary" file="/Users/challe_p/dbwebb-kurser/mvc/me/report/tests/Controller/LibraryControllerTest.php" line="10" class="App\Tests\Controller\LibraryControllerTest" classname="App.Tests.Controller.LibraryControllerTest" assertions="4" time="0.008799"/>
        <testcase name="testShowBookById" file="/Users/challe_p/dbwebb-kurser/mvc/me/report/tests/Controller/LibraryControllerTest.php" line="20" class="App\Tests\Controller\LibraryControllerTest" classname="App.Tests.Controller.LibraryControllerTest" assertions="2" time="0.007039"/>
        <testcase name="testCreateForm" file="/Users/challe_p/dbwebb-kurser/mvc/me/report/tests/Controller/LibraryControllerTest.php" line="29" class="App\Tests\Controller\LibraryControllerTest" classname="App.Tests.Controller.LibraryControllerTest" assertions="2" time="0.006224"/>
        <testcase name="testUpdateBookById" file="/Users/challe_p/dbwebb-kurser/mvc/me/report/tests/Controller/LibraryControllerTest.php" line="38" class="App\Tests\Controller\LibraryControllerTest" classname="App.Tests.Controller.LibraryControllerTest" assertions="2" time="0.007215"/>
        <testcase name="testCreateDelete" file="/Users/challe_p/dbwebb-kurser/mvc/me/report/tests/Controller/LibraryControllerTest.php" line="47" class="App\Tests\Controller\LibraryControllerTest" classname="App.Tests.Controller.LibraryControllerTest" assertions="11" time="0.029632"/>
        <testcase name="testDeleteNotFound" file="/Users/challe_p/dbwebb-kurser/mvc/me/report/tests/Controller/LibraryControllerTest.php" line="83" class="App\Tests\Controller\LibraryControllerTest" classname="App.Tests.Controller.LibraryControllerTest" assertions="1" time="0.078830"/>
        <testcase name="testUpdateBook" file="/Users/challe_p/dbwebb-kurser/mvc/me/report/tests/Controller/LibraryControllerTest.php" line="90" class="App\Tests\Controller\LibraryControllerTest" classname="App.Tests.Controller.LibraryControllerTest" assertions="17" time="0.041756"/>
        <testcase name="testUpdateBookNotFound" file="/Users/challe_p/dbwebb-kurser/mvc/me/report/tests/Controller/LibraryControllerTest.php" line="145" class="App\Tests\Controller\LibraryControllerTest" classname="App.Tests.Controller.LibraryControllerTest" assertions="2" time="0.012890"/>
      </testsuite>
      <testsuite name="App\Tests\Controller\ReportControllerTest" file="/Users/challe_p/dbwebb-kurser/mvc/me/report/tests/Controller/ReportControllerTest.php" tests="7" assertions="19" errors="0" failures="0" skipped="0" time="0.059963">
        <testcase name="testHome" file="/Users/challe_p/dbwebb-kurser/mvc/me/report/tests/Controller/ReportControllerTest.php" line="11" class="App\Tests\Controller\ReportControllerTest" classname="App.Tests.Controller.ReportControllerTest" assertions="3" time="0.006413"/>
        <testcase name="testAbout" file="/Users/challe_p/dbwebb-kurser/mvc/me/report/tests/Controller/ReportControllerTest.php" line="20" class="App\Tests\Controller\ReportControllerTest" classname="App.Tests.Controller.ReportControllerTest" assertions="3" time="0.005730"/>
        <testcase name="testReport" file="/Users/challe_p/dbwebb-kurser/mvc/me/report/tests/Controller/ReportControllerTest.php" line="29" class="App\Tests\Controller\ReportControllerTest" classname="App.Tests.Controller.ReportControllerTest" assertions="3" time="0.014098"/>
        <testcase name="testApi" file="/Users/challe_p/dbwebb-kurser/mvc/me/report/tests/Controller/ReportControllerTest.php" line="38" class="App\Tests\Controller\ReportControllerTest" classname="App.Tests.Controller.ReportControllerTest" assertions="3" time="0.006489"/>
        <testcase name="testApiQuote" file="/Users/challe_p/dbwebb-kurser/mvc/me/report/tests/Controller/ReportControllerTest.php" line="47" class="App\Tests\Controller\ReportControllerTest" classname="App.Tests.Controller.ReportControllerTest" assertions="1" time="0.003313"/>
        <testcase name="testLucky" file="/Users/challe_p/dbwebb-kurser/mvc/me/report/tests/Controller/ReportControllerTest.php" line="55" class="App\Tests\Controller\ReportControllerTest" classname="App.Tests.Controller.ReportControllerTest" assertions="3" time="0.005632"/>
        <testcase name="testMetrics" file="/Users/challe_p/dbwebb-kurser/mvc/me/report/tests/Controller/ReportControllerTest.php" line="64" class="App\Tests\Controller\ReportControllerTest" classname="App.Tests.Controller.ReportControllerTest" assertions="3" time="0.018288"/>
      </testsuite>
      <testsuite name="App\Tests\Controller\SessionControllerTest" file="/Users/challe_p/dbwebb-kurser/mvc/me/report/tests/Controller/SessionControllerTest.php" tests="2" assertions="6" errors="0" failures="0" skipped="0" time="0.016289">
        <testcase name="testSession" file="/Users/challe_p/dbwebb-kurser/mvc/me/report/tests/Controller/SessionControllerTest.php" line="11" class="App\Tests\Controller\SessionControllerTest" classname="App.Tests.Controller.SessionControllerTest" assertions="3" time="0.006286"/>
        <testcase name="testClearSession" file="/Users/challe_p/dbwebb-kurser/mvc/me/report/tests/Controller/SessionControllerTest.php" line="20" class="App\Tests\Controller\SessionControllerTest" classname="App.Tests.Controller.SessionControllerTest" assertions="3" time="0.010004"/>
      </testsuite>
      <testsuite name="App\Tests\Controller\TwentyOneApiControllerTest" file="/Users/challe_p/dbwebb-kurser/mvc/me/report/tests/Controller/TwentyOneApiControllerTest.php" tests="3" assertions="4" errors="0" failures="0" skipped="0" time="0.025837">
        <testcase name="testGameApiEmpty" file="/Users/challe_p/dbwebb-kurser/mvc/me/report/tests/Controller/TwentyOneApiControllerTest.php" line="11" class="App\Tests\Controller\TwentyOneApiControllerTest" classname="App.Tests.Controller.TwentyOneApiControllerTest" assertions="1" time="0.004392"/>
        <testcase name="testGameApi" file="/Users/challe_p/dbwebb-kurser/mvc/me/report/tests/Controller/TwentyOneApiControllerTest.php" line="19" class="App\Tests\Controller\TwentyOneApiControllerTest" classname="App.Tests.Controller.TwentyOneApiControllerTest" assertions="2" time="0.013728"/>
        <testcase name="testStart" file="/Users/challe_p/dbwebb-kurser/mvc/me/report/tests/Controller/TwentyOneApiControllerTest.php" line="40" class="App\Tests\Controller\TwentyOneApiControllerTest" classname="App.Tests.Controller.TwentyOneApiControllerTest" assertions="1" time="0.007717"/>
      </testsuite>
      <testsuite name="App\Tests\Controller\TwentyOneControllerTest" file="/Users/challe_p/dbwebb-kurser/mvc/me/report/tests/Controller/TwentyOneControllerTest.php" tests="6" assertions="15" errors="0" failures="0" skipped="0" time="0.086693">
        <testcase name="testGamePlay" file="/Users/challe_p/dbwebb-kurser/mvc/me/report/tests/Controller/TwentyOneControllerTest.php" line="13" class="App\Tests\Controller\TwentyOneControllerTest" classname="App.Tests.Controller.TwentyOneControllerTest" assertions="2" time="0.020346"/>
        <testcase name="testPlayerWin" file="/Users/challe_p/dbwebb-kurser/mvc/me/report/tests/Controller/TwentyOneControllerTest.php" line="33" class="App\Tests\Controller\TwentyOneControllerTest" classname="App.Tests.Controller.TwentyOneControllerTest" assertions="4" time="0.023113"/>
        <testcase name="testBankWin" file="/Users/challe_p/dbwebb-kurser/mvc/me/report/tests/Controller/TwentyOneControllerTest.php" line="51" class="App\Tests\Controller\TwentyOneControllerTest" classname="App.Tests.Controller.TwentyOneControllerTest" assertions="4" time="0.014582"/>
        <testcase name="testDeckAlmostEmpty" file="/Users/challe_p/dbwebb-kurser/mvc/me/report/tests/Controller/TwentyOneControllerTest.php" line="69" class="App\Tests\Controller\TwentyOneControllerTest" classname="App.Tests.Controller.TwentyOneControllerTest" assertions="3" time="0.014227"/>
        <testcase name="testGameDoc" file="/Users/challe_p/dbwebb-kurser/mvc/me/report/tests/Controller/TwentyOneControllerTest.php" line="83" class="App\Tests\Controller\TwentyOneControllerTest" classname="App.Tests.Controller.TwentyOneControllerTest" assertions="1" time="0.007786"/>
        <testcase name="testStart" file="/Users/challe_p/dbwebb-kurser/mvc/me/report/tests/Controller/TwentyOneControllerTest.php" line="91" class="App\Tests\Controller\TwentyOneControllerTest" classname="App.Tests.Controller.TwentyOneControllerTest" assertions="1" time="0.006640"/>
      </testsuite>
      <testsuite name="App\Tests\Controller\UtilsTest" file="/Users/challe_p/dbwebb-kurser/mvc/me/report/tests/Controller/UtilsTest.php" tests="1" assertions="2" errors="0" failures="0" skipped="0" time="0.007126">
        <testcase name="testNullPlayerArray" file="/Users/challe_p/dbwebb-kurser/mvc/me/report/tests/Controller/UtilsTest.php" line="11" class="App\Tests\Controller\UtilsTest" classname="App.Tests.Controller.UtilsTest" assertions="2" time="0.007126"/>
      </testsuite>
      <testsuite name="App\Game\DeckOfCardsTest" file="/Users/challe_p/dbwebb-kurser/mvc/me/report/tests/DeckOfCardsTest.php" tests="10" assertions="20" errors="0" failures="0" skipped="0" time="0.008216">
        <testcase name="testCreateDeckOfCards" file="/Users/challe_p/dbwebb-kurser/mvc/me/report/tests/DeckOfCardsTest.php" line="18" class="App\Game\DeckOfCardsTest" classname="App.Game.DeckOfCardsTest" assertions="1" time="0.000729"/>
        <testcase name="testPrintAll" file="/Users/challe_p/dbwebb-kurser/mvc/me/report/tests/DeckOfCardsTest.php" line="24" class="App\Game\DeckOfCardsTest" classname="App.Game.DeckOfCardsTest" assertions="1" time="0.000724"/>
        <testcase name="testGetCards" file="/Users/challe_p/dbwebb-kurser/mvc/me/report/tests/DeckOfCardsTest.php" line="39" class="App\Game\DeckOfCardsTest" classname="App.Game.DeckOfCardsTest" assertions="1" time="0.000667"/>
        <testcase name="testShuffle" file="/Users/challe_p/dbwebb-kurser/mvc/me/report/tests/DeckOfCardsTest.php" line="45" class="App\Game\DeckOfCardsTest" classname="App.Game.DeckOfCardsTest" assertions="1" time="0.000674"/>
        <testcase name="testDrawCard" file="/Users/challe_p/dbwebb-kurser/mvc/me/report/tests/DeckOfCardsTest.php" line="54" class="App\Game\DeckOfCardsTest" classname="App.Game.DeckOfCardsTest" assertions="3" time="0.000980"/>
        <testcase name="testShuffleDrawn" file="/Users/challe_p/dbwebb-kurser/mvc/me/report/tests/DeckOfCardsTest.php" line="66" class="App\Game\DeckOfCardsTest" classname="App.Game.DeckOfCardsTest" assertions="6" time="0.001227"/>
        <testcase name="testDrawCards" file="/Users/challe_p/dbwebb-kurser/mvc/me/report/tests/DeckOfCardsTest.php" line="78" class="App\Game\DeckOfCardsTest" classname="App.Game.DeckOfCardsTest" assertions="1" time="0.000691"/>
        <testcase name="testFromString" file="/Users/challe_p/dbwebb-kurser/mvc/me/report/tests/DeckOfCardsTest.php" line="84" class="App\Game\DeckOfCardsTest" classname="App.Game.DeckOfCardsTest" assertions="1" time="0.000798"/>
        <testcase name="testFromStringDrawnCards" file="/Users/challe_p/dbwebb-kurser/mvc/me/report/tests/DeckOfCardsTest.php" line="92" class="App\Game\DeckOfCardsTest" classname="App.Game.DeckOfCardsTest" assertions="2" time="0.000864"/>
        <testcase name="testPeekEmptyDeck" file="/Users/challe_p/dbwebb-kurser/mvc/me/report/tests/DeckOfCardsTest.php" line="102" class="App\Game\DeckOfCardsTest" classname="App.Game.DeckOfCardsTest" assertions="3" time="0.000863"/>
      </testsuite>
      <testsuite name="App\Game\Exceptions\ExceptionsTest" file="/Users/challe_p/dbwebb-kurser/mvc/me/report/tests/ExceptionsTest.php" tests="1" assertions="2" errors="0" failures="0" skipped="0" time="0.000659">
        <testcase name="testCreateEmptyDeckException" file="/Users/challe_p/dbwebb-kurser/mvc/me/report/tests/ExceptionsTest.php" line="16" class="App\Game\Exceptions\ExceptionsTest" classname="App.Game.Exceptions.ExceptionsTest" assertions="2" time="0.000659"/>
      </testsuite>
      <testsuite name="App\Game\GameLogicTest" file="/Users/challe_p/dbwebb-kurser/mvc/me/report/tests/GameLogicTest.php" tests="6" assertions="16" errors="0" failures="0" skipped="0" time="0.005702">
        <testcase name="testCreateGameLogic" file="/Users/challe_p/dbwebb-kurser/mvc/me/report/tests/GameLogicTest.php" line="30" class="App\Game\GameLogicTest" classname="App.Game.GameLogicTest" assertions="1" time="0.000853"/>
        <testcase name="testPlay" file="/Users/challe_p/dbwebb-kurser/mvc/me/report/tests/GameLogicTest.php" line="39" class="App\Game\GameLogicTest" classname="App.Game.GameLogicTest" assertions="5" time="0.000995"/>
        <testcase name="testPlayHoldBank" file="/Users/challe_p/dbwebb-kurser/mvc/me/report/tests/GameLogicTest.php" line="54" class="App\Game\GameLogicTest" classname="App.Game.GameLogicTest" assertions="5" time="0.001017"/>
        <testcase name="testPlayerHigherScore" file="/Users/challe_p/dbwebb-kurser/mvc/me/report/tests/GameLogicTest.php" line="69" class="App\Game\GameLogicTest" classname="App.Game.GameLogicTest" assertions="2" time="0.000978"/>
        <testcase name="testPlayerWin" file="/Users/challe_p/dbwebb-kurser/mvc/me/report/tests/GameLogicTest.php" line="83" class="App\Game\GameLogicTest" classname="App.Game.GameLogicTest" assertions="2" time="0.000933"/>
        <testcase name="testOutOfBoundsException" file="/Users/challe_p/dbwebb-kurser/mvc/me/report/tests/GameLogicTest.php" line="95" class="App\Game\GameLogicTest" classname="App.Game.GameLogicTest" assertions="1" time="0.000926"/>
      </testsuite>
      <testsuite name="App\Game\PlayerTest" file="/Users/challe_p/dbwebb-kurser/mvc/me/report/tests/PlayerTest.php" tests="5" assertions="13" errors="0" failures="0" skipped="0" time="0.003756">
        <testcase name="testCreatePlayer" file="/Users/challe_p/dbwebb-kurser/mvc/me/report/tests/PlayerTest.php" line="19" class="App\Game\PlayerTest" classname="App.Game.PlayerTest" assertions="3" time="0.000741"/>
        <testcase name="testSetName" file="/Users/challe_p/dbwebb-kurser/mvc/me/report/tests/PlayerTest.php" line="27" class="App\Game\PlayerTest" classname="App.Game.PlayerTest" assertions="2" time="0.000758"/>
        <testcase name="testSetScore" file="/Users/challe_p/dbwebb-kurser/mvc/me/report/tests/PlayerTest.php" line="35" class="App\Game\PlayerTest" classname="App.Game.PlayerTest" assertions="2" time="0.000750"/>
        <testcase name="testGetHand" file="/Users/challe_p/dbwebb-kurser/mvc/me/report/tests/PlayerTest.php" line="43" class="App\Game\PlayerTest" classname="App.Game.PlayerTest" assertions="2" time="0.000751"/>
        <testcase name="testSetHand" file="/Users/challe_p/dbwebb-kurser/mvc/me/report/tests/PlayerTest.php" line="50" class="App\Game\PlayerTest" classname="App.Game.PlayerTest" assertions="4" time="0.000757"/>
      </testsuite>
      <testsuite name="App\Tests\Controller\ProjectApiControllerPlayTest" file="/Users/challe_p/dbwebb-kurser/mvc/me/report/tests/Project/Controller/ProjectApiControllerPlayTest.php" tests="6" assertions="29" errors="0" failures="0" skipped="0" time="0.209202">
        <testcase name="testApiPlay" file="/Users/challe_p/dbwebb-kurser/mvc/me/report/tests/Project/Controller/ProjectApiControllerPlayTest.php" line="20" class="App\Tests\Controller\ProjectApiControllerPlayTest" classname="App.Tests.Controller.ProjectApiControllerPlayTest" assertions="5" time="0.061881"/>
        <testcase name="testApiPlayNonValid" file="/Users/challe_p/dbwebb-kurser/mvc/me/report/tests/Project/Controller/ProjectApiControllerPlayTest.php" line="32" class="App\Tests\Controller\ProjectApiControllerPlayTest" classname="App.Tests.Controller.ProjectApiControllerPlayTest" assertions="3" time="0.012997"/>
        <testcase name="testApiPostPlay" file="/Users/challe_p/dbwebb-kurser/mvc/me/report/tests/Project/Controller/ProjectApiControllerPlayTest.php" line="42" class="App\Tests\Controller\ProjectApiControllerPlayTest" classname="App.Tests.Controller.ProjectApiControllerPlayTest" assertions="6" time="0.049069"/>
        <testcase name="testApiPostPlayNoGameInt" file="/Users/challe_p/dbwebb-kurser/mvc/me/report/tests/Project/Controller/ProjectApiControllerPlayTest.php" line="58" class="App\Tests\Controller\ProjectApiControllerPlayTest" classname="App.Tests.Controller.ProjectApiControllerPlayTest" assertions="3" time="0.011607"/>
        <testcase name="testApiPostPlayNoGameExists" file="/Users/challe_p/dbwebb-kurser/mvc/me/report/tests/Project/Controller/ProjectApiControllerPlayTest.php" line="71" class="App\Tests\Controller\ProjectApiControllerPlayTest" classname="App.Tests.Controller.ProjectApiControllerPlayTest" assertions="3" time="0.012728"/>
        <testcase name="testApiPostPlayPositionFilled" file="/Users/challe_p/dbwebb-kurser/mvc/me/report/tests/Project/Controller/ProjectApiControllerPlayTest.php" line="84" class="App\Tests\Controller\ProjectApiControllerPlayTest" classname="App.Tests.Controller.ProjectApiControllerPlayTest" assertions="9" time="0.060920"/>
      </testsuite>
      <testsuite name="App\Tests\Controller\ProjectApiControllerTest" file="/Users/challe_p/dbwebb-kurser/mvc/me/report/tests/Project/Controller/ProjectApiControllerTest.php" tests="7" assertions="25" errors="0" failures="0" skipped="0" time="0.285522">
        <testcase name="testApiLanding" file="/Users/challe_p/dbwebb-kurser/mvc/me/report/tests/Project/Controller/ProjectApiControllerTest.php" line="22" class="App\Tests\Controller\ProjectApiControllerTest" classname="App.Tests.Controller.ProjectApiControllerTest" assertions="7" time="0.021746"/>
        <testcase name="testNewGameApi" file="/Users/challe_p/dbwebb-kurser/mvc/me/report/tests/Project/Controller/ProjectApiControllerTest.php" line="46" class="App\Tests\Controller\ProjectApiControllerTest" classname="App.Tests.Controller.ProjectApiControllerTest" assertions="3" time="0.035927"/>
        <testcase name="testHighscoreJson" file="/Users/challe_p/dbwebb-kurser/mvc/me/report/tests/Project/Controller/ProjectApiControllerTest.php" line="61" class="App\Tests\Controller\ProjectApiControllerTest" classname="App.Tests.Controller.ProjectApiControllerTest" assertions="3" time="0.112822"/>
        <testcase name="testPlayerJson" file="/Users/challe_p/dbwebb-kurser/mvc/me/report/tests/Project/Controller/ProjectApiControllerTest.php" line="77" class="App\Tests\Controller\ProjectApiControllerTest" classname="App.Tests.Controller.ProjectApiControllerTest" assertions="4" time="0.042624"/>
        <testcase name="testApiPlayNonValid" file="/Users/challe_p/dbwebb-kurser/mvc/me/report/tests/Project/Controller/ProjectApiControllerTest.php" line="93" class="App\Tests\Controller\ProjectApiControllerTest" classname="App.Tests.Controller.ProjectApiControllerTest" assertions="3" time="0.015305"/>
        <testcase name="testApiShowGameNotNumeric" file="/Users/challe_p/dbwebb-kurser/mvc/me/report/tests/Project/Controller/ProjectApiControllerTest.php" line="103" class="App\Tests\Controller\ProjectApiControllerTest" classname="App.Tests.Controller.ProjectApiControllerTest" assertions="2" time="0.013476"/>
        <testcase name="testDeletePlayer" file="/Users/challe_p/dbwebb-kurser/mvc/me/report/tests/Project/Controller/ProjectApiControllerTest.php" line="111" class="App\Tests\Controller\ProjectApiControllerTest" classname="App.Tests.Controller.ProjectApiControllerTest" assertions="3" time="0.043622"/>
      </testsuite>
      <testsuite name="App\Tests\Controller\ProjectControllerTest" file="/Users/challe_p/dbwebb-kurser/mvc/me/report/tests/Project/Controller/ProjectControllerTest.php" tests="10" assertions="33" errors="0" failures="0" skipped="0" time="0.403607">
        <testcase name="testProjectStart" file="/Users/challe_p/dbwebb-kurser/mvc/me/report/tests/Project/Controller/ProjectControllerTest.php" line="12" class="App\Tests\Controller\ProjectControllerTest" classname="App.Tests.Controller.ProjectControllerTest" assertions="3" time="0.008043"/>
        <testcase name="testProjectPlay" file="/Users/challe_p/dbwebb-kurser/mvc/me/report/tests/Project/Controller/ProjectControllerTest.php" line="21" class="App\Tests\Controller\ProjectControllerTest" classname="App.Tests.Controller.ProjectControllerTest" assertions="3" time="0.103197"/>
        <testcase name="testProjectPlayCard" file="/Users/challe_p/dbwebb-kurser/mvc/me/report/tests/Project/Controller/ProjectControllerTest.php" line="38" class="App\Tests\Controller\ProjectControllerTest" classname="App.Tests.Controller.ProjectControllerTest" assertions="3" time="0.049219"/>
        <testcase name="testProjectPlayCardPositionFilled" file="/Users/challe_p/dbwebb-kurser/mvc/me/report/tests/Project/Controller/ProjectControllerTest.php" line="56" class="App\Tests\Controller\ProjectControllerTest" classname="App.Tests.Controller.ProjectControllerTest" assertions="3" time="0.061635"/>
        <testcase name="testProjectPlayNoSession" file="/Users/challe_p/dbwebb-kurser/mvc/me/report/tests/Project/Controller/ProjectControllerTest.php" line="75" class="App\Tests\Controller\ProjectControllerTest" classname="App.Tests.Controller.ProjectControllerTest" assertions="3" time="0.010770"/>
        <testcase name="testSetNameBet" file="/Users/challe_p/dbwebb-kurser/mvc/me/report/tests/Project/Controller/ProjectControllerTest.php" line="85" class="App\Tests\Controller\ProjectControllerTest" classname="App.Tests.Controller.ProjectControllerTest" assertions="3" time="0.037470"/>
        <testcase name="testSetNameBetWithSession" file="/Users/challe_p/dbwebb-kurser/mvc/me/report/tests/Project/Controller/ProjectControllerTest.php" line="97" class="App\Tests\Controller\ProjectControllerTest" classname="App.Tests.Controller.ProjectControllerTest" assertions="6" time="0.089976"/>
        <testcase name="testAutofill" file="/Users/challe_p/dbwebb-kurser/mvc/me/report/tests/Project/Controller/ProjectControllerTest.php" line="122" class="App\Tests\Controller\ProjectControllerTest" classname="App.Tests.Controller.ProjectControllerTest" assertions="3" time="0.030320"/>
        <testcase name="testMusicPlayer" file="/Users/challe_p/dbwebb-kurser/mvc/me/report/tests/Project/Controller/ProjectControllerTest.php" line="138" class="App\Tests\Controller\ProjectControllerTest" classname="App.Tests.Controller.ProjectControllerTest" assertions="3" time="0.006911"/>
        <testcase name="testAbout" file="/Users/challe_p/dbwebb-kurser/mvc/me/report/tests/Project/Controller/ProjectControllerTest.php" line="148" class="App\Tests\Controller\ProjectControllerTest" classname="App.Tests.Controller.ProjectControllerTest" assertions="3" time="0.006066"/>
      </testsuite>
      <testsuite name="App\Tests\Controller\ProjectDatabaseControllerTest" file="/Users/challe_p/dbwebb-kurser/mvc/me/report/tests/Project/Controller/ProjectDatabaseControllerTest.php" tests="6" assertions="24" errors="0" failures="0" skipped="0" time="0.173480">
        <testcase name="testUpdateWrongSession" file="/Users/challe_p/dbwebb-kurser/mvc/me/report/tests/Project/Controller/ProjectDatabaseControllerTest.php" line="14" class="App\Tests\Controller\ProjectDatabaseControllerTest" classname="App.Tests.Controller.ProjectDatabaseControllerTest" assertions="3" time="0.031649"/>
        <testcase name="testUpdateFinishedWin" file="/Users/challe_p/dbwebb-kurser/mvc/me/report/tests/Project/Controller/ProjectDatabaseControllerTest.php" line="31" class="App\Tests\Controller\ProjectDatabaseControllerTest" classname="App.Tests.Controller.ProjectDatabaseControllerTest" assertions="6" time="0.060331"/>
        <testcase name="testHighscore" file="/Users/challe_p/dbwebb-kurser/mvc/me/report/tests/Project/Controller/ProjectDatabaseControllerTest.php" line="70" class="App\Tests\Controller\ProjectDatabaseControllerTest" classname="App.Tests.Controller.ProjectDatabaseControllerTest" assertions="3" time="0.013923"/>
        <testcase name="testPlayerPage" file="/Users/challe_p/dbwebb-kurser/mvc/me/report/tests/Project/Controller/ProjectDatabaseControllerTest.php" line="79" class="App\Tests\Controller\ProjectDatabaseControllerTest" classname="App.Tests.Controller.ProjectDatabaseControllerTest" assertions="6" time="0.037402"/>
        <testcase name="testLoad" file="/Users/challe_p/dbwebb-kurser/mvc/me/report/tests/Project/Controller/ProjectDatabaseControllerTest.php" line="102" class="App\Tests\Controller\ProjectDatabaseControllerTest" classname="App.Tests.Controller.ProjectDatabaseControllerTest" assertions="3" time="0.013444"/>
        <testcase name="testLoadFail" file="/Users/challe_p/dbwebb-kurser/mvc/me/report/tests/Project/Controller/ProjectDatabaseControllerTest.php" line="112" class="App\Tests\Controller\ProjectDatabaseControllerTest" classname="App.Tests.Controller.ProjectDatabaseControllerTest" assertions="3" time="0.016731"/>
      </testsuite>
      <testsuite name="App\Project\MatTest" file="/Users/challe_p/dbwebb-kurser/mvc/me/report/tests/Project/MatTest.php" tests="5" assertions="7" errors="0" failures="0" skipped="0" time="0.003599">
        <testcase name="testCreateMat" file="/Users/challe_p/dbwebb-kurser/mvc/me/report/tests/Project/MatTest.php" line="13" class="App\Project\MatTest" classname="App.Project.MatTest" assertions="1" time="0.000682"/>
        <testcase name="testPrintEmpty" file="/Users/challe_p/dbwebb-kurser/mvc/me/report/tests/Project/MatTest.php" line="19" class="App\Project\MatTest" classname="App.Project.MatTest" assertions="1" time="0.000707"/>
        <testcase name="testSetCard" file="/Users/challe_p/dbwebb-kurser/mvc/me/report/tests/Project/MatTest.php" line="30" class="App\Project\MatTest" classname="App.Project.MatTest" assertions="3" time="0.000726"/>
        <testcase name="testFromStringEmpty" file="/Users/challe_p/dbwebb-kurser/mvc/me/report/tests/Project/MatTest.php" line="45" class="App\Project\MatTest" classname="App.Project.MatTest" assertions="1" time="0.000710"/>
        <testcase name="testFromString" file="/Users/challe_p/dbwebb-kurser/mvc/me/report/tests/Project/MatTest.php" line="53" class="App\Project\MatTest" classname="App.Project.MatTest" assertions="1" time="0.000773"/>
      </testsuite>
      <testsuite name="App\Repository\GameRepositoryTest" file="/Users/challe_p/dbwebb-kurser/mvc/me/report/tests/Project/ORM/GameRepositoryTest.php" tests="3" assertions="9" errors="0" failures="0" skipped="0" time="0.007827">
        <testcase name="testGetGamesByNoPlayer" file="/Users/challe_p/dbwebb-kurser/mvc/me/report/tests/Project/ORM/GameRepositoryTest.php" line="24" class="App\Repository\GameRepositoryTest" classname="App.Repository.GameRepositoryTest" assertions="3" time="0.003524"/>
        <testcase name="testInvalidGameArray" file="/Users/challe_p/dbwebb-kurser/mvc/me/report/tests/Project/ORM/GameRepositoryTest.php" line="33" class="App\Repository\GameRepositoryTest" classname="App.Repository.GameRepositoryTest" assertions="3" time="0.002178"/>
        <testcase name="testNotArrayValidator" file="/Users/challe_p/dbwebb-kurser/mvc/me/report/tests/Project/ORM/GameRepositoryTest.php" line="43" class="App\Repository\GameRepositoryTest" classname="App.Repository.GameRepositoryTest" assertions="3" time="0.002126"/>
      </testsuite>
      <testsuite name="App\Entity\PlayerEntityTest" file="/Users/challe_p/dbwebb-kurser/mvc/me/report/tests/Project/ORM/PlayerEntityTest.php" tests="1" assertions="1" errors="0" failures="0" skipped="0" time="0.000640">
        <testcase name="testSetId" file="/Users/challe_p/dbwebb-kurser/mvc/me/report/tests/Project/ORM/PlayerEntityTest.php" line="13" class="App\Entity\PlayerEntityTest" classname="App.Entity.PlayerEntityTest" assertions="1" time="0.000640"/>
      </testsuite>
      <testsuite name="App\Project\PokerLogicTest" file="/Users/challe_p/dbwebb-kurser/mvc/me/report/tests/Project/PokerLogicTest.php" tests="5" assertions="27" errors="0" failures="0" skipped="0" time="0.005646">
        <testcase name="testCreateMat" file="/Users/challe_p/dbwebb-kurser/mvc/me/report/tests/Project/PokerLogicTest.php" line="14" class="App\Project\PokerLogicTest" classname="App.Project.PokerLogicTest" assertions="1" time="0.000773"/>
        <testcase name="testAutofill" file="/Users/challe_p/dbwebb-kurser/mvc/me/report/tests/Project/PokerLogicTest.php" line="20" class="App\Project\PokerLogicTest" classname="App.Project.PokerLogicTest" assertions="10" time="0.001301"/>
        <testcase name="testScoring" file="/Users/challe_p/dbwebb-kurser/mvc/me/report/tests/Project/PokerLogicTest.php" line="32" class="App\Project\PokerLogicTest" classname="App.Project.PokerLogicTest" assertions="3" time="0.001462"/>
        <testcase name="testAutofillPositionFull" file="/Users/challe_p/dbwebb-kurser/mvc/me/report/tests/Project/PokerLogicTest.php" line="83" class="App\Project\PokerLogicTest" classname="App.Project.PokerLogicTest" assertions="10" time="0.001285"/>
        <testcase name="testSetCardPositionFull" file="/Users/challe_p/dbwebb-kurser/mvc/me/report/tests/Project/PokerLogicTest.php" line="95" class="App\Project\PokerLogicTest" classname="App.Project.PokerLogicTest" assertions="3" time="0.000826"/>
      </testsuite>
      <testsuite name="App\Project\RowTest" file="/Users/challe_p/dbwebb-kurser/mvc/me/report/tests/Project/RowTest.php" tests="6" assertions="10" errors="0" failures="0" skipped="0" time="0.003948">
        <testcase name="testCreateRow" file="/Users/challe_p/dbwebb-kurser/mvc/me/report/tests/Project/RowTest.php" line="18" class="App\Project\RowTest" classname="App.Project.RowTest" assertions="2" time="0.000630"/>
        <testcase name="testSetCard" file="/Users/challe_p/dbwebb-kurser/mvc/me/report/tests/Project/RowTest.php" line="25" class="App\Project\RowTest" classname="App.Project.RowTest" assertions="2" time="0.000670"/>
        <testcase name="testSetCardFull" file="/Users/challe_p/dbwebb-kurser/mvc/me/report/tests/Project/RowTest.php" line="36" class="App\Project\RowTest" classname="App.Project.RowTest" assertions="2" time="0.000691"/>
        <testcase name="testToString" file="/Users/challe_p/dbwebb-kurser/mvc/me/report/tests/Project/RowTest.php" line="45" class="App\Project\RowTest" classname="App.Project.RowTest" assertions="1" time="0.000646"/>
        <testcase name="testIsFilled" file="/Users/challe_p/dbwebb-kurser/mvc/me/report/tests/Project/RowTest.php" line="54" class="App\Project\RowTest" classname="App.Project.RowTest" assertions="2" time="0.000702"/>
        <testcase name="testSetGetScore" file="/Users/challe_p/dbwebb-kurser/mvc/me/report/tests/Project/RowTest.php" line="66" class="App\Project\RowTest" classname="App.Project.RowTest" assertions="1" time="0.000610"/>
      </testsuite>
      <testsuite name="App\Project\StraightFlushRulesTest" file="/Users/challe_p/dbwebb-kurser/mvc/me/report/tests/Project/StraightFlushRulesTest.php" tests="9" assertions="9" errors="0" failures="0" skipped="0" time="0.006545">
        <testcase name="testStraightNonRoyalNonFlush" file="/Users/challe_p/dbwebb-kurser/mvc/me/report/tests/Project/StraightFlushRulesTest.php" line="14" class="App\Project\StraightFlushRulesTest" classname="App.Project.StraightFlushRulesTest" assertions="1" time="0.000769"/>
        <testcase name="testStraightFlush" file="/Users/challe_p/dbwebb-kurser/mvc/me/report/tests/Project/StraightFlushRulesTest.php" line="26" class="App\Project\StraightFlushRulesTest" classname="App.Project.StraightFlushRulesTest" assertions="1" time="0.000731"/>
        <testcase name="testRoyalFlush" file="/Users/challe_p/dbwebb-kurser/mvc/me/report/tests/Project/StraightFlushRulesTest.php" line="38" class="App\Project\StraightFlushRulesTest" classname="App.Project.StraightFlushRulesTest" assertions="1" time="0.000723"/>
        <testcase name="testFlush" file="/Users/challe_p/dbwebb-kurser/mvc/me/report/tests/Project/StraightFlushRulesTest.php" line="50" class="App\Project\StraightFlushRulesTest" classname="App.Project.StraightFlushRulesTest" assertions="1" time="0.000725"/>
        <testcase name="testFlushNoStraightWithAce" file="/Users/challe_p/dbwebb-kurser/mvc/me/report/tests/Project/StraightFlushRulesTest.php" line="62" class="App\Project\StraightFlushRulesTest" classname="App.Project.StraightFlushRulesTest" assertions="1" time="0.000740"/>
        <testcase name="testStraightWithAce" file="/Users/challe_p/dbwebb-kurser/mvc/me/report/tests/Project/StraightFlushRulesTest.php" line="74" class="App\Project\StraightFlushRulesTest" classname="App.Project.StraightFlushRulesTest" assertions="1" time="0.000733"/>
        <testcase name="testNothing" file="/Users/challe_p/dbwebb-kurser/mvc/me/report/tests/Project/StraightFlushRulesTest.php" line="86" class="App\Project\StraightFlushRulesTest" classname="App.Project.StraightFlushRulesTest" assertions="1" time="0.000718"/>
        <testcase name="testUnfilledRow" file="/Users/challe_p/dbwebb-kurser/mvc/me/report/tests/Project/StraightFlushRulesTest.php" line="98" class="App\Project\StraightFlushRulesTest" classname="App.Project.StraightFlushRulesTest" assertions="1" time="0.000657"/>
        <testcase name="testInvalidRow" file="/Users/challe_p/dbwebb-kurser/mvc/me/report/tests/Project/StraightFlushRulesTest.php" line="106" class="App\Project\StraightFlushRulesTest" classname="App.Project.StraightFlushRulesTest" assertions="1" time="0.000749"/>
      </testsuite>
      <testsuite name="App\Project\UniqueValuesRulesTest" file="/Users/challe_p/dbwebb-kurser/mvc/me/report/tests/Project/UniqueValuesRulesTest.php" tests="5" assertions="5" errors="0" failures="0" skipped="0" time="0.003622">
        <testcase name="testFullHouse" file="/Users/challe_p/dbwebb-kurser/mvc/me/report/tests/Project/UniqueValuesRulesTest.php" line="13" class="App\Project\UniqueValuesRulesTest" classname="App.Project.UniqueValuesRulesTest" assertions="1" time="0.000732"/>
        <testcase name="testFourOfAKind" file="/Users/challe_p/dbwebb-kurser/mvc/me/report/tests/Project/UniqueValuesRulesTest.php" line="25" class="App\Project\UniqueValuesRulesTest" classname="App.Project.UniqueValuesRulesTest" assertions="1" time="0.000730"/>
        <testcase name="testPair" file="/Users/challe_p/dbwebb-kurser/mvc/me/report/tests/Project/UniqueValuesRulesTest.php" line="37" class="App\Project\UniqueValuesRulesTest" classname="App.Project.UniqueValuesRulesTest" assertions="1" time="0.000714"/>
        <testcase name="testTwoPair" file="/Users/challe_p/dbwebb-kurser/mvc/me/report/tests/Project/UniqueValuesRulesTest.php" line="49" class="App\Project\UniqueValuesRulesTest" classname="App.Project.UniqueValuesRulesTest" assertions="1" time="0.000720"/>
        <testcase name="testThreeOfAKind" file="/Users/challe_p/dbwebb-kurser/mvc/me/report/tests/Project/UniqueValuesRulesTest.php" line="61" class="App\Project\UniqueValuesRulesTest" classname="App.Project.UniqueValuesRulesTest" assertions="1" time="0.000727"/>
      </testsuite>
      <testsuite name="App\Game\RulesTest" file="/Users/challe_p/dbwebb-kurser/mvc/me/report/tests/RulesTest.php" tests="6" assertions="7" errors="0" failures="0" skipped="0" time="0.004515">
        <testcase name="testCreateRules" file="/Users/challe_p/dbwebb-kurser/mvc/me/report/tests/RulesTest.php" line="19" class="App\Game\RulesTest" classname="App.Game.RulesTest" assertions="1" time="0.000636"/>
        <testcase name="testCreateCustom" file="/Users/challe_p/dbwebb-kurser/mvc/me/report/tests/RulesTest.php" line="25" class="App\Game\RulesTest" classname="App.Game.RulesTest" assertions="1" time="0.000697"/>
        <testcase name="testTranslator" file="/Users/challe_p/dbwebb-kurser/mvc/me/report/tests/RulesTest.php" line="31" class="App\Game\RulesTest" classname="App.Game.RulesTest" assertions="1" time="0.000798"/>
        <testcase name="testTranslatorMax" file="/Users/challe_p/dbwebb-kurser/mvc/me/report/tests/RulesTest.php" line="39" class="App\Game\RulesTest" classname="App.Game.RulesTest" assertions="1" time="0.000827"/>
        <testcase name="testTranslatorNoAces" file="/Users/challe_p/dbwebb-kurser/mvc/me/report/tests/RulesTest.php" line="47" class="App\Game\RulesTest" classname="App.Game.RulesTest" assertions="1" time="0.000781"/>
        <testcase name="testMaxAces" file="/Users/challe_p/dbwebb-kurser/mvc/me/report/tests/RulesTest.php" line="56" class="App\Game\RulesTest" classname="App.Game.RulesTest" assertions="2" time="0.000776"/>
      </testsuite>
      <testsuite name="App\Game\TarotDeckTest" file="/Users/challe_p/dbwebb-kurser/mvc/me/report/tests/TarotDeckTest.php" tests="1" assertions="2" errors="0" failures="0" skipped="0" time="0.000761">
        <testcase name="testCreateTarotDeck" file="/Users/challe_p/dbwebb-kurser/mvc/me/report/tests/TarotDeckTest.php" line="16" class="App\Game\TarotDeckTest" classname="App.Game.TarotDeckTest" assertions="2" time="0.000761"/>
      </testsuite>
    </testsuite>
  </testsuite>
</testsuites>
