<?xml version="1.0" encoding="UTF-8"?>
<testsuites>
  <testsuite name="/home/challe_p/dbwebb-kurser/mvc/me/report/phpunit.xml.dist" tests="150" assertions="406" errors="0" failures="0" skipped="0" time="20.059281">
    <testsuite name="Project Test Suite" tests="150" assertions="406" errors="0" failures="0" skipped="0" time="20.059281">
      <testsuite name="App\Game\CardHandTest" file="/home/challe_p/dbwebb-kurser/mvc/me/report/tests/CardHandTest.php" tests="5" assertions="9" errors="0" failures="0" skipped="0" time="0.146449">
        <testcase name="testCreateCardHand" file="/home/challe_p/dbwebb-kurser/mvc/me/report/tests/CardHandTest.php" line="18" class="App\Game\CardHandTest" classname="App.Game.CardHandTest" assertions="2" time="0.137529"/>
        <testcase name="testDraw" file="/home/challe_p/dbwebb-kurser/mvc/me/report/tests/CardHandTest.php" line="25" class="App\Game\CardHandTest" classname="App.Game.CardHandTest" assertions="1" time="0.002454"/>
        <testcase name="testRemoveCard" file="/home/challe_p/dbwebb-kurser/mvc/me/report/tests/CardHandTest.php" line="33" class="App\Game\CardHandTest" classname="App.Game.CardHandTest" assertions="2" time="0.002207"/>
        <testcase name="testEmptyHand" file="/home/challe_p/dbwebb-kurser/mvc/me/report/tests/CardHandTest.php" line="41" class="App\Game\CardHandTest" classname="App.Game.CardHandTest" assertions="1" time="0.002089"/>
        <testcase name="testAddCard" file="/home/challe_p/dbwebb-kurser/mvc/me/report/tests/CardHandTest.php" line="47" class="App\Game\CardHandTest" classname="App.Game.CardHandTest" assertions="3" time="0.002170"/>
      </testsuite>
      <testsuite name="App\Game\CardTest" file="/home/challe_p/dbwebb-kurser/mvc/me/report/tests/CardTest.php" tests="3" assertions="5" errors="0" failures="0" skipped="0" time="0.006116">
        <testcase name="testCreateCard" file="/home/challe_p/dbwebb-kurser/mvc/me/report/tests/CardTest.php" line="16" class="App\Game\CardTest" classname="App.Game.CardTest" assertions="3" time="0.002100"/>
        <testcase name="testgetImagePath" file="/home/challe_p/dbwebb-kurser/mvc/me/report/tests/CardTest.php" line="27" class="App\Game\CardTest" classname="App.Game.CardTest" assertions="1" time="0.002033"/>
        <testcase name="testToString" file="/home/challe_p/dbwebb-kurser/mvc/me/report/tests/CardTest.php" line="35" class="App\Game\CardTest" classname="App.Game.CardTest" assertions="1" time="0.001983"/>
      </testsuite>
      <testsuite name="App\Tests\Controller\GameApiControllerTest" file="/home/challe_p/dbwebb-kurser/mvc/me/report/tests/Controller/GameApiControllerTest.php" tests="7" assertions="15" errors="0" failures="0" skipped="0" time="6.248676">
        <testcase name="testApiDeck" file="/home/challe_p/dbwebb-kurser/mvc/me/report/tests/Controller/GameApiControllerTest.php" line="71" class="App\Tests\Controller\GameApiControllerTest" classname="App.Tests.Controller.GameApiControllerTest" assertions="3" time="6.026210"/>
        <testcase name="testApiDeckShuffleApi" file="/home/challe_p/dbwebb-kurser/mvc/me/report/tests/Controller/GameApiControllerTest.php" line="82" class="App\Tests\Controller\GameApiControllerTest" classname="App.Tests.Controller.GameApiControllerTest" assertions="2" time="0.036458"/>
        <testcase name="testApiDeckDraw" file="/home/challe_p/dbwebb-kurser/mvc/me/report/tests/Controller/GameApiControllerTest.php" line="91" class="App\Tests\Controller\GameApiControllerTest" classname="App.Tests.Controller.GameApiControllerTest" assertions="2" time="0.023671"/>
        <testcase name="testApiDeckDeal" file="/home/challe_p/dbwebb-kurser/mvc/me/report/tests/Controller/GameApiControllerTest.php" line="101" class="App\Tests\Controller\GameApiControllerTest" classname="App.Tests.Controller.GameApiControllerTest" assertions="2" time="0.036906"/>
        <testcase name="testApiDeckDealTooMany" file="/home/challe_p/dbwebb-kurser/mvc/me/report/tests/Controller/GameApiControllerTest.php" line="114" class="App\Tests\Controller\GameApiControllerTest" classname="App.Tests.Controller.GameApiControllerTest" assertions="2" time="0.055821"/>
        <testcase name="testApiDeckDealWrongInput" file="/home/challe_p/dbwebb-kurser/mvc/me/report/tests/Controller/GameApiControllerTest.php" line="127" class="App\Tests\Controller\GameApiControllerTest" classname="App.Tests.Controller.GameApiControllerTest" assertions="2" time="0.035745"/>
        <testcase name="testApiDeckDrawWrongInput" file="/home/challe_p/dbwebb-kurser/mvc/me/report/tests/Controller/GameApiControllerTest.php" line="140" class="App\Tests\Controller\GameApiControllerTest" classname="App.Tests.Controller.GameApiControllerTest" assertions="2" time="0.033865"/>
      </testsuite>
      <testsuite name="App\Tests\Controller\GameControllerTest" file="/home/challe_p/dbwebb-kurser/mvc/me/report/tests/Controller/GameControllerTest.php" tests="3" assertions="9" errors="0" failures="0" skipped="0" time="0.372975">
        <testcase name="testFirst" file="/home/challe_p/dbwebb-kurser/mvc/me/report/tests/Controller/GameControllerTest.php" line="10" class="App\Tests\Controller\GameControllerTest" classname="App.Tests.Controller.GameControllerTest" assertions="3" time="0.249759"/>
        <testcase name="testDeck" file="/home/challe_p/dbwebb-kurser/mvc/me/report/tests/Controller/GameControllerTest.php" line="19" class="App\Tests\Controller\GameControllerTest" classname="App.Tests.Controller.GameControllerTest" assertions="3" time="0.061594"/>
        <testcase name="testShuffle" file="/home/challe_p/dbwebb-kurser/mvc/me/report/tests/Controller/GameControllerTest.php" line="28" class="App\Tests\Controller\GameControllerTest" classname="App.Tests.Controller.GameControllerTest" assertions="3" time="0.061623"/>
      </testsuite>
      <testsuite name="App\Tests\Controller\GameDrawControllerTest" file="/home/challe_p/dbwebb-kurser/mvc/me/report/tests/Controller/GameDrawControllerTest.php" tests="8" assertions="21" errors="0" failures="0" skipped="0" time="3.710074">
        <testcase name="testDraw" file="/home/challe_p/dbwebb-kurser/mvc/me/report/tests/Controller/GameDrawControllerTest.php" line="10" class="App\Tests\Controller\GameDrawControllerTest" classname="App.Tests.Controller.GameDrawControllerTest" assertions="3" time="3.155488"/>
        <testcase name="testDrawAmount" file="/home/challe_p/dbwebb-kurser/mvc/me/report/tests/Controller/GameDrawControllerTest.php" line="24" class="App\Tests\Controller\GameDrawControllerTest" classname="App.Tests.Controller.GameDrawControllerTest" assertions="2" time="0.085229"/>
        <testcase name="testDrawTooMany" file="/home/challe_p/dbwebb-kurser/mvc/me/report/tests/Controller/GameDrawControllerTest.php" line="33" class="App\Tests\Controller\GameDrawControllerTest" classname="App.Tests.Controller.GameDrawControllerTest" assertions="4" time="0.066767"/>
        <testcase name="testDeal" file="/home/challe_p/dbwebb-kurser/mvc/me/report/tests/Controller/GameDrawControllerTest.php" line="43" class="App\Tests\Controller\GameDrawControllerTest" classname="App.Tests.Controller.GameDrawControllerTest" assertions="2" time="0.054522"/>
        <testcase name="testDealTooMany" file="/home/challe_p/dbwebb-kurser/mvc/me/report/tests/Controller/GameDrawControllerTest.php" line="52" class="App\Tests\Controller\GameDrawControllerTest" classname="App.Tests.Controller.GameDrawControllerTest" assertions="4" time="0.037237"/>
        <testcase name="testShuffleDeckToDraw" file="/home/challe_p/dbwebb-kurser/mvc/me/report/tests/Controller/GameDrawControllerTest.php" line="62" class="App\Tests\Controller\GameDrawControllerTest" classname="App.Tests.Controller.GameDrawControllerTest" assertions="2" time="0.078754"/>
        <testcase name="testDrawAmountPost" file="/home/challe_p/dbwebb-kurser/mvc/me/report/tests/Controller/GameDrawControllerTest.php" line="72" class="App\Tests\Controller\GameDrawControllerTest" classname="App.Tests.Controller.GameDrawControllerTest" assertions="2" time="0.077478"/>
        <testcase name="testDealPost" file="/home/challe_p/dbwebb-kurser/mvc/me/report/tests/Controller/GameDrawControllerTest.php" line="82" class="App\Tests\Controller\GameDrawControllerTest" classname="App.Tests.Controller.GameDrawControllerTest" assertions="2" time="0.154599"/>
      </testsuite>
      <testsuite name="App\Tests\Controller\LibraryApiControllerTest" file="/home/challe_p/dbwebb-kurser/mvc/me/report/tests/Controller/LibraryApiControllerTest.php" tests="2" assertions="2" errors="0" failures="0" skipped="0" time="0.277937">
        <testcase name="testFindAll" file="/home/challe_p/dbwebb-kurser/mvc/me/report/tests/Controller/LibraryApiControllerTest.php" line="10" class="App\Tests\Controller\LibraryApiControllerTest" classname="App.Tests.Controller.LibraryApiControllerTest" assertions="1" time="0.151765"/>
        <testcase name="testFindNull" file="/home/challe_p/dbwebb-kurser/mvc/me/report/tests/Controller/LibraryApiControllerTest.php" line="18" class="App\Tests\Controller\LibraryApiControllerTest" classname="App.Tests.Controller.LibraryApiControllerTest" assertions="1" time="0.126171"/>
      </testsuite>
      <testsuite name="App\Tests\Controller\LibraryControllerTest" file="/home/challe_p/dbwebb-kurser/mvc/me/report/tests/Controller/LibraryControllerTest.php" tests="8" assertions="41" errors="0" failures="0" skipped="0" time="1.192443">
        <testcase name="testLibrary" file="/home/challe_p/dbwebb-kurser/mvc/me/report/tests/Controller/LibraryControllerTest.php" line="10" class="App\Tests\Controller\LibraryControllerTest" classname="App.Tests.Controller.LibraryControllerTest" assertions="4" time="0.076811"/>
        <testcase name="testShowBookById" file="/home/challe_p/dbwebb-kurser/mvc/me/report/tests/Controller/LibraryControllerTest.php" line="20" class="App\Tests\Controller\LibraryControllerTest" classname="App.Tests.Controller.LibraryControllerTest" assertions="2" time="0.064568"/>
        <testcase name="testCreateForm" file="/home/challe_p/dbwebb-kurser/mvc/me/report/tests/Controller/LibraryControllerTest.php" line="29" class="App\Tests\Controller\LibraryControllerTest" classname="App.Tests.Controller.LibraryControllerTest" assertions="2" time="0.050403"/>
        <testcase name="testUpdateBookById" file="/home/challe_p/dbwebb-kurser/mvc/me/report/tests/Controller/LibraryControllerTest.php" line="38" class="App\Tests\Controller\LibraryControllerTest" classname="App.Tests.Controller.LibraryControllerTest" assertions="2" time="0.061909"/>
        <testcase name="testCreateDelete" file="/home/challe_p/dbwebb-kurser/mvc/me/report/tests/Controller/LibraryControllerTest.php" line="47" class="App\Tests\Controller\LibraryControllerTest" classname="App.Tests.Controller.LibraryControllerTest" assertions="11" time="0.262356"/>
        <testcase name="testDeleteNotFound" file="/home/challe_p/dbwebb-kurser/mvc/me/report/tests/Controller/LibraryControllerTest.php" line="83" class="App\Tests\Controller\LibraryControllerTest" classname="App.Tests.Controller.LibraryControllerTest" assertions="1" time="0.421070"/>
        <testcase name="testUpdateBook" file="/home/challe_p/dbwebb-kurser/mvc/me/report/tests/Controller/LibraryControllerTest.php" line="90" class="App\Tests\Controller\LibraryControllerTest" classname="App.Tests.Controller.LibraryControllerTest" assertions="17" time="0.198843"/>
        <testcase name="testUpdateBookNotFound" file="/home/challe_p/dbwebb-kurser/mvc/me/report/tests/Controller/LibraryControllerTest.php" line="145" class="App\Tests\Controller\LibraryControllerTest" classname="App.Tests.Controller.LibraryControllerTest" assertions="2" time="0.056482"/>
      </testsuite>
      <testsuite name="App\Tests\Controller\ReportControllerTest" file="/home/challe_p/dbwebb-kurser/mvc/me/report/tests/Controller/ReportControllerTest.php" tests="7" assertions="19" errors="0" failures="0" skipped="0" time="0.300171">
        <testcase name="testHome" file="/home/challe_p/dbwebb-kurser/mvc/me/report/tests/Controller/ReportControllerTest.php" line="11" class="App\Tests\Controller\ReportControllerTest" classname="App.Tests.Controller.ReportControllerTest" assertions="3" time="0.040010"/>
        <testcase name="testAbout" file="/home/challe_p/dbwebb-kurser/mvc/me/report/tests/Controller/ReportControllerTest.php" line="20" class="App\Tests\Controller\ReportControllerTest" classname="App.Tests.Controller.ReportControllerTest" assertions="3" time="0.027577"/>
        <testcase name="testReport" file="/home/challe_p/dbwebb-kurser/mvc/me/report/tests/Controller/ReportControllerTest.php" line="29" class="App\Tests\Controller\ReportControllerTest" classname="App.Tests.Controller.ReportControllerTest" assertions="3" time="0.066743"/>
        <testcase name="testApi" file="/home/challe_p/dbwebb-kurser/mvc/me/report/tests/Controller/ReportControllerTest.php" line="38" class="App\Tests\Controller\ReportControllerTest" classname="App.Tests.Controller.ReportControllerTest" assertions="3" time="0.053282"/>
        <testcase name="testApiQuote" file="/home/challe_p/dbwebb-kurser/mvc/me/report/tests/Controller/ReportControllerTest.php" line="47" class="App\Tests\Controller\ReportControllerTest" classname="App.Tests.Controller.ReportControllerTest" assertions="1" time="0.018797"/>
        <testcase name="testLucky" file="/home/challe_p/dbwebb-kurser/mvc/me/report/tests/Controller/ReportControllerTest.php" line="55" class="App\Tests\Controller\ReportControllerTest" classname="App.Tests.Controller.ReportControllerTest" assertions="3" time="0.028641"/>
        <testcase name="testMetrics" file="/home/challe_p/dbwebb-kurser/mvc/me/report/tests/Controller/ReportControllerTest.php" line="64" class="App\Tests\Controller\ReportControllerTest" classname="App.Tests.Controller.ReportControllerTest" assertions="3" time="0.065121"/>
      </testsuite>
      <testsuite name="App\Tests\Controller\SessionControllerTest" file="/home/challe_p/dbwebb-kurser/mvc/me/report/tests/Controller/SessionControllerTest.php" tests="2" assertions="6" errors="0" failures="0" skipped="0" time="0.067043">
        <testcase name="testSession" file="/home/challe_p/dbwebb-kurser/mvc/me/report/tests/Controller/SessionControllerTest.php" line="11" class="App\Tests\Controller\SessionControllerTest" classname="App.Tests.Controller.SessionControllerTest" assertions="3" time="0.024569"/>
        <testcase name="testClearSession" file="/home/challe_p/dbwebb-kurser/mvc/me/report/tests/Controller/SessionControllerTest.php" line="20" class="App\Tests\Controller\SessionControllerTest" classname="App.Tests.Controller.SessionControllerTest" assertions="3" time="0.042474"/>
      </testsuite>
      <testsuite name="App\Tests\Controller\TwentyOneApiControllerTest" file="/home/challe_p/dbwebb-kurser/mvc/me/report/tests/Controller/TwentyOneApiControllerTest.php" tests="3" assertions="4" errors="0" failures="0" skipped="0" time="0.129901">
        <testcase name="testGameApiEmpty" file="/home/challe_p/dbwebb-kurser/mvc/me/report/tests/Controller/TwentyOneApiControllerTest.php" line="11" class="App\Tests\Controller\TwentyOneApiControllerTest" classname="App.Tests.Controller.TwentyOneApiControllerTest" assertions="1" time="0.026002"/>
        <testcase name="testGameApi" file="/home/challe_p/dbwebb-kurser/mvc/me/report/tests/Controller/TwentyOneApiControllerTest.php" line="19" class="App\Tests\Controller\TwentyOneApiControllerTest" classname="App.Tests.Controller.TwentyOneApiControllerTest" assertions="2" time="0.063171"/>
        <testcase name="testStart" file="/home/challe_p/dbwebb-kurser/mvc/me/report/tests/Controller/TwentyOneApiControllerTest.php" line="40" class="App\Tests\Controller\TwentyOneApiControllerTest" classname="App.Tests.Controller.TwentyOneApiControllerTest" assertions="1" time="0.040728"/>
      </testsuite>
      <testsuite name="App\Tests\Controller\TwentyOneControllerTest" file="/home/challe_p/dbwebb-kurser/mvc/me/report/tests/Controller/TwentyOneControllerTest.php" tests="6" assertions="15" errors="0" failures="0" skipped="0" time="1.087228">
        <testcase name="testGamePlay" file="/home/challe_p/dbwebb-kurser/mvc/me/report/tests/Controller/TwentyOneControllerTest.php" line="13" class="App\Tests\Controller\TwentyOneControllerTest" classname="App.Tests.Controller.TwentyOneControllerTest" assertions="2" time="0.124604"/>
        <testcase name="testPlayerWin" file="/home/challe_p/dbwebb-kurser/mvc/me/report/tests/Controller/TwentyOneControllerTest.php" line="33" class="App\Tests\Controller\TwentyOneControllerTest" classname="App.Tests.Controller.TwentyOneControllerTest" assertions="4" time="0.618614"/>
        <testcase name="testBankWin" file="/home/challe_p/dbwebb-kurser/mvc/me/report/tests/Controller/TwentyOneControllerTest.php" line="51" class="App\Tests\Controller\TwentyOneControllerTest" classname="App.Tests.Controller.TwentyOneControllerTest" assertions="4" time="0.104188"/>
        <testcase name="testDeckAlmostEmpty" file="/home/challe_p/dbwebb-kurser/mvc/me/report/tests/Controller/TwentyOneControllerTest.php" line="69" class="App\Tests\Controller\TwentyOneControllerTest" classname="App.Tests.Controller.TwentyOneControllerTest" assertions="3" time="0.117277"/>
        <testcase name="testGameDoc" file="/home/challe_p/dbwebb-kurser/mvc/me/report/tests/Controller/TwentyOneControllerTest.php" line="83" class="App\Tests\Controller\TwentyOneControllerTest" classname="App.Tests.Controller.TwentyOneControllerTest" assertions="1" time="0.066426"/>
        <testcase name="testStart" file="/home/challe_p/dbwebb-kurser/mvc/me/report/tests/Controller/TwentyOneControllerTest.php" line="91" class="App\Tests\Controller\TwentyOneControllerTest" classname="App.Tests.Controller.TwentyOneControllerTest" assertions="1" time="0.056119"/>
      </testsuite>
      <testsuite name="App\Tests\Controller\UtilsTest" file="/home/challe_p/dbwebb-kurser/mvc/me/report/tests/Controller/UtilsTest.php" tests="1" assertions="2" errors="0" failures="0" skipped="0" time="0.057545">
        <testcase name="testNullPlayerArray" file="/home/challe_p/dbwebb-kurser/mvc/me/report/tests/Controller/UtilsTest.php" line="11" class="App\Tests\Controller\UtilsTest" classname="App.Tests.Controller.UtilsTest" assertions="2" time="0.057545"/>
      </testsuite>
      <testsuite name="App\Game\DeckOfCardsTest" file="/home/challe_p/dbwebb-kurser/mvc/me/report/tests/DeckOfCardsTest.php" tests="10" assertions="20" errors="0" failures="0" skipped="0" time="0.045440">
        <testcase name="testCreateDeckOfCards" file="/home/challe_p/dbwebb-kurser/mvc/me/report/tests/DeckOfCardsTest.php" line="18" class="App\Game\DeckOfCardsTest" classname="App.Game.DeckOfCardsTest" assertions="1" time="0.007598"/>
        <testcase name="testPrintAll" file="/home/challe_p/dbwebb-kurser/mvc/me/report/tests/DeckOfCardsTest.php" line="24" class="App\Game\DeckOfCardsTest" classname="App.Game.DeckOfCardsTest" assertions="1" time="0.002754"/>
        <testcase name="testGetCards" file="/home/challe_p/dbwebb-kurser/mvc/me/report/tests/DeckOfCardsTest.php" line="39" class="App\Game\DeckOfCardsTest" classname="App.Game.DeckOfCardsTest" assertions="1" time="0.002484"/>
        <testcase name="testShuffle" file="/home/challe_p/dbwebb-kurser/mvc/me/report/tests/DeckOfCardsTest.php" line="45" class="App\Game\DeckOfCardsTest" classname="App.Game.DeckOfCardsTest" assertions="1" time="0.002656"/>
        <testcase name="testDrawCard" file="/home/challe_p/dbwebb-kurser/mvc/me/report/tests/DeckOfCardsTest.php" line="54" class="App\Game\DeckOfCardsTest" classname="App.Game.DeckOfCardsTest" assertions="3" time="0.004514"/>
        <testcase name="testShuffleDrawn" file="/home/challe_p/dbwebb-kurser/mvc/me/report/tests/DeckOfCardsTest.php" line="66" class="App\Game\DeckOfCardsTest" classname="App.Game.DeckOfCardsTest" assertions="6" time="0.005246"/>
        <testcase name="testDrawCards" file="/home/challe_p/dbwebb-kurser/mvc/me/report/tests/DeckOfCardsTest.php" line="78" class="App\Game\DeckOfCardsTest" classname="App.Game.DeckOfCardsTest" assertions="1" time="0.003870"/>
        <testcase name="testFromString" file="/home/challe_p/dbwebb-kurser/mvc/me/report/tests/DeckOfCardsTest.php" line="84" class="App\Game\DeckOfCardsTest" classname="App.Game.DeckOfCardsTest" assertions="1" time="0.004061"/>
        <testcase name="testFromStringDrawnCards" file="/home/challe_p/dbwebb-kurser/mvc/me/report/tests/DeckOfCardsTest.php" line="92" class="App\Game\DeckOfCardsTest" classname="App.Game.DeckOfCardsTest" assertions="2" time="0.004466"/>
        <testcase name="testPeekEmptyDeck" file="/home/challe_p/dbwebb-kurser/mvc/me/report/tests/DeckOfCardsTest.php" line="102" class="App\Game\DeckOfCardsTest" classname="App.Game.DeckOfCardsTest" assertions="3" time="0.007791"/>
      </testsuite>
      <testsuite name="App\Game\Exceptions\ExceptionsTest" file="/home/challe_p/dbwebb-kurser/mvc/me/report/tests/ExceptionsTest.php" tests="1" assertions="2" errors="0" failures="0" skipped="0" time="0.003611">
        <testcase name="testCreateEmptyDeckException" file="/home/challe_p/dbwebb-kurser/mvc/me/report/tests/ExceptionsTest.php" line="16" class="App\Game\Exceptions\ExceptionsTest" classname="App.Game.Exceptions.ExceptionsTest" assertions="2" time="0.003611"/>
      </testsuite>
      <testsuite name="App\Game\GameLogicTest" file="/home/challe_p/dbwebb-kurser/mvc/me/report/tests/GameLogicTest.php" tests="6" assertions="16" errors="0" failures="0" skipped="0" time="0.049129">
        <testcase name="testCreateGameLogic" file="/home/challe_p/dbwebb-kurser/mvc/me/report/tests/GameLogicTest.php" line="30" class="App\Game\GameLogicTest" classname="App.Game.GameLogicTest" assertions="1" time="0.010884"/>
        <testcase name="testPlay" file="/home/challe_p/dbwebb-kurser/mvc/me/report/tests/GameLogicTest.php" line="39" class="App\Game\GameLogicTest" classname="App.Game.GameLogicTest" assertions="5" time="0.010522"/>
        <testcase name="testPlayHoldBank" file="/home/challe_p/dbwebb-kurser/mvc/me/report/tests/GameLogicTest.php" line="54" class="App\Game\GameLogicTest" classname="App.Game.GameLogicTest" assertions="5" time="0.006361"/>
        <testcase name="testPlayerHigherScore" file="/home/challe_p/dbwebb-kurser/mvc/me/report/tests/GameLogicTest.php" line="69" class="App\Game\GameLogicTest" classname="App.Game.GameLogicTest" assertions="2" time="0.008164"/>
        <testcase name="testPlayerWin" file="/home/challe_p/dbwebb-kurser/mvc/me/report/tests/GameLogicTest.php" line="83" class="App\Game\GameLogicTest" classname="App.Game.GameLogicTest" assertions="2" time="0.007367"/>
        <testcase name="testOutOfBoundsException" file="/home/challe_p/dbwebb-kurser/mvc/me/report/tests/GameLogicTest.php" line="95" class="App\Game\GameLogicTest" classname="App.Game.GameLogicTest" assertions="1" time="0.005831"/>
      </testsuite>
      <testsuite name="App\Game\PlayerTest" file="/home/challe_p/dbwebb-kurser/mvc/me/report/tests/PlayerTest.php" tests="5" assertions="13" errors="0" failures="0" skipped="0" time="0.022455">
        <testcase name="testCreatePlayer" file="/home/challe_p/dbwebb-kurser/mvc/me/report/tests/PlayerTest.php" line="19" class="App\Game\PlayerTest" classname="App.Game.PlayerTest" assertions="3" time="0.005061"/>
        <testcase name="testSetName" file="/home/challe_p/dbwebb-kurser/mvc/me/report/tests/PlayerTest.php" line="27" class="App\Game\PlayerTest" classname="App.Game.PlayerTest" assertions="2" time="0.004546"/>
        <testcase name="testSetScore" file="/home/challe_p/dbwebb-kurser/mvc/me/report/tests/PlayerTest.php" line="35" class="App\Game\PlayerTest" classname="App.Game.PlayerTest" assertions="2" time="0.004303"/>
        <testcase name="testGetHand" file="/home/challe_p/dbwebb-kurser/mvc/me/report/tests/PlayerTest.php" line="43" class="App\Game\PlayerTest" classname="App.Game.PlayerTest" assertions="2" time="0.003932"/>
        <testcase name="testSetHand" file="/home/challe_p/dbwebb-kurser/mvc/me/report/tests/PlayerTest.php" line="50" class="App\Game\PlayerTest" classname="App.Game.PlayerTest" assertions="4" time="0.004612"/>
      </testsuite>
      <testsuite name="App\Tests\Controller\ProjectApiControllerPlayTest" file="/home/challe_p/dbwebb-kurser/mvc/me/report/tests/Project/Controller/ProjectApiControllerPlayTest.php" tests="7" assertions="32" errors="0" failures="0" skipped="0" time="1.400981">
        <testcase name="testApiPlay" file="/home/challe_p/dbwebb-kurser/mvc/me/report/tests/Project/Controller/ProjectApiControllerPlayTest.php" line="20" class="App\Tests\Controller\ProjectApiControllerPlayTest" classname="App.Tests.Controller.ProjectApiControllerPlayTest" assertions="5" time="0.334291"/>
        <testcase name="testApiPlayNonValid" file="/home/challe_p/dbwebb-kurser/mvc/me/report/tests/Project/Controller/ProjectApiControllerPlayTest.php" line="32" class="App\Tests\Controller\ProjectApiControllerPlayTest" classname="App.Tests.Controller.ProjectApiControllerPlayTest" assertions="3" time="0.096320"/>
        <testcase name="testApiPostPlay" file="/home/challe_p/dbwebb-kurser/mvc/me/report/tests/Project/Controller/ProjectApiControllerPlayTest.php" line="42" class="App\Tests\Controller\ProjectApiControllerPlayTest" classname="App.Tests.Controller.ProjectApiControllerPlayTest" assertions="6" time="0.344252"/>
        <testcase name="testApiPostPlayNoGameInt" file="/home/challe_p/dbwebb-kurser/mvc/me/report/tests/Project/Controller/ProjectApiControllerPlayTest.php" line="58" class="App\Tests\Controller\ProjectApiControllerPlayTest" classname="App.Tests.Controller.ProjectApiControllerPlayTest" assertions="3" time="0.074766"/>
        <testcase name="testApiPostPlayNoNonNumeric" file="/home/challe_p/dbwebb-kurser/mvc/me/report/tests/Project/Controller/ProjectApiControllerPlayTest.php" line="71" class="App\Tests\Controller\ProjectApiControllerPlayTest" classname="App.Tests.Controller.ProjectApiControllerPlayTest" assertions="3" time="0.089159"/>
        <testcase name="testApiPostPlayNoGameExists" file="/home/challe_p/dbwebb-kurser/mvc/me/report/tests/Project/Controller/ProjectApiControllerPlayTest.php" line="84" class="App\Tests\Controller\ProjectApiControllerPlayTest" classname="App.Tests.Controller.ProjectApiControllerPlayTest" assertions="3" time="0.117129"/>
        <testcase name="testApiPostPlayPositionFilled" file="/home/challe_p/dbwebb-kurser/mvc/me/report/tests/Project/Controller/ProjectApiControllerPlayTest.php" line="97" class="App\Tests\Controller\ProjectApiControllerPlayTest" classname="App.Tests.Controller.ProjectApiControllerPlayTest" assertions="9" time="0.345064"/>
      </testsuite>
      <testsuite name="App\Tests\Controller\ProjectApiControllerTest" file="/home/challe_p/dbwebb-kurser/mvc/me/report/tests/Project/Controller/ProjectApiControllerTest.php" tests="7" assertions="21" errors="0" failures="0" skipped="0" time="1.380628">
        <testcase name="testNewGameApi" file="/home/challe_p/dbwebb-kurser/mvc/me/report/tests/Project/Controller/ProjectApiControllerTest.php" line="20" class="App\Tests\Controller\ProjectApiControllerTest" classname="App.Tests.Controller.ProjectApiControllerTest" assertions="3" time="0.160580"/>
        <testcase name="testNewGameApiNoGameEntryInSession" file="/home/challe_p/dbwebb-kurser/mvc/me/report/tests/Project/Controller/ProjectApiControllerTest.php" line="35" class="App\Tests\Controller\ProjectApiControllerTest" classname="App.Tests.Controller.ProjectApiControllerTest" assertions="3" time="0.110318"/>
        <testcase name="testHighscoreJson" file="/home/challe_p/dbwebb-kurser/mvc/me/report/tests/Project/Controller/ProjectApiControllerTest.php" line="60" class="App\Tests\Controller\ProjectApiControllerTest" classname="App.Tests.Controller.ProjectApiControllerTest" assertions="3" time="0.490411"/>
        <testcase name="testPlayerJson" file="/home/challe_p/dbwebb-kurser/mvc/me/report/tests/Project/Controller/ProjectApiControllerTest.php" line="76" class="App\Tests\Controller\ProjectApiControllerTest" classname="App.Tests.Controller.ProjectApiControllerTest" assertions="4" time="0.315386"/>
        <testcase name="testApiPlayNonValid" file="/home/challe_p/dbwebb-kurser/mvc/me/report/tests/Project/Controller/ProjectApiControllerTest.php" line="92" class="App\Tests\Controller\ProjectApiControllerTest" classname="App.Tests.Controller.ProjectApiControllerTest" assertions="3" time="0.093216"/>
        <testcase name="testApiShowGameNotNumeric" file="/home/challe_p/dbwebb-kurser/mvc/me/report/tests/Project/Controller/ProjectApiControllerTest.php" line="102" class="App\Tests\Controller\ProjectApiControllerTest" classname="App.Tests.Controller.ProjectApiControllerTest" assertions="2" time="0.045364"/>
        <testcase name="testDeletePlayer" file="/home/challe_p/dbwebb-kurser/mvc/me/report/tests/Project/Controller/ProjectApiControllerTest.php" line="110" class="App\Tests\Controller\ProjectApiControllerTest" classname="App.Tests.Controller.ProjectApiControllerTest" assertions="3" time="0.165354"/>
      </testsuite>
      <testsuite name="App\Tests\Controller\ProjectControllerTest" file="/home/challe_p/dbwebb-kurser/mvc/me/report/tests/Project/Controller/ProjectControllerTest.php" tests="7" assertions="24" errors="0" failures="0" skipped="0" time="1.765331">
        <testcase name="testProjectPlay" file="/home/challe_p/dbwebb-kurser/mvc/me/report/tests/Project/Controller/ProjectControllerTest.php" line="12" class="App\Tests\Controller\ProjectControllerTest" classname="App.Tests.Controller.ProjectControllerTest" assertions="3" time="0.514185"/>
        <testcase name="testProjectPlayCard" file="/home/challe_p/dbwebb-kurser/mvc/me/report/tests/Project/Controller/ProjectControllerTest.php" line="29" class="App\Tests\Controller\ProjectControllerTest" classname="App.Tests.Controller.ProjectControllerTest" assertions="3" time="0.221212"/>
        <testcase name="testProjectPlayCardPositionFilled" file="/home/challe_p/dbwebb-kurser/mvc/me/report/tests/Project/Controller/ProjectControllerTest.php" line="47" class="App\Tests\Controller\ProjectControllerTest" classname="App.Tests.Controller.ProjectControllerTest" assertions="3" time="0.264670"/>
        <testcase name="testSetNameBet" file="/home/challe_p/dbwebb-kurser/mvc/me/report/tests/Project/Controller/ProjectControllerTest.php" line="66" class="App\Tests\Controller\ProjectControllerTest" classname="App.Tests.Controller.ProjectControllerTest" assertions="3" time="0.207902"/>
        <testcase name="testSetNameBetWithSession" file="/home/challe_p/dbwebb-kurser/mvc/me/report/tests/Project/Controller/ProjectControllerTest.php" line="78" class="App\Tests\Controller\ProjectControllerTest" classname="App.Tests.Controller.ProjectControllerTest" assertions="6" time="0.407548"/>
        <testcase name="testAutofill" file="/home/challe_p/dbwebb-kurser/mvc/me/report/tests/Project/Controller/ProjectControllerTest.php" line="104" class="App\Tests\Controller\ProjectControllerTest" classname="App.Tests.Controller.ProjectControllerTest" assertions="3" time="0.101796"/>
        <testcase name="testPlayResolveNoSession" file="/home/challe_p/dbwebb-kurser/mvc/me/report/tests/Project/Controller/ProjectControllerTest.php" line="120" class="App\Tests\Controller\ProjectControllerTest" classname="App.Tests.Controller.ProjectControllerTest" assertions="3" time="0.048018"/>
      </testsuite>
      <testsuite name="App\Tests\Controller\ProjectDatabaseControllerTest" file="/home/challe_p/dbwebb-kurser/mvc/me/report/tests/Project/Controller/ProjectDatabaseControllerTest.php" tests="5" assertions="31" errors="0" failures="0" skipped="0" time="0.918170">
        <testcase name="testUpdateWrongSession" file="/home/challe_p/dbwebb-kurser/mvc/me/report/tests/Project/Controller/ProjectDatabaseControllerTest.php" line="14" class="App\Tests\Controller\ProjectDatabaseControllerTest" classname="App.Tests.Controller.ProjectDatabaseControllerTest" assertions="3" time="0.168077"/>
        <testcase name="testUpdateFinishedWin" file="/home/challe_p/dbwebb-kurser/mvc/me/report/tests/Project/Controller/ProjectDatabaseControllerTest.php" line="31" class="App\Tests\Controller\ProjectDatabaseControllerTest" classname="App.Tests.Controller.ProjectDatabaseControllerTest" assertions="16" time="0.354922"/>
        <testcase name="testPlayerPage" file="/home/challe_p/dbwebb-kurser/mvc/me/report/tests/Project/Controller/ProjectDatabaseControllerTest.php" line="84" class="App\Tests\Controller\ProjectDatabaseControllerTest" classname="App.Tests.Controller.ProjectDatabaseControllerTest" assertions="6" time="0.224044"/>
        <testcase name="testLoad" file="/home/challe_p/dbwebb-kurser/mvc/me/report/tests/Project/Controller/ProjectDatabaseControllerTest.php" line="107" class="App\Tests\Controller\ProjectDatabaseControllerTest" classname="App.Tests.Controller.ProjectDatabaseControllerTest" assertions="3" time="0.072563"/>
        <testcase name="testLoadFail" file="/home/challe_p/dbwebb-kurser/mvc/me/report/tests/Project/Controller/ProjectDatabaseControllerTest.php" line="117" class="App\Tests\Controller\ProjectDatabaseControllerTest" classname="App.Tests.Controller.ProjectDatabaseControllerTest" assertions="3" time="0.098563"/>
      </testsuite>
      <testsuite name="App\Tests\Controller\ProjectLandingPagesTest" file="/home/challe_p/dbwebb-kurser/mvc/me/report/tests/Project/Controller/ProjectLandingPagesTest.php" tests="6" assertions="22" errors="0" failures="0" skipped="0" time="0.584270">
        <testcase name="testProjectStart" file="/home/challe_p/dbwebb-kurser/mvc/me/report/tests/Project/Controller/ProjectLandingPagesTest.php" line="15" class="App\Tests\Controller\ProjectLandingPagesTest" classname="App.Tests.Controller.ProjectLandingPagesTest" assertions="3" time="0.033960"/>
        <testcase name="testProjectPlayNoSession" file="/home/challe_p/dbwebb-kurser/mvc/me/report/tests/Project/Controller/ProjectLandingPagesTest.php" line="24" class="App\Tests\Controller\ProjectLandingPagesTest" classname="App.Tests.Controller.ProjectLandingPagesTest" assertions="3" time="0.093045"/>
        <testcase name="testMusicPlayer" file="/home/challe_p/dbwebb-kurser/mvc/me/report/tests/Project/Controller/ProjectLandingPagesTest.php" line="34" class="App\Tests\Controller\ProjectLandingPagesTest" classname="App.Tests.Controller.ProjectLandingPagesTest" assertions="3" time="0.035452"/>
        <testcase name="testAbout" file="/home/challe_p/dbwebb-kurser/mvc/me/report/tests/Project/Controller/ProjectLandingPagesTest.php" line="44" class="App\Tests\Controller\ProjectLandingPagesTest" classname="App.Tests.Controller.ProjectLandingPagesTest" assertions="3" time="0.033196"/>
        <testcase name="testApiLanding" file="/home/challe_p/dbwebb-kurser/mvc/me/report/tests/Project/Controller/ProjectLandingPagesTest.php" line="54" class="App\Tests\Controller\ProjectLandingPagesTest" classname="App.Tests.Controller.ProjectLandingPagesTest" assertions="7" time="0.242615"/>
        <testcase name="testHighscore" file="/home/challe_p/dbwebb-kurser/mvc/me/report/tests/Project/Controller/ProjectLandingPagesTest.php" line="80" class="App\Tests\Controller\ProjectLandingPagesTest" classname="App.Tests.Controller.ProjectLandingPagesTest" assertions="3" time="0.146003"/>
      </testsuite>
      <testsuite name="App\Project\MatTest" file="/home/challe_p/dbwebb-kurser/mvc/me/report/tests/Project/MatTest.php" tests="5" assertions="7" errors="0" failures="0" skipped="0" time="0.029607">
        <testcase name="testCreateMat" file="/home/challe_p/dbwebb-kurser/mvc/me/report/tests/Project/MatTest.php" line="13" class="App\Project\MatTest" classname="App.Project.MatTest" assertions="1" time="0.004619"/>
        <testcase name="testPrintEmpty" file="/home/challe_p/dbwebb-kurser/mvc/me/report/tests/Project/MatTest.php" line="19" class="App\Project\MatTest" classname="App.Project.MatTest" assertions="1" time="0.004980"/>
        <testcase name="testSetCard" file="/home/challe_p/dbwebb-kurser/mvc/me/report/tests/Project/MatTest.php" line="30" class="App\Project\MatTest" classname="App.Project.MatTest" assertions="3" time="0.006029"/>
        <testcase name="testFromStringEmpty" file="/home/challe_p/dbwebb-kurser/mvc/me/report/tests/Project/MatTest.php" line="45" class="App\Project\MatTest" classname="App.Project.MatTest" assertions="1" time="0.006737"/>
        <testcase name="testFromString" file="/home/challe_p/dbwebb-kurser/mvc/me/report/tests/Project/MatTest.php" line="53" class="App\Project\MatTest" classname="App.Project.MatTest" assertions="1" time="0.007243"/>
      </testsuite>
      <testsuite name="App\Repository\GameRepositoryTest" file="/home/challe_p/dbwebb-kurser/mvc/me/report/tests/Project/ORM/GameRepositoryTest.php" tests="3" assertions="9" errors="0" failures="0" skipped="0" time="0.052544">
        <testcase name="testGetGamesByNoPlayer" file="/home/challe_p/dbwebb-kurser/mvc/me/report/tests/Project/ORM/GameRepositoryTest.php" line="24" class="App\Repository\GameRepositoryTest" classname="App.Repository.GameRepositoryTest" assertions="3" time="0.025314"/>
        <testcase name="testInvalidGameArray" file="/home/challe_p/dbwebb-kurser/mvc/me/report/tests/Project/ORM/GameRepositoryTest.php" line="33" class="App\Repository\GameRepositoryTest" classname="App.Repository.GameRepositoryTest" assertions="3" time="0.015003"/>
        <testcase name="testNotArrayValidator" file="/home/challe_p/dbwebb-kurser/mvc/me/report/tests/Project/ORM/GameRepositoryTest.php" line="43" class="App\Repository\GameRepositoryTest" classname="App.Repository.GameRepositoryTest" assertions="3" time="0.012227"/>
      </testsuite>
      <testsuite name="App\Entity\PlayerEntityTest" file="/home/challe_p/dbwebb-kurser/mvc/me/report/tests/Project/ORM/PlayerEntityTest.php" tests="1" assertions="1" errors="0" failures="0" skipped="0" time="0.007330">
        <testcase name="testSetId" file="/home/challe_p/dbwebb-kurser/mvc/me/report/tests/Project/ORM/PlayerEntityTest.php" line="13" class="App\Entity\PlayerEntityTest" classname="App.Entity.PlayerEntityTest" assertions="1" time="0.007330"/>
      </testsuite>
      <testsuite name="App\Project\PokerLogicTest" file="/home/challe_p/dbwebb-kurser/mvc/me/report/tests/Project/PokerLogicTest.php" tests="5" assertions="27" errors="0" failures="0" skipped="0" time="0.039678">
        <testcase name="testCreateMat" file="/home/challe_p/dbwebb-kurser/mvc/me/report/tests/Project/PokerLogicTest.php" line="14" class="App\Project\PokerLogicTest" classname="App.Project.PokerLogicTest" assertions="1" time="0.005934"/>
        <testcase name="testAutofill" file="/home/challe_p/dbwebb-kurser/mvc/me/report/tests/Project/PokerLogicTest.php" line="20" class="App\Project\PokerLogicTest" classname="App.Project.PokerLogicTest" assertions="10" time="0.007642"/>
        <testcase name="testScoring" file="/home/challe_p/dbwebb-kurser/mvc/me/report/tests/Project/PokerLogicTest.php" line="32" class="App\Project\PokerLogicTest" classname="App.Project.PokerLogicTest" assertions="3" time="0.009529"/>
        <testcase name="testAutofillPositionFull" file="/home/challe_p/dbwebb-kurser/mvc/me/report/tests/Project/PokerLogicTest.php" line="83" class="App\Project\PokerLogicTest" classname="App.Project.PokerLogicTest" assertions="10" time="0.008917"/>
        <testcase name="testSetCardPositionFull" file="/home/challe_p/dbwebb-kurser/mvc/me/report/tests/Project/PokerLogicTest.php" line="95" class="App\Project\PokerLogicTest" classname="App.Project.PokerLogicTest" assertions="3" time="0.007655"/>
      </testsuite>
      <testsuite name="App\Project\RowTest" file="/home/challe_p/dbwebb-kurser/mvc/me/report/tests/Project/RowTest.php" tests="6" assertions="10" errors="0" failures="0" skipped="0" time="0.032959">
        <testcase name="testCreateRow" file="/home/challe_p/dbwebb-kurser/mvc/me/report/tests/Project/RowTest.php" line="18" class="App\Project\RowTest" classname="App.Project.RowTest" assertions="2" time="0.005664"/>
        <testcase name="testSetCard" file="/home/challe_p/dbwebb-kurser/mvc/me/report/tests/Project/RowTest.php" line="25" class="App\Project\RowTest" classname="App.Project.RowTest" assertions="2" time="0.005035"/>
        <testcase name="testSetCardFull" file="/home/challe_p/dbwebb-kurser/mvc/me/report/tests/Project/RowTest.php" line="36" class="App\Project\RowTest" classname="App.Project.RowTest" assertions="2" time="0.005450"/>
        <testcase name="testToString" file="/home/challe_p/dbwebb-kurser/mvc/me/report/tests/Project/RowTest.php" line="45" class="App\Project\RowTest" classname="App.Project.RowTest" assertions="1" time="0.004853"/>
        <testcase name="testIsFilled" file="/home/challe_p/dbwebb-kurser/mvc/me/report/tests/Project/RowTest.php" line="54" class="App\Project\RowTest" classname="App.Project.RowTest" assertions="2" time="0.007187"/>
        <testcase name="testSetGetScore" file="/home/challe_p/dbwebb-kurser/mvc/me/report/tests/Project/RowTest.php" line="66" class="App\Project\RowTest" classname="App.Project.RowTest" assertions="1" time="0.004768"/>
      </testsuite>
      <testsuite name="App\Project\StraightFlushRulesTest" file="/home/challe_p/dbwebb-kurser/mvc/me/report/tests/Project/StraightFlushRulesTest.php" tests="9" assertions="9" errors="0" failures="0" skipped="0" time="0.053060">
        <testcase name="testStraightNonRoyalNonFlush" file="/home/challe_p/dbwebb-kurser/mvc/me/report/tests/Project/StraightFlushRulesTest.php" line="14" class="App\Project\StraightFlushRulesTest" classname="App.Project.StraightFlushRulesTest" assertions="1" time="0.007141"/>
        <testcase name="testStraightFlush" file="/home/challe_p/dbwebb-kurser/mvc/me/report/tests/Project/StraightFlushRulesTest.php" line="26" class="App\Project\StraightFlushRulesTest" classname="App.Project.StraightFlushRulesTest" assertions="1" time="0.007201"/>
        <testcase name="testRoyalFlush" file="/home/challe_p/dbwebb-kurser/mvc/me/report/tests/Project/StraightFlushRulesTest.php" line="38" class="App\Project\StraightFlushRulesTest" classname="App.Project.StraightFlushRulesTest" assertions="1" time="0.005558"/>
        <testcase name="testFlush" file="/home/challe_p/dbwebb-kurser/mvc/me/report/tests/Project/StraightFlushRulesTest.php" line="50" class="App\Project\StraightFlushRulesTest" classname="App.Project.StraightFlushRulesTest" assertions="1" time="0.007616"/>
        <testcase name="testFlushNoStraightWithAce" file="/home/challe_p/dbwebb-kurser/mvc/me/report/tests/Project/StraightFlushRulesTest.php" line="62" class="App\Project\StraightFlushRulesTest" classname="App.Project.StraightFlushRulesTest" assertions="1" time="0.005793"/>
        <testcase name="testStraightWithAce" file="/home/challe_p/dbwebb-kurser/mvc/me/report/tests/Project/StraightFlushRulesTest.php" line="74" class="App\Project\StraightFlushRulesTest" classname="App.Project.StraightFlushRulesTest" assertions="1" time="0.005823"/>
        <testcase name="testNothing" file="/home/challe_p/dbwebb-kurser/mvc/me/report/tests/Project/StraightFlushRulesTest.php" line="86" class="App\Project\StraightFlushRulesTest" classname="App.Project.StraightFlushRulesTest" assertions="1" time="0.005491"/>
        <testcase name="testUnfilledRow" file="/home/challe_p/dbwebb-kurser/mvc/me/report/tests/Project/StraightFlushRulesTest.php" line="98" class="App\Project\StraightFlushRulesTest" classname="App.Project.StraightFlushRulesTest" assertions="1" time="0.003150"/>
        <testcase name="testInvalidRow" file="/home/challe_p/dbwebb-kurser/mvc/me/report/tests/Project/StraightFlushRulesTest.php" line="106" class="App\Project\StraightFlushRulesTest" classname="App.Project.StraightFlushRulesTest" assertions="1" time="0.005288"/>
      </testsuite>
      <testsuite name="App\Project\UniqueValuesRulesTest" file="/home/challe_p/dbwebb-kurser/mvc/me/report/tests/Project/UniqueValuesRulesTest.php" tests="5" assertions="5" errors="0" failures="0" skipped="0" time="0.029881">
        <testcase name="testFullHouse" file="/home/challe_p/dbwebb-kurser/mvc/me/report/tests/Project/UniqueValuesRulesTest.php" line="13" class="App\Project\UniqueValuesRulesTest" classname="App.Project.UniqueValuesRulesTest" assertions="1" time="0.005080"/>
        <testcase name="testFourOfAKind" file="/home/challe_p/dbwebb-kurser/mvc/me/report/tests/Project/UniqueValuesRulesTest.php" line="25" class="App\Project\UniqueValuesRulesTest" classname="App.Project.UniqueValuesRulesTest" assertions="1" time="0.004743"/>
        <testcase name="testPair" file="/home/challe_p/dbwebb-kurser/mvc/me/report/tests/Project/UniqueValuesRulesTest.php" line="37" class="App\Project\UniqueValuesRulesTest" classname="App.Project.UniqueValuesRulesTest" assertions="1" time="0.008502"/>
        <testcase name="testTwoPair" file="/home/challe_p/dbwebb-kurser/mvc/me/report/tests/Project/UniqueValuesRulesTest.php" line="49" class="App\Project\UniqueValuesRulesTest" classname="App.Project.UniqueValuesRulesTest" assertions="1" time="0.005624"/>
        <testcase name="testThreeOfAKind" file="/home/challe_p/dbwebb-kurser/mvc/me/report/tests/Project/UniqueValuesRulesTest.php" line="61" class="App\Project\UniqueValuesRulesTest" classname="App.Project.UniqueValuesRulesTest" assertions="1" time="0.005931"/>
      </testsuite>
      <testsuite name="App\Game\RulesTest" file="/home/challe_p/dbwebb-kurser/mvc/me/report/tests/RulesTest.php" tests="6" assertions="7" errors="0" failures="0" skipped="0" time="0.038873">
        <testcase name="testCreateRules" file="/home/challe_p/dbwebb-kurser/mvc/me/report/tests/RulesTest.php" line="19" class="App\Game\RulesTest" classname="App.Game.RulesTest" assertions="1" time="0.005888"/>
        <testcase name="testCreateCustom" file="/home/challe_p/dbwebb-kurser/mvc/me/report/tests/RulesTest.php" line="25" class="App\Game\RulesTest" classname="App.Game.RulesTest" assertions="1" time="0.008372"/>
        <testcase name="testTranslator" file="/home/challe_p/dbwebb-kurser/mvc/me/report/tests/RulesTest.php" line="31" class="App\Game\RulesTest" classname="App.Game.RulesTest" assertions="1" time="0.006840"/>
        <testcase name="testTranslatorMax" file="/home/challe_p/dbwebb-kurser/mvc/me/report/tests/RulesTest.php" line="39" class="App\Game\RulesTest" classname="App.Game.RulesTest" assertions="1" time="0.006816"/>
        <testcase name="testTranslatorNoAces" file="/home/challe_p/dbwebb-kurser/mvc/me/report/tests/RulesTest.php" line="47" class="App\Game\RulesTest" classname="App.Game.RulesTest" assertions="1" time="0.005161"/>
        <testcase name="testMaxAces" file="/home/challe_p/dbwebb-kurser/mvc/me/report/tests/RulesTest.php" line="56" class="App\Game\RulesTest" classname="App.Game.RulesTest" assertions="2" time="0.005795"/>
      </testsuite>
      <testsuite name="App\Game\TarotDeckTest" file="/home/challe_p/dbwebb-kurser/mvc/me/report/tests/TarotDeckTest.php" tests="1" assertions="2" errors="0" failures="0" skipped="0" time="0.008776">
        <testcase name="testCreateTarotDeck" file="/home/challe_p/dbwebb-kurser/mvc/me/report/tests/TarotDeckTest.php" line="16" class="App\Game\TarotDeckTest" classname="App.Game.TarotDeckTest" assertions="2" time="0.008776"/>
      </testsuite>
    </testsuite>
  </testsuite>
</testsuites>
