<?xml version="1.0" encoding="UTF-8"?>
<testsuites>
  <testsuite name="/home/challe_p/dbwebb-kurser/mvc/me/report/phpunit.xml.dist" tests="88" assertions="193" errors="0" failures="0" skipped="0" time="3.303364">
    <testsuite name="Project Test Suite" tests="88" assertions="193" errors="0" failures="0" skipped="0" time="3.303364">
      <testsuite name="App\Game\CardHandTest" file="/home/challe_p/dbwebb-kurser/mvc/me/report/tests/CardHandTest.php" tests="5" assertions="9" errors="0" failures="0" skipped="0" time="0.105629">
        <testcase name="testCreateCardHand" file="/home/challe_p/dbwebb-kurser/mvc/me/report/tests/CardHandTest.php" line="18" class="App\Game\CardHandTest" classname="App.Game.CardHandTest" assertions="2" time="0.095840"/>
        <testcase name="testDraw" file="/home/challe_p/dbwebb-kurser/mvc/me/report/tests/CardHandTest.php" line="25" class="App\Game\CardHandTest" classname="App.Game.CardHandTest" assertions="1" time="0.002644"/>
        <testcase name="testRemoveCard" file="/home/challe_p/dbwebb-kurser/mvc/me/report/tests/CardHandTest.php" line="33" class="App\Game\CardHandTest" classname="App.Game.CardHandTest" assertions="2" time="0.002487"/>
        <testcase name="testEmptyHand" file="/home/challe_p/dbwebb-kurser/mvc/me/report/tests/CardHandTest.php" line="41" class="App\Game\CardHandTest" classname="App.Game.CardHandTest" assertions="1" time="0.002188"/>
        <testcase name="testAddCard" file="/home/challe_p/dbwebb-kurser/mvc/me/report/tests/CardHandTest.php" line="47" class="App\Game\CardHandTest" classname="App.Game.CardHandTest" assertions="3" time="0.002469"/>
      </testsuite>
      <testsuite name="App\Game\CardTest" file="/home/challe_p/dbwebb-kurser/mvc/me/report/tests/CardTest.php" tests="3" assertions="5" errors="0" failures="0" skipped="0" time="0.007048">
        <testcase name="testCreateCard" file="/home/challe_p/dbwebb-kurser/mvc/me/report/tests/CardTest.php" line="16" class="App\Game\CardTest" classname="App.Game.CardTest" assertions="3" time="0.001937"/>
        <testcase name="testgetImagePath" file="/home/challe_p/dbwebb-kurser/mvc/me/report/tests/CardTest.php" line="27" class="App\Game\CardTest" classname="App.Game.CardTest" assertions="1" time="0.001935"/>
        <testcase name="testToString" file="/home/challe_p/dbwebb-kurser/mvc/me/report/tests/CardTest.php" line="35" class="App\Game\CardTest" classname="App.Game.CardTest" assertions="1" time="0.003176"/>
      </testsuite>
      <testsuite name="App\Tests\Controller\GameApiControllerTest" file="/home/challe_p/dbwebb-kurser/mvc/me/report/tests/Controller/GameApiControllerTest.php" tests="7" assertions="15" errors="0" failures="0" skipped="0" time="0.339597">
        <testcase name="testApiDeck" file="/home/challe_p/dbwebb-kurser/mvc/me/report/tests/Controller/GameApiControllerTest.php" line="10" class="App\Tests\Controller\GameApiControllerTest" classname="App.Tests.Controller.GameApiControllerTest" assertions="3" time="0.228787"/>
        <testcase name="testApiDeckShuffleApi" file="/home/challe_p/dbwebb-kurser/mvc/me/report/tests/Controller/GameApiControllerTest.php" line="77" class="App\Tests\Controller\GameApiControllerTest" classname="App.Tests.Controller.GameApiControllerTest" assertions="2" time="0.016708"/>
        <testcase name="testApiDeckDraw" file="/home/challe_p/dbwebb-kurser/mvc/me/report/tests/Controller/GameApiControllerTest.php" line="86" class="App\Tests\Controller\GameApiControllerTest" classname="App.Tests.Controller.GameApiControllerTest" assertions="2" time="0.017696"/>
        <testcase name="testApiDeckDeal" file="/home/challe_p/dbwebb-kurser/mvc/me/report/tests/Controller/GameApiControllerTest.php" line="96" class="App\Tests\Controller\GameApiControllerTest" classname="App.Tests.Controller.GameApiControllerTest" assertions="2" time="0.018183"/>
        <testcase name="testApiDeckDealTooMany" file="/home/challe_p/dbwebb-kurser/mvc/me/report/tests/Controller/GameApiControllerTest.php" line="109" class="App\Tests\Controller\GameApiControllerTest" classname="App.Tests.Controller.GameApiControllerTest" assertions="2" time="0.020342"/>
        <testcase name="testApiDeckDealWrongInput" file="/home/challe_p/dbwebb-kurser/mvc/me/report/tests/Controller/GameApiControllerTest.php" line="122" class="App\Tests\Controller\GameApiControllerTest" classname="App.Tests.Controller.GameApiControllerTest" assertions="2" time="0.023206"/>
        <testcase name="testApiDeckDrawWrongInput" file="/home/challe_p/dbwebb-kurser/mvc/me/report/tests/Controller/GameApiControllerTest.php" line="135" class="App\Tests\Controller\GameApiControllerTest" classname="App.Tests.Controller.GameApiControllerTest" assertions="2" time="0.014675"/>
      </testsuite>
      <testsuite name="App\Tests\Controller\GameDrawControllerTest" file="/home/challe_p/dbwebb-kurser/mvc/me/report/tests/Controller/GameDrawControllerTest.php" tests="8" assertions="21" errors="0" failures="0" skipped="0" time="1.388336">
        <testcase name="testDraw" file="/home/challe_p/dbwebb-kurser/mvc/me/report/tests/Controller/GameDrawControllerTest.php" line="10" class="App\Tests\Controller\GameDrawControllerTest" classname="App.Tests.Controller.GameDrawControllerTest" assertions="3" time="1.167418"/>
        <testcase name="testDrawAmount" file="/home/challe_p/dbwebb-kurser/mvc/me/report/tests/Controller/GameDrawControllerTest.php" line="24" class="App\Tests\Controller\GameDrawControllerTest" classname="App.Tests.Controller.GameDrawControllerTest" assertions="2" time="0.026475"/>
        <testcase name="testDrawTooMany" file="/home/challe_p/dbwebb-kurser/mvc/me/report/tests/Controller/GameDrawControllerTest.php" line="33" class="App\Tests\Controller\GameDrawControllerTest" classname="App.Tests.Controller.GameDrawControllerTest" assertions="4" time="0.026276"/>
        <testcase name="testDeal" file="/home/challe_p/dbwebb-kurser/mvc/me/report/tests/Controller/GameDrawControllerTest.php" line="43" class="App\Tests\Controller\GameDrawControllerTest" classname="App.Tests.Controller.GameDrawControllerTest" assertions="2" time="0.027671"/>
        <testcase name="testDealTooMany" file="/home/challe_p/dbwebb-kurser/mvc/me/report/tests/Controller/GameDrawControllerTest.php" line="52" class="App\Tests\Controller\GameDrawControllerTest" classname="App.Tests.Controller.GameDrawControllerTest" assertions="4" time="0.026301"/>
        <testcase name="testShuffleDeckToDraw" file="/home/challe_p/dbwebb-kurser/mvc/me/report/tests/Controller/GameDrawControllerTest.php" line="62" class="App\Tests\Controller\GameDrawControllerTest" classname="App.Tests.Controller.GameDrawControllerTest" assertions="2" time="0.039495"/>
        <testcase name="testDrawAmountPost" file="/home/challe_p/dbwebb-kurser/mvc/me/report/tests/Controller/GameDrawControllerTest.php" line="72" class="App\Tests\Controller\GameDrawControllerTest" classname="App.Tests.Controller.GameDrawControllerTest" assertions="2" time="0.037702"/>
        <testcase name="testDealPost" file="/home/challe_p/dbwebb-kurser/mvc/me/report/tests/Controller/GameDrawControllerTest.php" line="82" class="App\Tests\Controller\GameDrawControllerTest" classname="App.Tests.Controller.GameDrawControllerTest" assertions="2" time="0.036998"/>
      </testsuite>
      <testsuite name="App\Tests\Controller\LibraryControllerTest" file="/home/challe_p/dbwebb-kurser/mvc/me/report/tests/Controller/LibraryControllerTest.php" tests="8" assertions="41" errors="0" failures="0" skipped="0" time="0.943493">
        <testcase name="testLibrary" file="/home/challe_p/dbwebb-kurser/mvc/me/report/tests/Controller/LibraryControllerTest.php" line="10" class="App\Tests\Controller\LibraryControllerTest" classname="App.Tests.Controller.LibraryControllerTest" assertions="4" time="0.098845"/>
        <testcase name="testShowBookById" file="/home/challe_p/dbwebb-kurser/mvc/me/report/tests/Controller/LibraryControllerTest.php" line="20" class="App\Tests\Controller\LibraryControllerTest" classname="App.Tests.Controller.LibraryControllerTest" assertions="2" time="0.025275"/>
        <testcase name="testCreateForm" file="/home/challe_p/dbwebb-kurser/mvc/me/report/tests/Controller/LibraryControllerTest.php" line="29" class="App\Tests\Controller\LibraryControllerTest" classname="App.Tests.Controller.LibraryControllerTest" assertions="2" time="0.020244"/>
        <testcase name="testUpdateBookById" file="/home/challe_p/dbwebb-kurser/mvc/me/report/tests/Controller/LibraryControllerTest.php" line="38" class="App\Tests\Controller\LibraryControllerTest" classname="App.Tests.Controller.LibraryControllerTest" assertions="2" time="0.024201"/>
        <testcase name="testCreateDelete" file="/home/challe_p/dbwebb-kurser/mvc/me/report/tests/Controller/LibraryControllerTest.php" line="47" class="App\Tests\Controller\LibraryControllerTest" classname="App.Tests.Controller.LibraryControllerTest" assertions="11" time="0.135464"/>
        <testcase name="testDeleteNotFound" file="/home/challe_p/dbwebb-kurser/mvc/me/report/tests/Controller/LibraryControllerTest.php" line="83" class="App\Tests\Controller\LibraryControllerTest" classname="App.Tests.Controller.LibraryControllerTest" assertions="1" time="0.263003"/>
        <testcase name="testUpdateBook" file="/home/challe_p/dbwebb-kurser/mvc/me/report/tests/Controller/LibraryControllerTest.php" line="90" class="App\Tests\Controller\LibraryControllerTest" classname="App.Tests.Controller.LibraryControllerTest" assertions="17" time="0.316209"/>
        <testcase name="testUpdateBookNotFound" file="/home/challe_p/dbwebb-kurser/mvc/me/report/tests/Controller/LibraryControllerTest.php" line="145" class="App\Tests\Controller\LibraryControllerTest" classname="App.Tests.Controller.LibraryControllerTest" assertions="2" time="0.060252"/>
      </testsuite>
      <testsuite name="App\Tests\Controller\TwentyOneApiControllerTest" file="/home/challe_p/dbwebb-kurser/mvc/me/report/tests/Controller/TwentyOneApiControllerTest.php" tests="3" assertions="4" errors="0" failures="0" skipped="0" time="0.219764">
        <testcase name="testGameApiEmpty" file="/home/challe_p/dbwebb-kurser/mvc/me/report/tests/Controller/TwentyOneApiControllerTest.php" line="11" class="App\Tests\Controller\TwentyOneApiControllerTest" classname="App.Tests.Controller.TwentyOneApiControllerTest" assertions="1" time="0.031119"/>
        <testcase name="testGameApi" file="/home/challe_p/dbwebb-kurser/mvc/me/report/tests/Controller/TwentyOneApiControllerTest.php" line="19" class="App\Tests\Controller\TwentyOneApiControllerTest" classname="App.Tests.Controller.TwentyOneApiControllerTest" assertions="2" time="0.137503"/>
        <testcase name="testStart" file="/home/challe_p/dbwebb-kurser/mvc/me/report/tests/Controller/TwentyOneApiControllerTest.php" line="40" class="App\Tests\Controller\TwentyOneApiControllerTest" classname="App.Tests.Controller.TwentyOneApiControllerTest" assertions="1" time="0.051143"/>
      </testsuite>
      <testsuite name="App\Tests\Controller\TwentyOneControllerTest" file="/home/challe_p/dbwebb-kurser/mvc/me/report/tests/Controller/TwentyOneControllerTest.php" tests="3" assertions="4" errors="0" failures="0" skipped="0" time="0.078849">
        <testcase name="testGamePlay" file="/home/challe_p/dbwebb-kurser/mvc/me/report/tests/Controller/TwentyOneControllerTest.php" line="10" class="App\Tests\Controller\TwentyOneControllerTest" classname="App.Tests.Controller.TwentyOneControllerTest" assertions="2" time="0.024283"/>
        <testcase name="testGameDoc" file="/home/challe_p/dbwebb-kurser/mvc/me/report/tests/Controller/TwentyOneControllerTest.php" line="28" class="App\Tests\Controller\TwentyOneControllerTest" classname="App.Tests.Controller.TwentyOneControllerTest" assertions="1" time="0.029535"/>
        <testcase name="testStart" file="/home/challe_p/dbwebb-kurser/mvc/me/report/tests/Controller/TwentyOneControllerTest.php" line="36" class="App\Tests\Controller\TwentyOneControllerTest" classname="App.Tests.Controller.TwentyOneControllerTest" assertions="1" time="0.025031"/>
      </testsuite>
      <testsuite name="App\Game\DeckOfCardsTest" file="/home/challe_p/dbwebb-kurser/mvc/me/report/tests/DeckOfCardsTest.php" tests="7" assertions="14" errors="0" failures="0" skipped="0" time="0.024626">
        <testcase name="testCreateDeckOfCards" file="/home/challe_p/dbwebb-kurser/mvc/me/report/tests/DeckOfCardsTest.php" line="18" class="App\Game\DeckOfCardsTest" classname="App.Game.DeckOfCardsTest" assertions="1" time="0.002919"/>
        <testcase name="testPrintAll" file="/home/challe_p/dbwebb-kurser/mvc/me/report/tests/DeckOfCardsTest.php" line="24" class="App\Game\DeckOfCardsTest" classname="App.Game.DeckOfCardsTest" assertions="1" time="0.003001"/>
        <testcase name="testGetCards" file="/home/challe_p/dbwebb-kurser/mvc/me/report/tests/DeckOfCardsTest.php" line="39" class="App\Game\DeckOfCardsTest" classname="App.Game.DeckOfCardsTest" assertions="1" time="0.002763"/>
        <testcase name="testShuffle" file="/home/challe_p/dbwebb-kurser/mvc/me/report/tests/DeckOfCardsTest.php" line="45" class="App\Game\DeckOfCardsTest" classname="App.Game.DeckOfCardsTest" assertions="1" time="0.003733"/>
        <testcase name="testDrawCard" file="/home/challe_p/dbwebb-kurser/mvc/me/report/tests/DeckOfCardsTest.php" line="54" class="App\Game\DeckOfCardsTest" classname="App.Game.DeckOfCardsTest" assertions="3" time="0.004181"/>
        <testcase name="testShuffleDrawn" file="/home/challe_p/dbwebb-kurser/mvc/me/report/tests/DeckOfCardsTest.php" line="66" class="App\Game\DeckOfCardsTest" classname="App.Game.DeckOfCardsTest" assertions="6" time="0.004863"/>
        <testcase name="testDrawCards" file="/home/challe_p/dbwebb-kurser/mvc/me/report/tests/DeckOfCardsTest.php" line="78" class="App\Game\DeckOfCardsTest" classname="App.Game.DeckOfCardsTest" assertions="1" time="0.003166"/>
      </testsuite>
      <testsuite name="App\Game\Exceptions\ExceptionsTest" file="/home/challe_p/dbwebb-kurser/mvc/me/report/tests/ExceptionsTest.php" tests="1" assertions="2" errors="0" failures="0" skipped="0" time="0.002655">
        <testcase name="testCreateEmptyDeckException" file="/home/challe_p/dbwebb-kurser/mvc/me/report/tests/ExceptionsTest.php" line="16" class="App\Game\Exceptions\ExceptionsTest" classname="App.Game.Exceptions.ExceptionsTest" assertions="2" time="0.002655"/>
      </testsuite>
      <testsuite name="App\Game\GameLogicTest" file="/home/challe_p/dbwebb-kurser/mvc/me/report/tests/GameLogicTest.php" tests="6" assertions="16" errors="0" failures="0" skipped="0" time="0.027829">
        <testcase name="testCreateGameLogic" file="/home/challe_p/dbwebb-kurser/mvc/me/report/tests/GameLogicTest.php" line="30" class="App\Game\GameLogicTest" classname="App.Game.GameLogicTest" assertions="1" time="0.003257"/>
        <testcase name="testPlay" file="/home/challe_p/dbwebb-kurser/mvc/me/report/tests/GameLogicTest.php" line="39" class="App\Game\GameLogicTest" classname="App.Game.GameLogicTest" assertions="5" time="0.004387"/>
        <testcase name="testPlayHoldBank" file="/home/challe_p/dbwebb-kurser/mvc/me/report/tests/GameLogicTest.php" line="54" class="App\Game\GameLogicTest" classname="App.Game.GameLogicTest" assertions="5" time="0.004519"/>
        <testcase name="testPlayerHigherScore" file="/home/challe_p/dbwebb-kurser/mvc/me/report/tests/GameLogicTest.php" line="69" class="App\Game\GameLogicTest" classname="App.Game.GameLogicTest" assertions="2" time="0.005527"/>
        <testcase name="testPlayerWin" file="/home/challe_p/dbwebb-kurser/mvc/me/report/tests/GameLogicTest.php" line="83" class="App\Game\GameLogicTest" classname="App.Game.GameLogicTest" assertions="2" time="0.004651"/>
        <testcase name="testOutOfBoundsException" file="/home/challe_p/dbwebb-kurser/mvc/me/report/tests/GameLogicTest.php" line="95" class="App\Game\GameLogicTest" classname="App.Game.GameLogicTest" assertions="1" time="0.005488"/>
      </testsuite>
      <testsuite name="App\Game\PlayerTest" file="/home/challe_p/dbwebb-kurser/mvc/me/report/tests/PlayerTest.php" tests="5" assertions="13" errors="0" failures="0" skipped="0" time="0.019097">
        <testcase name="testCreatePlayer" file="/home/challe_p/dbwebb-kurser/mvc/me/report/tests/PlayerTest.php" line="19" class="App\Game\PlayerTest" classname="App.Game.PlayerTest" assertions="3" time="0.003741"/>
        <testcase name="testSetName" file="/home/challe_p/dbwebb-kurser/mvc/me/report/tests/PlayerTest.php" line="27" class="App\Game\PlayerTest" classname="App.Game.PlayerTest" assertions="2" time="0.003136"/>
        <testcase name="testSetScore" file="/home/challe_p/dbwebb-kurser/mvc/me/report/tests/PlayerTest.php" line="35" class="App\Game\PlayerTest" classname="App.Game.PlayerTest" assertions="2" time="0.003710"/>
        <testcase name="testGetHand" file="/home/challe_p/dbwebb-kurser/mvc/me/report/tests/PlayerTest.php" line="43" class="App\Game\PlayerTest" classname="App.Game.PlayerTest" assertions="2" time="0.004444"/>
        <testcase name="testSetHand" file="/home/challe_p/dbwebb-kurser/mvc/me/report/tests/PlayerTest.php" line="50" class="App\Game\PlayerTest" classname="App.Game.PlayerTest" assertions="4" time="0.004067"/>
      </testsuite>
      <testsuite name="App\Project\MatTest" file="/home/challe_p/dbwebb-kurser/mvc/me/report/tests/Project/MatTest.php" tests="3" assertions="5" errors="0" failures="0" skipped="0" time="0.030867">
        <testcase name="testCreateMat" file="/home/challe_p/dbwebb-kurser/mvc/me/report/tests/Project/MatTest.php" line="13" class="App\Project\MatTest" classname="App.Project.MatTest" assertions="1" time="0.024763"/>
        <testcase name="testPrintEmpty" file="/home/challe_p/dbwebb-kurser/mvc/me/report/tests/Project/MatTest.php" line="19" class="App\Project\MatTest" classname="App.Project.MatTest" assertions="1" time="0.003174"/>
        <testcase name="testSetCard" file="/home/challe_p/dbwebb-kurser/mvc/me/report/tests/Project/MatTest.php" line="31" class="App\Project\MatTest" classname="App.Project.MatTest" assertions="3" time="0.002930"/>
      </testsuite>
      <testsuite name="App\Project\PokerLogicTest" file="/home/challe_p/dbwebb-kurser/mvc/me/report/tests/Project/PokerLogicTest.php" tests="2" assertions="11" errors="0" failures="0" skipped="0" time="0.014213">
        <testcase name="testCreateMat" file="/home/challe_p/dbwebb-kurser/mvc/me/report/tests/Project/PokerLogicTest.php" line="12" class="App\Project\PokerLogicTest" classname="App.Project.PokerLogicTest" assertions="1" time="0.010220"/>
        <testcase name="testAutofill" file="/home/challe_p/dbwebb-kurser/mvc/me/report/tests/Project/PokerLogicTest.php" line="18" class="App\Project\PokerLogicTest" classname="App.Project.PokerLogicTest" assertions="10" time="0.003993"/>
      </testsuite>
      <testsuite name="App\Project\RowTest" file="/home/challe_p/dbwebb-kurser/mvc/me/report/tests/Project/RowTest.php" tests="6" assertions="10" errors="0" failures="0" skipped="0" time="0.023476">
        <testcase name="testCreateRow" file="/home/challe_p/dbwebb-kurser/mvc/me/report/tests/Project/RowTest.php" line="18" class="App\Project\RowTest" classname="App.Project.RowTest" assertions="2" time="0.003901"/>
        <testcase name="testSetCard" file="/home/challe_p/dbwebb-kurser/mvc/me/report/tests/Project/RowTest.php" line="25" class="App\Project\RowTest" classname="App.Project.RowTest" assertions="2" time="0.003063"/>
        <testcase name="testSetCardFull" file="/home/challe_p/dbwebb-kurser/mvc/me/report/tests/Project/RowTest.php" line="36" class="App\Project\RowTest" classname="App.Project.RowTest" assertions="2" time="0.007570"/>
        <testcase name="testToString" file="/home/challe_p/dbwebb-kurser/mvc/me/report/tests/Project/RowTest.php" line="45" class="App\Project\RowTest" classname="App.Project.RowTest" assertions="1" time="0.002918"/>
        <testcase name="testIsFilled" file="/home/challe_p/dbwebb-kurser/mvc/me/report/tests/Project/RowTest.php" line="54" class="App\Project\RowTest" classname="App.Project.RowTest" assertions="2" time="0.003206"/>
        <testcase name="testSetGetScore" file="/home/challe_p/dbwebb-kurser/mvc/me/report/tests/Project/RowTest.php" line="66" class="App\Project\RowTest" classname="App.Project.RowTest" assertions="1" time="0.002817"/>
      </testsuite>
      <testsuite name="App\Project\ProjectRulesTest" file="/home/challe_p/dbwebb-kurser/mvc/me/report/tests/Project/RulesTest.php" tests="14" assertions="14" errors="0" failures="0" skipped="0" time="0.049403">
        <testcase name="testStraightNonRoyalNonFlush" file="/home/challe_p/dbwebb-kurser/mvc/me/report/tests/Project/RulesTest.php" line="14" class="App\Project\ProjectRulesTest" classname="App.Project.ProjectRulesTest" assertions="1" time="0.004190"/>
        <testcase name="testStraightFlush" file="/home/challe_p/dbwebb-kurser/mvc/me/report/tests/Project/RulesTest.php" line="26" class="App\Project\ProjectRulesTest" classname="App.Project.ProjectRulesTest" assertions="1" time="0.003189"/>
        <testcase name="testRoyalFlush" file="/home/challe_p/dbwebb-kurser/mvc/me/report/tests/Project/RulesTest.php" line="38" class="App\Project\ProjectRulesTest" classname="App.Project.ProjectRulesTest" assertions="1" time="0.002747"/>
        <testcase name="testFlush" file="/home/challe_p/dbwebb-kurser/mvc/me/report/tests/Project/RulesTest.php" line="50" class="App\Project\ProjectRulesTest" classname="App.Project.ProjectRulesTest" assertions="1" time="0.004829"/>
        <testcase name="testFlushNoStraightWithAce" file="/home/challe_p/dbwebb-kurser/mvc/me/report/tests/Project/RulesTest.php" line="62" class="App\Project\ProjectRulesTest" classname="App.Project.ProjectRulesTest" assertions="1" time="0.002893"/>
        <testcase name="testStraightWithAce" file="/home/challe_p/dbwebb-kurser/mvc/me/report/tests/Project/RulesTest.php" line="74" class="App\Project\ProjectRulesTest" classname="App.Project.ProjectRulesTest" assertions="1" time="0.003169"/>
        <testcase name="testFullHouse" file="/home/challe_p/dbwebb-kurser/mvc/me/report/tests/Project/RulesTest.php" line="86" class="App\Project\ProjectRulesTest" classname="App.Project.ProjectRulesTest" assertions="1" time="0.004149"/>
        <testcase name="testFourOfAKind" file="/home/challe_p/dbwebb-kurser/mvc/me/report/tests/Project/RulesTest.php" line="98" class="App\Project\ProjectRulesTest" classname="App.Project.ProjectRulesTest" assertions="1" time="0.002810"/>
        <testcase name="testNothing" file="/home/challe_p/dbwebb-kurser/mvc/me/report/tests/Project/RulesTest.php" line="110" class="App\Project\ProjectRulesTest" classname="App.Project.ProjectRulesTest" assertions="1" time="0.003278"/>
        <testcase name="testUnfilledRow" file="/home/challe_p/dbwebb-kurser/mvc/me/report/tests/Project/RulesTest.php" line="122" class="App\Project\ProjectRulesTest" classname="App.Project.ProjectRulesTest" assertions="1" time="0.002703"/>
        <testcase name="testPair" file="/home/challe_p/dbwebb-kurser/mvc/me/report/tests/Project/RulesTest.php" line="130" class="App\Project\ProjectRulesTest" classname="App.Project.ProjectRulesTest" assertions="1" time="0.004212"/>
        <testcase name="testTwoPair" file="/home/challe_p/dbwebb-kurser/mvc/me/report/tests/Project/RulesTest.php" line="142" class="App\Project\ProjectRulesTest" classname="App.Project.ProjectRulesTest" assertions="1" time="0.002479"/>
        <testcase name="testThreeOfAKind" file="/home/challe_p/dbwebb-kurser/mvc/me/report/tests/Project/RulesTest.php" line="154" class="App\Project\ProjectRulesTest" classname="App.Project.ProjectRulesTest" assertions="1" time="0.002395"/>
        <testcase name="testInvalidRow" file="/home/challe_p/dbwebb-kurser/mvc/me/report/tests/Project/RulesTest.php" line="166" class="App\Project\ProjectRulesTest" classname="App.Project.ProjectRulesTest" assertions="1" time="0.006361"/>
      </testsuite>
      <testsuite name="App\Game\RulesTest" file="/home/challe_p/dbwebb-kurser/mvc/me/report/tests/RulesTest.php" tests="6" assertions="7" errors="0" failures="0" skipped="0" time="0.016431">
        <testcase name="testCreateRules" file="/home/challe_p/dbwebb-kurser/mvc/me/report/tests/RulesTest.php" line="19" class="App\Game\RulesTest" classname="App.Game.RulesTest" assertions="1" time="0.002360"/>
        <testcase name="testCreateCustom" file="/home/challe_p/dbwebb-kurser/mvc/me/report/tests/RulesTest.php" line="25" class="App\Game\RulesTest" classname="App.Game.RulesTest" assertions="1" time="0.002304"/>
        <testcase name="testTranslator" file="/home/challe_p/dbwebb-kurser/mvc/me/report/tests/RulesTest.php" line="31" class="App\Game\RulesTest" classname="App.Game.RulesTest" assertions="1" time="0.002591"/>
        <testcase name="testTranslatorMax" file="/home/challe_p/dbwebb-kurser/mvc/me/report/tests/RulesTest.php" line="39" class="App\Game\RulesTest" classname="App.Game.RulesTest" assertions="1" time="0.003608"/>
        <testcase name="testTranslatorNoAces" file="/home/challe_p/dbwebb-kurser/mvc/me/report/tests/RulesTest.php" line="47" class="App\Game\RulesTest" classname="App.Game.RulesTest" assertions="1" time="0.002794"/>
        <testcase name="testMaxAces" file="/home/challe_p/dbwebb-kurser/mvc/me/report/tests/RulesTest.php" line="56" class="App\Game\RulesTest" classname="App.Game.RulesTest" assertions="2" time="0.002775"/>
      </testsuite>
      <testsuite name="App\Game\TarotDeckTest" file="/home/challe_p/dbwebb-kurser/mvc/me/report/tests/TarotDeckTest.php" tests="1" assertions="2" errors="0" failures="0" skipped="0" time="0.012053">
        <testcase name="testCreateTarotDeck" file="/home/challe_p/dbwebb-kurser/mvc/me/report/tests/TarotDeckTest.php" line="16" class="App\Game\TarotDeckTest" classname="App.Game.TarotDeckTest" assertions="2" time="0.012053"/>
      </testsuite>
    </testsuite>
  </testsuite>
</testsuites>
