<?xml version="1.0" encoding="UTF-8"?>
<testsuites>
  <testsuite name="/home/challe_p/dbwebb-kurser/mvc/me/report/phpunit.xml.dist" tests="155" assertions="419" errors="0" failures="0" skipped="0" time="11.232273">
    <testsuite name="Project Test Suite" tests="155" assertions="419" errors="0" failures="0" skipped="0" time="11.232273">
      <testsuite name="App\Game\CardHandTest" file="/home/challe_p/dbwebb-kurser/mvc/me/report/tests/CardHandTest.php" tests="5" assertions="9" errors="0" failures="0" skipped="0" time="0.130479">
        <testcase name="testCreateCardHand" file="/home/challe_p/dbwebb-kurser/mvc/me/report/tests/CardHandTest.php" line="18" class="App\Game\CardHandTest" classname="App.Game.CardHandTest" assertions="2" time="0.118279"/>
        <testcase name="testDraw" file="/home/challe_p/dbwebb-kurser/mvc/me/report/tests/CardHandTest.php" line="25" class="App\Game\CardHandTest" classname="App.Game.CardHandTest" assertions="1" time="0.003020"/>
        <testcase name="testRemoveCard" file="/home/challe_p/dbwebb-kurser/mvc/me/report/tests/CardHandTest.php" line="33" class="App\Game\CardHandTest" classname="App.Game.CardHandTest" assertions="2" time="0.002969"/>
        <testcase name="testEmptyHand" file="/home/challe_p/dbwebb-kurser/mvc/me/report/tests/CardHandTest.php" line="41" class="App\Game\CardHandTest" classname="App.Game.CardHandTest" assertions="1" time="0.002937"/>
        <testcase name="testAddCard" file="/home/challe_p/dbwebb-kurser/mvc/me/report/tests/CardHandTest.php" line="47" class="App\Game\CardHandTest" classname="App.Game.CardHandTest" assertions="3" time="0.003274"/>
      </testsuite>
      <testsuite name="App\Game\CardTest" file="/home/challe_p/dbwebb-kurser/mvc/me/report/tests/CardTest.php" tests="3" assertions="5" errors="0" failures="0" skipped="0" time="0.008738">
        <testcase name="testCreateCard" file="/home/challe_p/dbwebb-kurser/mvc/me/report/tests/CardTest.php" line="16" class="App\Game\CardTest" classname="App.Game.CardTest" assertions="3" time="0.002670"/>
        <testcase name="testgetImagePath" file="/home/challe_p/dbwebb-kurser/mvc/me/report/tests/CardTest.php" line="27" class="App\Game\CardTest" classname="App.Game.CardTest" assertions="1" time="0.002886"/>
        <testcase name="testToString" file="/home/challe_p/dbwebb-kurser/mvc/me/report/tests/CardTest.php" line="35" class="App\Game\CardTest" classname="App.Game.CardTest" assertions="1" time="0.003182"/>
      </testsuite>
      <testsuite name="App\Tests\Controller\GameApiControllerTest" file="/home/challe_p/dbwebb-kurser/mvc/me/report/tests/Controller/GameApiControllerTest.php" tests="7" assertions="15" errors="0" failures="0" skipped="0" time="0.474189">
        <testcase name="testApiDeck" file="/home/challe_p/dbwebb-kurser/mvc/me/report/tests/Controller/GameApiControllerTest.php" line="71" class="App\Tests\Controller\GameApiControllerTest" classname="App.Tests.Controller.GameApiControllerTest" assertions="3" time="0.321709"/>
        <testcase name="testApiDeckShuffleApi" file="/home/challe_p/dbwebb-kurser/mvc/me/report/tests/Controller/GameApiControllerTest.php" line="82" class="App\Tests\Controller\GameApiControllerTest" classname="App.Tests.Controller.GameApiControllerTest" assertions="2" time="0.025948"/>
        <testcase name="testApiDeckDraw" file="/home/challe_p/dbwebb-kurser/mvc/me/report/tests/Controller/GameApiControllerTest.php" line="91" class="App\Tests\Controller\GameApiControllerTest" classname="App.Tests.Controller.GameApiControllerTest" assertions="2" time="0.023827"/>
        <testcase name="testApiDeckDeal" file="/home/challe_p/dbwebb-kurser/mvc/me/report/tests/Controller/GameApiControllerTest.php" line="101" class="App\Tests\Controller\GameApiControllerTest" classname="App.Tests.Controller.GameApiControllerTest" assertions="2" time="0.029493"/>
        <testcase name="testApiDeckDealTooMany" file="/home/challe_p/dbwebb-kurser/mvc/me/report/tests/Controller/GameApiControllerTest.php" line="114" class="App\Tests\Controller\GameApiControllerTest" classname="App.Tests.Controller.GameApiControllerTest" assertions="2" time="0.031117"/>
        <testcase name="testApiDeckDealWrongInput" file="/home/challe_p/dbwebb-kurser/mvc/me/report/tests/Controller/GameApiControllerTest.php" line="127" class="App\Tests\Controller\GameApiControllerTest" classname="App.Tests.Controller.GameApiControllerTest" assertions="2" time="0.020983"/>
        <testcase name="testApiDeckDrawWrongInput" file="/home/challe_p/dbwebb-kurser/mvc/me/report/tests/Controller/GameApiControllerTest.php" line="140" class="App\Tests\Controller\GameApiControllerTest" classname="App.Tests.Controller.GameApiControllerTest" assertions="2" time="0.021111"/>
      </testsuite>
      <testsuite name="App\Tests\Controller\GameControllerTest" file="/home/challe_p/dbwebb-kurser/mvc/me/report/tests/Controller/GameControllerTest.php" tests="3" assertions="9" errors="0" failures="0" skipped="0" time="0.176588">
        <testcase name="testFirst" file="/home/challe_p/dbwebb-kurser/mvc/me/report/tests/Controller/GameControllerTest.php" line="10" class="App\Tests\Controller\GameControllerTest" classname="App.Tests.Controller.GameControllerTest" assertions="3" time="0.098853"/>
        <testcase name="testDeck" file="/home/challe_p/dbwebb-kurser/mvc/me/report/tests/Controller/GameControllerTest.php" line="19" class="App\Tests\Controller\GameControllerTest" classname="App.Tests.Controller.GameControllerTest" assertions="3" time="0.040066"/>
        <testcase name="testShuffle" file="/home/challe_p/dbwebb-kurser/mvc/me/report/tests/Controller/GameControllerTest.php" line="28" class="App\Tests\Controller\GameControllerTest" classname="App.Tests.Controller.GameControllerTest" assertions="3" time="0.037670"/>
      </testsuite>
      <testsuite name="App\Tests\Controller\GameDrawControllerTest" file="/home/challe_p/dbwebb-kurser/mvc/me/report/tests/Controller/GameDrawControllerTest.php" tests="8" assertions="21" errors="0" failures="0" skipped="0" time="1.768633">
        <testcase name="testDraw" file="/home/challe_p/dbwebb-kurser/mvc/me/report/tests/Controller/GameDrawControllerTest.php" line="10" class="App\Tests\Controller\GameDrawControllerTest" classname="App.Tests.Controller.GameDrawControllerTest" assertions="3" time="1.480326"/>
        <testcase name="testDrawAmount" file="/home/challe_p/dbwebb-kurser/mvc/me/report/tests/Controller/GameDrawControllerTest.php" line="24" class="App\Tests\Controller\GameDrawControllerTest" classname="App.Tests.Controller.GameDrawControllerTest" assertions="2" time="0.028884"/>
        <testcase name="testDrawTooMany" file="/home/challe_p/dbwebb-kurser/mvc/me/report/tests/Controller/GameDrawControllerTest.php" line="33" class="App\Tests\Controller\GameDrawControllerTest" classname="App.Tests.Controller.GameDrawControllerTest" assertions="4" time="0.030163"/>
        <testcase name="testDeal" file="/home/challe_p/dbwebb-kurser/mvc/me/report/tests/Controller/GameDrawControllerTest.php" line="43" class="App\Tests\Controller\GameDrawControllerTest" classname="App.Tests.Controller.GameDrawControllerTest" assertions="2" time="0.035170"/>
        <testcase name="testDealTooMany" file="/home/challe_p/dbwebb-kurser/mvc/me/report/tests/Controller/GameDrawControllerTest.php" line="52" class="App\Tests\Controller\GameDrawControllerTest" classname="App.Tests.Controller.GameDrawControllerTest" assertions="4" time="0.040484"/>
        <testcase name="testShuffleDeckToDraw" file="/home/challe_p/dbwebb-kurser/mvc/me/report/tests/Controller/GameDrawControllerTest.php" line="62" class="App\Tests\Controller\GameDrawControllerTest" classname="App.Tests.Controller.GameDrawControllerTest" assertions="2" time="0.058297"/>
        <testcase name="testDrawAmountPost" file="/home/challe_p/dbwebb-kurser/mvc/me/report/tests/Controller/GameDrawControllerTest.php" line="72" class="App\Tests\Controller\GameDrawControllerTest" classname="App.Tests.Controller.GameDrawControllerTest" assertions="2" time="0.050762"/>
        <testcase name="testDealPost" file="/home/challe_p/dbwebb-kurser/mvc/me/report/tests/Controller/GameDrawControllerTest.php" line="82" class="App\Tests\Controller\GameDrawControllerTest" classname="App.Tests.Controller.GameDrawControllerTest" assertions="2" time="0.044547"/>
      </testsuite>
      <testsuite name="App\Tests\Controller\LibraryApiControllerTest" file="/home/challe_p/dbwebb-kurser/mvc/me/report/tests/Controller/LibraryApiControllerTest.php" tests="2" assertions="2" errors="0" failures="0" skipped="0" time="0.126095">
        <testcase name="testFindAll" file="/home/challe_p/dbwebb-kurser/mvc/me/report/tests/Controller/LibraryApiControllerTest.php" line="10" class="App\Tests\Controller\LibraryApiControllerTest" classname="App.Tests.Controller.LibraryApiControllerTest" assertions="1" time="0.091370"/>
        <testcase name="testFindNull" file="/home/challe_p/dbwebb-kurser/mvc/me/report/tests/Controller/LibraryApiControllerTest.php" line="18" class="App\Tests\Controller\LibraryApiControllerTest" classname="App.Tests.Controller.LibraryApiControllerTest" assertions="1" time="0.034725"/>
      </testsuite>
      <testsuite name="App\Tests\Controller\LibraryControllerTest" file="/home/challe_p/dbwebb-kurser/mvc/me/report/tests/Controller/LibraryControllerTest.php" tests="8" assertions="41" errors="0" failures="0" skipped="0" time="0.874307">
        <testcase name="testLibrary" file="/home/challe_p/dbwebb-kurser/mvc/me/report/tests/Controller/LibraryControllerTest.php" line="10" class="App\Tests\Controller\LibraryControllerTest" classname="App.Tests.Controller.LibraryControllerTest" assertions="4" time="0.073627"/>
        <testcase name="testShowBookById" file="/home/challe_p/dbwebb-kurser/mvc/me/report/tests/Controller/LibraryControllerTest.php" line="20" class="App\Tests\Controller\LibraryControllerTest" classname="App.Tests.Controller.LibraryControllerTest" assertions="2" time="0.029197"/>
        <testcase name="testCreateForm" file="/home/challe_p/dbwebb-kurser/mvc/me/report/tests/Controller/LibraryControllerTest.php" line="29" class="App\Tests\Controller\LibraryControllerTest" classname="App.Tests.Controller.LibraryControllerTest" assertions="2" time="0.032235"/>
        <testcase name="testUpdateBookById" file="/home/challe_p/dbwebb-kurser/mvc/me/report/tests/Controller/LibraryControllerTest.php" line="38" class="App\Tests\Controller\LibraryControllerTest" classname="App.Tests.Controller.LibraryControllerTest" assertions="2" time="0.036499"/>
        <testcase name="testCreateDelete" file="/home/challe_p/dbwebb-kurser/mvc/me/report/tests/Controller/LibraryControllerTest.php" line="47" class="App\Tests\Controller\LibraryControllerTest" classname="App.Tests.Controller.LibraryControllerTest" assertions="11" time="0.158992"/>
        <testcase name="testDeleteNotFound" file="/home/challe_p/dbwebb-kurser/mvc/me/report/tests/Controller/LibraryControllerTest.php" line="83" class="App\Tests\Controller\LibraryControllerTest" classname="App.Tests.Controller.LibraryControllerTest" assertions="1" time="0.276104"/>
        <testcase name="testUpdateBook" file="/home/challe_p/dbwebb-kurser/mvc/me/report/tests/Controller/LibraryControllerTest.php" line="90" class="App\Tests\Controller\LibraryControllerTest" classname="App.Tests.Controller.LibraryControllerTest" assertions="17" time="0.210577"/>
        <testcase name="testUpdateBookNotFound" file="/home/challe_p/dbwebb-kurser/mvc/me/report/tests/Controller/LibraryControllerTest.php" line="145" class="App\Tests\Controller\LibraryControllerTest" classname="App.Tests.Controller.LibraryControllerTest" assertions="2" time="0.057077"/>
      </testsuite>
      <testsuite name="App\Tests\Controller\ReportControllerTest" file="/home/challe_p/dbwebb-kurser/mvc/me/report/tests/Controller/ReportControllerTest.php" tests="7" assertions="19" errors="0" failures="0" skipped="0" time="0.298706">
        <testcase name="testHome" file="/home/challe_p/dbwebb-kurser/mvc/me/report/tests/Controller/ReportControllerTest.php" line="11" class="App\Tests\Controller\ReportControllerTest" classname="App.Tests.Controller.ReportControllerTest" assertions="3" time="0.049561"/>
        <testcase name="testAbout" file="/home/challe_p/dbwebb-kurser/mvc/me/report/tests/Controller/ReportControllerTest.php" line="20" class="App\Tests\Controller\ReportControllerTest" classname="App.Tests.Controller.ReportControllerTest" assertions="3" time="0.025283"/>
        <testcase name="testReport" file="/home/challe_p/dbwebb-kurser/mvc/me/report/tests/Controller/ReportControllerTest.php" line="29" class="App\Tests\Controller\ReportControllerTest" classname="App.Tests.Controller.ReportControllerTest" assertions="3" time="0.079090"/>
        <testcase name="testApi" file="/home/challe_p/dbwebb-kurser/mvc/me/report/tests/Controller/ReportControllerTest.php" line="38" class="App\Tests\Controller\ReportControllerTest" classname="App.Tests.Controller.ReportControllerTest" assertions="3" time="0.027213"/>
        <testcase name="testApiQuote" file="/home/challe_p/dbwebb-kurser/mvc/me/report/tests/Controller/ReportControllerTest.php" line="47" class="App\Tests\Controller\ReportControllerTest" classname="App.Tests.Controller.ReportControllerTest" assertions="1" time="0.015270"/>
        <testcase name="testLucky" file="/home/challe_p/dbwebb-kurser/mvc/me/report/tests/Controller/ReportControllerTest.php" line="55" class="App\Tests\Controller\ReportControllerTest" classname="App.Tests.Controller.ReportControllerTest" assertions="3" time="0.026192"/>
        <testcase name="testMetrics" file="/home/challe_p/dbwebb-kurser/mvc/me/report/tests/Controller/ReportControllerTest.php" line="64" class="App\Tests\Controller\ReportControllerTest" classname="App.Tests.Controller.ReportControllerTest" assertions="3" time="0.076097"/>
      </testsuite>
      <testsuite name="App\Tests\Controller\SessionControllerTest" file="/home/challe_p/dbwebb-kurser/mvc/me/report/tests/Controller/SessionControllerTest.php" tests="2" assertions="6" errors="0" failures="0" skipped="0" time="0.082165">
        <testcase name="testSession" file="/home/challe_p/dbwebb-kurser/mvc/me/report/tests/Controller/SessionControllerTest.php" line="11" class="App\Tests\Controller\SessionControllerTest" classname="App.Tests.Controller.SessionControllerTest" assertions="3" time="0.037212"/>
        <testcase name="testClearSession" file="/home/challe_p/dbwebb-kurser/mvc/me/report/tests/Controller/SessionControllerTest.php" line="20" class="App\Tests\Controller\SessionControllerTest" classname="App.Tests.Controller.SessionControllerTest" assertions="3" time="0.044953"/>
      </testsuite>
      <testsuite name="App\Tests\Controller\TwentyOneApiControllerTest" file="/home/challe_p/dbwebb-kurser/mvc/me/report/tests/Controller/TwentyOneApiControllerTest.php" tests="3" assertions="4" errors="0" failures="0" skipped="0" time="0.209996">
        <testcase name="testGameApiEmpty" file="/home/challe_p/dbwebb-kurser/mvc/me/report/tests/Controller/TwentyOneApiControllerTest.php" line="11" class="App\Tests\Controller\TwentyOneApiControllerTest" classname="App.Tests.Controller.TwentyOneApiControllerTest" assertions="1" time="0.034835"/>
        <testcase name="testGameApi" file="/home/challe_p/dbwebb-kurser/mvc/me/report/tests/Controller/TwentyOneApiControllerTest.php" line="19" class="App\Tests\Controller\TwentyOneApiControllerTest" classname="App.Tests.Controller.TwentyOneApiControllerTest" assertions="2" time="0.140308"/>
        <testcase name="testStart" file="/home/challe_p/dbwebb-kurser/mvc/me/report/tests/Controller/TwentyOneApiControllerTest.php" line="40" class="App\Tests\Controller\TwentyOneApiControllerTest" classname="App.Tests.Controller.TwentyOneApiControllerTest" assertions="1" time="0.034853"/>
      </testsuite>
      <testsuite name="App\Tests\Controller\TwentyOneControllerTest" file="/home/challe_p/dbwebb-kurser/mvc/me/report/tests/Controller/TwentyOneControllerTest.php" tests="6" assertions="15" errors="0" failures="0" skipped="0" time="0.435749">
        <testcase name="testGamePlay" file="/home/challe_p/dbwebb-kurser/mvc/me/report/tests/Controller/TwentyOneControllerTest.php" line="13" class="App\Tests\Controller\TwentyOneControllerTest" classname="App.Tests.Controller.TwentyOneControllerTest" assertions="2" time="0.116706"/>
        <testcase name="testPlayerWin" file="/home/challe_p/dbwebb-kurser/mvc/me/report/tests/Controller/TwentyOneControllerTest.php" line="33" class="App\Tests\Controller\TwentyOneControllerTest" classname="App.Tests.Controller.TwentyOneControllerTest" assertions="4" time="0.096204"/>
        <testcase name="testBankWin" file="/home/challe_p/dbwebb-kurser/mvc/me/report/tests/Controller/TwentyOneControllerTest.php" line="51" class="App\Tests\Controller\TwentyOneControllerTest" classname="App.Tests.Controller.TwentyOneControllerTest" assertions="4" time="0.070761"/>
        <testcase name="testDeckAlmostEmpty" file="/home/challe_p/dbwebb-kurser/mvc/me/report/tests/Controller/TwentyOneControllerTest.php" line="69" class="App\Tests\Controller\TwentyOneControllerTest" classname="App.Tests.Controller.TwentyOneControllerTest" assertions="3" time="0.081252"/>
        <testcase name="testGameDoc" file="/home/challe_p/dbwebb-kurser/mvc/me/report/tests/Controller/TwentyOneControllerTest.php" line="83" class="App\Tests\Controller\TwentyOneControllerTest" classname="App.Tests.Controller.TwentyOneControllerTest" assertions="1" time="0.042285"/>
        <testcase name="testStart" file="/home/challe_p/dbwebb-kurser/mvc/me/report/tests/Controller/TwentyOneControllerTest.php" line="91" class="App\Tests\Controller\TwentyOneControllerTest" classname="App.Tests.Controller.TwentyOneControllerTest" assertions="1" time="0.028542"/>
      </testsuite>
      <testsuite name="App\Tests\Controller\UtilsTest" file="/home/challe_p/dbwebb-kurser/mvc/me/report/tests/Controller/UtilsTest.php" tests="1" assertions="2" errors="0" failures="0" skipped="0" time="0.031095">
        <testcase name="testNullPlayerArray" file="/home/challe_p/dbwebb-kurser/mvc/me/report/tests/Controller/UtilsTest.php" line="11" class="App\Tests\Controller\UtilsTest" classname="App.Tests.Controller.UtilsTest" assertions="2" time="0.031095"/>
      </testsuite>
      <testsuite name="App\Game\DeckOfCardsTest" file="/home/challe_p/dbwebb-kurser/mvc/me/report/tests/DeckOfCardsTest.php" tests="10" assertions="20" errors="0" failures="0" skipped="0" time="0.043578">
        <testcase name="testCreateDeckOfCards" file="/home/challe_p/dbwebb-kurser/mvc/me/report/tests/DeckOfCardsTest.php" line="18" class="App\Game\DeckOfCardsTest" classname="App.Game.DeckOfCardsTest" assertions="1" time="0.004591"/>
        <testcase name="testPrintAll" file="/home/challe_p/dbwebb-kurser/mvc/me/report/tests/DeckOfCardsTest.php" line="24" class="App\Game\DeckOfCardsTest" classname="App.Game.DeckOfCardsTest" assertions="1" time="0.004016"/>
        <testcase name="testGetCards" file="/home/challe_p/dbwebb-kurser/mvc/me/report/tests/DeckOfCardsTest.php" line="39" class="App\Game\DeckOfCardsTest" classname="App.Game.DeckOfCardsTest" assertions="1" time="0.003938"/>
        <testcase name="testShuffle" file="/home/challe_p/dbwebb-kurser/mvc/me/report/tests/DeckOfCardsTest.php" line="45" class="App\Game\DeckOfCardsTest" classname="App.Game.DeckOfCardsTest" assertions="1" time="0.003528"/>
        <testcase name="testDrawCard" file="/home/challe_p/dbwebb-kurser/mvc/me/report/tests/DeckOfCardsTest.php" line="54" class="App\Game\DeckOfCardsTest" classname="App.Game.DeckOfCardsTest" assertions="3" time="0.005053"/>
        <testcase name="testShuffleDrawn" file="/home/challe_p/dbwebb-kurser/mvc/me/report/tests/DeckOfCardsTest.php" line="66" class="App\Game\DeckOfCardsTest" classname="App.Game.DeckOfCardsTest" assertions="6" time="0.005305"/>
        <testcase name="testDrawCards" file="/home/challe_p/dbwebb-kurser/mvc/me/report/tests/DeckOfCardsTest.php" line="78" class="App\Game\DeckOfCardsTest" classname="App.Game.DeckOfCardsTest" assertions="1" time="0.004189"/>
        <testcase name="testFromString" file="/home/challe_p/dbwebb-kurser/mvc/me/report/tests/DeckOfCardsTest.php" line="84" class="App\Game\DeckOfCardsTest" classname="App.Game.DeckOfCardsTest" assertions="1" time="0.004154"/>
        <testcase name="testFromStringDrawnCards" file="/home/challe_p/dbwebb-kurser/mvc/me/report/tests/DeckOfCardsTest.php" line="92" class="App\Game\DeckOfCardsTest" classname="App.Game.DeckOfCardsTest" assertions="2" time="0.003953"/>
        <testcase name="testPeekEmptyDeck" file="/home/challe_p/dbwebb-kurser/mvc/me/report/tests/DeckOfCardsTest.php" line="102" class="App\Game\DeckOfCardsTest" classname="App.Game.DeckOfCardsTest" assertions="3" time="0.004852"/>
      </testsuite>
      <testsuite name="App\Game\Exceptions\ExceptionsTest" file="/home/challe_p/dbwebb-kurser/mvc/me/report/tests/ExceptionsTest.php" tests="1" assertions="2" errors="0" failures="0" skipped="0" time="0.003416">
        <testcase name="testCreateEmptyDeckException" file="/home/challe_p/dbwebb-kurser/mvc/me/report/tests/ExceptionsTest.php" line="16" class="App\Game\Exceptions\ExceptionsTest" classname="App.Game.Exceptions.ExceptionsTest" assertions="2" time="0.003416"/>
      </testsuite>
      <testsuite name="App\Game\GameLogicTest" file="/home/challe_p/dbwebb-kurser/mvc/me/report/tests/GameLogicTest.php" tests="6" assertions="16" errors="0" failures="0" skipped="0" time="0.028637">
        <testcase name="testCreateGameLogic" file="/home/challe_p/dbwebb-kurser/mvc/me/report/tests/GameLogicTest.php" line="30" class="App\Game\GameLogicTest" classname="App.Game.GameLogicTest" assertions="1" time="0.004082"/>
        <testcase name="testPlay" file="/home/challe_p/dbwebb-kurser/mvc/me/report/tests/GameLogicTest.php" line="39" class="App\Game\GameLogicTest" classname="App.Game.GameLogicTest" assertions="5" time="0.004874"/>
        <testcase name="testPlayHoldBank" file="/home/challe_p/dbwebb-kurser/mvc/me/report/tests/GameLogicTest.php" line="54" class="App\Game\GameLogicTest" classname="App.Game.GameLogicTest" assertions="5" time="0.004929"/>
        <testcase name="testPlayerHigherScore" file="/home/challe_p/dbwebb-kurser/mvc/me/report/tests/GameLogicTest.php" line="69" class="App\Game\GameLogicTest" classname="App.Game.GameLogicTest" assertions="2" time="0.005179"/>
        <testcase name="testPlayerWin" file="/home/challe_p/dbwebb-kurser/mvc/me/report/tests/GameLogicTest.php" line="83" class="App\Game\GameLogicTest" classname="App.Game.GameLogicTest" assertions="2" time="0.004662"/>
        <testcase name="testOutOfBoundsException" file="/home/challe_p/dbwebb-kurser/mvc/me/report/tests/GameLogicTest.php" line="95" class="App\Game\GameLogicTest" classname="App.Game.GameLogicTest" assertions="1" time="0.004911"/>
      </testsuite>
      <testsuite name="App\Game\PlayerTest" file="/home/challe_p/dbwebb-kurser/mvc/me/report/tests/PlayerTest.php" tests="5" assertions="13" errors="0" failures="0" skipped="0" time="0.022116">
        <testcase name="testCreatePlayer" file="/home/challe_p/dbwebb-kurser/mvc/me/report/tests/PlayerTest.php" line="19" class="App\Game\PlayerTest" classname="App.Game.PlayerTest" assertions="3" time="0.004533"/>
        <testcase name="testSetName" file="/home/challe_p/dbwebb-kurser/mvc/me/report/tests/PlayerTest.php" line="27" class="App\Game\PlayerTest" classname="App.Game.PlayerTest" assertions="2" time="0.006347"/>
        <testcase name="testSetScore" file="/home/challe_p/dbwebb-kurser/mvc/me/report/tests/PlayerTest.php" line="35" class="App\Game\PlayerTest" classname="App.Game.PlayerTest" assertions="2" time="0.003503"/>
        <testcase name="testGetHand" file="/home/challe_p/dbwebb-kurser/mvc/me/report/tests/PlayerTest.php" line="43" class="App\Game\PlayerTest" classname="App.Game.PlayerTest" assertions="2" time="0.003528"/>
        <testcase name="testSetHand" file="/home/challe_p/dbwebb-kurser/mvc/me/report/tests/PlayerTest.php" line="50" class="App\Game\PlayerTest" classname="App.Game.PlayerTest" assertions="4" time="0.004204"/>
      </testsuite>
      <testsuite name="App\Tests\Controller\ProjectApiControllerPlayTest" file="/home/challe_p/dbwebb-kurser/mvc/me/report/tests/Project/Controller/ProjectApiControllerPlayTest.php" tests="7" assertions="32" errors="0" failures="0" skipped="0" time="1.498022">
        <testcase name="testApiPlay" file="/home/challe_p/dbwebb-kurser/mvc/me/report/tests/Project/Controller/ProjectApiControllerPlayTest.php" line="20" class="App\Tests\Controller\ProjectApiControllerPlayTest" classname="App.Tests.Controller.ProjectApiControllerPlayTest" assertions="5" time="0.486492"/>
        <testcase name="testApiPlayNonValid" file="/home/challe_p/dbwebb-kurser/mvc/me/report/tests/Project/Controller/ProjectApiControllerPlayTest.php" line="32" class="App\Tests\Controller\ProjectApiControllerPlayTest" classname="App.Tests.Controller.ProjectApiControllerPlayTest" assertions="3" time="0.061386"/>
        <testcase name="testApiPostPlay" file="/home/challe_p/dbwebb-kurser/mvc/me/report/tests/Project/Controller/ProjectApiControllerPlayTest.php" line="42" class="App\Tests\Controller\ProjectApiControllerPlayTest" classname="App.Tests.Controller.ProjectApiControllerPlayTest" assertions="6" time="0.292660"/>
        <testcase name="testApiPostPlayNoGameInt" file="/home/challe_p/dbwebb-kurser/mvc/me/report/tests/Project/Controller/ProjectApiControllerPlayTest.php" line="58" class="App\Tests\Controller\ProjectApiControllerPlayTest" classname="App.Tests.Controller.ProjectApiControllerPlayTest" assertions="3" time="0.114404"/>
        <testcase name="testApiPostPlayNoNonNumeric" file="/home/challe_p/dbwebb-kurser/mvc/me/report/tests/Project/Controller/ProjectApiControllerPlayTest.php" line="71" class="App\Tests\Controller\ProjectApiControllerPlayTest" classname="App.Tests.Controller.ProjectApiControllerPlayTest" assertions="3" time="0.107627"/>
        <testcase name="testApiPostPlayNoGameExists" file="/home/challe_p/dbwebb-kurser/mvc/me/report/tests/Project/Controller/ProjectApiControllerPlayTest.php" line="84" class="App\Tests\Controller\ProjectApiControllerPlayTest" classname="App.Tests.Controller.ProjectApiControllerPlayTest" assertions="3" time="0.083337"/>
        <testcase name="testApiPostPlayPositionFilled" file="/home/challe_p/dbwebb-kurser/mvc/me/report/tests/Project/Controller/ProjectApiControllerPlayTest.php" line="97" class="App\Tests\Controller\ProjectApiControllerPlayTest" classname="App.Tests.Controller.ProjectApiControllerPlayTest" assertions="9" time="0.352114"/>
      </testsuite>
      <testsuite name="App\Tests\Controller\ProjectApiControllerTest" file="/home/challe_p/dbwebb-kurser/mvc/me/report/tests/Project/Controller/ProjectApiControllerTest.php" tests="7" assertions="21" errors="0" failures="0" skipped="0" time="1.166760">
        <testcase name="testNewGameApi" file="/home/challe_p/dbwebb-kurser/mvc/me/report/tests/Project/Controller/ProjectApiControllerTest.php" line="20" class="App\Tests\Controller\ProjectApiControllerTest" classname="App.Tests.Controller.ProjectApiControllerTest" assertions="3" time="0.193278"/>
        <testcase name="testNewGameApiNoGameEntryInSession" file="/home/challe_p/dbwebb-kurser/mvc/me/report/tests/Project/Controller/ProjectApiControllerTest.php" line="35" class="App\Tests\Controller\ProjectApiControllerTest" classname="App.Tests.Controller.ProjectApiControllerTest" assertions="3" time="0.073231"/>
        <testcase name="testHighscoreJson" file="/home/challe_p/dbwebb-kurser/mvc/me/report/tests/Project/Controller/ProjectApiControllerTest.php" line="60" class="App\Tests\Controller\ProjectApiControllerTest" classname="App.Tests.Controller.ProjectApiControllerTest" assertions="3" time="0.386674"/>
        <testcase name="testPlayerJson" file="/home/challe_p/dbwebb-kurser/mvc/me/report/tests/Project/Controller/ProjectApiControllerTest.php" line="76" class="App\Tests\Controller\ProjectApiControllerTest" classname="App.Tests.Controller.ProjectApiControllerTest" assertions="4" time="0.185264"/>
        <testcase name="testApiPlayNonValid" file="/home/challe_p/dbwebb-kurser/mvc/me/report/tests/Project/Controller/ProjectApiControllerTest.php" line="92" class="App\Tests\Controller\ProjectApiControllerTest" classname="App.Tests.Controller.ProjectApiControllerTest" assertions="3" time="0.058695"/>
        <testcase name="testApiShowGameNotNumeric" file="/home/challe_p/dbwebb-kurser/mvc/me/report/tests/Project/Controller/ProjectApiControllerTest.php" line="102" class="App\Tests\Controller\ProjectApiControllerTest" classname="App.Tests.Controller.ProjectApiControllerTest" assertions="2" time="0.026288"/>
        <testcase name="testDeletePlayer" file="/home/challe_p/dbwebb-kurser/mvc/me/report/tests/Project/Controller/ProjectApiControllerTest.php" line="110" class="App\Tests\Controller\ProjectApiControllerTest" classname="App.Tests.Controller.ProjectApiControllerTest" assertions="3" time="0.243332"/>
      </testsuite>
      <testsuite name="App\Tests\Controller\ProjectControllerTest" file="/home/challe_p/dbwebb-kurser/mvc/me/report/tests/Project/Controller/ProjectControllerTest.php" tests="7" assertions="26" errors="0" failures="0" skipped="0" time="1.774091">
        <testcase name="testProjectPlay" file="/home/challe_p/dbwebb-kurser/mvc/me/report/tests/Project/Controller/ProjectControllerTest.php" line="12" class="App\Tests\Controller\ProjectControllerTest" classname="App.Tests.Controller.ProjectControllerTest" assertions="3" time="0.468841"/>
        <testcase name="testProjectPlayCard" file="/home/challe_p/dbwebb-kurser/mvc/me/report/tests/Project/Controller/ProjectControllerTest.php" line="29" class="App\Tests\Controller\ProjectControllerTest" classname="App.Tests.Controller.ProjectControllerTest" assertions="3" time="0.206907"/>
        <testcase name="testProjectPlayCardPositionFilled" file="/home/challe_p/dbwebb-kurser/mvc/me/report/tests/Project/Controller/ProjectControllerTest.php" line="47" class="App\Tests\Controller\ProjectControllerTest" classname="App.Tests.Controller.ProjectControllerTest" assertions="5" time="0.232273"/>
        <testcase name="testSetNameBet" file="/home/challe_p/dbwebb-kurser/mvc/me/report/tests/Project/Controller/ProjectControllerTest.php" line="70" class="App\Tests\Controller\ProjectControllerTest" classname="App.Tests.Controller.ProjectControllerTest" assertions="3" time="0.153884"/>
        <testcase name="testSetNameBetWithSession" file="/home/challe_p/dbwebb-kurser/mvc/me/report/tests/Project/Controller/ProjectControllerTest.php" line="82" class="App\Tests\Controller\ProjectControllerTest" classname="App.Tests.Controller.ProjectControllerTest" assertions="6" time="0.483950"/>
        <testcase name="testAutofill" file="/home/challe_p/dbwebb-kurser/mvc/me/report/tests/Project/Controller/ProjectControllerTest.php" line="108" class="App\Tests\Controller\ProjectControllerTest" classname="App.Tests.Controller.ProjectControllerTest" assertions="3" time="0.171315"/>
        <testcase name="testPlayResolveNoSession" file="/home/challe_p/dbwebb-kurser/mvc/me/report/tests/Project/Controller/ProjectControllerTest.php" line="124" class="App\Tests\Controller\ProjectControllerTest" classname="App.Tests.Controller.ProjectControllerTest" assertions="3" time="0.056922"/>
      </testsuite>
      <testsuite name="App\Tests\Controller\ProjectDatabaseControllerTest" file="/home/challe_p/dbwebb-kurser/mvc/me/report/tests/Project/Controller/ProjectDatabaseControllerTest.php" tests="9" assertions="39" errors="0" failures="0" skipped="0" time="1.519917">
        <testcase name="testUpdateWrongSession" file="/home/challe_p/dbwebb-kurser/mvc/me/report/tests/Project/Controller/ProjectDatabaseControllerTest.php" line="15" class="App\Tests\Controller\ProjectDatabaseControllerTest" classname="App.Tests.Controller.ProjectDatabaseControllerTest" assertions="3" time="0.222265"/>
        <testcase name="testUpdateFinishedWin" file="/home/challe_p/dbwebb-kurser/mvc/me/report/tests/Project/Controller/ProjectDatabaseControllerTest.php" line="32" class="App\Tests\Controller\ProjectDatabaseControllerTest" classname="App.Tests.Controller.ProjectDatabaseControllerTest" assertions="16" time="0.350773"/>
        <testcase name="testPlayerPage" file="/home/challe_p/dbwebb-kurser/mvc/me/report/tests/Project/Controller/ProjectDatabaseControllerTest.php" line="85" class="App\Tests\Controller\ProjectDatabaseControllerTest" classname="App.Tests.Controller.ProjectDatabaseControllerTest" assertions="6" time="0.198908"/>
        <testcase name="testLoad" file="/home/challe_p/dbwebb-kurser/mvc/me/report/tests/Project/Controller/ProjectDatabaseControllerTest.php" line="108" class="App\Tests\Controller\ProjectDatabaseControllerTest" classname="App.Tests.Controller.ProjectDatabaseControllerTest" assertions="3" time="0.073713"/>
        <testcase name="testLoadFail" file="/home/challe_p/dbwebb-kurser/mvc/me/report/tests/Project/Controller/ProjectDatabaseControllerTest.php" line="118" class="App\Tests\Controller\ProjectDatabaseControllerTest" classname="App.Tests.Controller.ProjectDatabaseControllerTest" assertions="3" time="0.101735"/>
        <testcase name="testRestore" file="/home/challe_p/dbwebb-kurser/mvc/me/report/tests/Project/Controller/ProjectDatabaseControllerTest.php" line="128" class="App\Tests\Controller\ProjectDatabaseControllerTest" classname="App.Tests.Controller.ProjectDatabaseControllerTest" assertions="5" time="0.502960"/>
        <testcase name="testRestoreDatabaseIsStringFail" file="/home/challe_p/dbwebb-kurser/mvc/me/report/tests/Project/Controller/ProjectDatabaseControllerTest.php" line="148" class="App\Tests\Controller\ProjectDatabaseControllerTest" classname="App.Tests.Controller.ProjectDatabaseControllerTest" assertions="1" time="0.024450"/>
        <testcase name="testRestoreDatabaseFileNotExists" file="/home/challe_p/dbwebb-kurser/mvc/me/report/tests/Project/Controller/ProjectDatabaseControllerTest.php" line="157" class="App\Tests\Controller\ProjectDatabaseControllerTest" classname="App.Tests.Controller.ProjectDatabaseControllerTest" assertions="1" time="0.024606"/>
        <testcase name="testRestoreDatabaseExecFail" file="/home/challe_p/dbwebb-kurser/mvc/me/report/tests/Project/Controller/ProjectDatabaseControllerTest.php" line="170" class="App\Tests\Controller\ProjectDatabaseControllerTest" classname="App.Tests.Controller.ProjectDatabaseControllerTest" assertions="1" time="0.020507"/>
      </testsuite>
      <testsuite name="App\Tests\Controller\ProjectLandingPagesTest" file="/home/challe_p/dbwebb-kurser/mvc/me/report/tests/Project/Controller/ProjectLandingPagesTest.php" tests="7" assertions="25" errors="0" failures="0" skipped="0" time="0.305722">
        <testcase name="testProjectStart" file="/home/challe_p/dbwebb-kurser/mvc/me/report/tests/Project/Controller/ProjectLandingPagesTest.php" line="15" class="App\Tests\Controller\ProjectLandingPagesTest" classname="App.Tests.Controller.ProjectLandingPagesTest" assertions="3" time="0.029266"/>
        <testcase name="testProjectPlayNoSession" file="/home/challe_p/dbwebb-kurser/mvc/me/report/tests/Project/Controller/ProjectLandingPagesTest.php" line="24" class="App\Tests\Controller\ProjectLandingPagesTest" classname="App.Tests.Controller.ProjectLandingPagesTest" assertions="3" time="0.039648"/>
        <testcase name="testMusicPlayer" file="/home/challe_p/dbwebb-kurser/mvc/me/report/tests/Project/Controller/ProjectLandingPagesTest.php" line="34" class="App\Tests\Controller\ProjectLandingPagesTest" classname="App.Tests.Controller.ProjectLandingPagesTest" assertions="3" time="0.026894"/>
        <testcase name="testAbout" file="/home/challe_p/dbwebb-kurser/mvc/me/report/tests/Project/Controller/ProjectLandingPagesTest.php" line="44" class="App\Tests\Controller\ProjectLandingPagesTest" classname="App.Tests.Controller.ProjectLandingPagesTest" assertions="3" time="0.026714"/>
        <testcase name="testApiLanding" file="/home/challe_p/dbwebb-kurser/mvc/me/report/tests/Project/Controller/ProjectLandingPagesTest.php" line="54" class="App\Tests\Controller\ProjectLandingPagesTest" classname="App.Tests.Controller.ProjectLandingPagesTest" assertions="7" time="0.104459"/>
        <testcase name="testHighscore" file="/home/challe_p/dbwebb-kurser/mvc/me/report/tests/Project/Controller/ProjectLandingPagesTest.php" line="80" class="App\Tests\Controller\ProjectLandingPagesTest" classname="App.Tests.Controller.ProjectLandingPagesTest" assertions="3" time="0.052458"/>
        <testcase name="testAboutDatabase" file="/home/challe_p/dbwebb-kurser/mvc/me/report/tests/Project/Controller/ProjectLandingPagesTest.php" line="89" class="App\Tests\Controller\ProjectLandingPagesTest" classname="App.Tests.Controller.ProjectLandingPagesTest" assertions="3" time="0.026283"/>
      </testsuite>
      <testsuite name="App\Project\MatTest" file="/home/challe_p/dbwebb-kurser/mvc/me/report/tests/Project/MatTest.php" tests="5" assertions="7" errors="0" failures="0" skipped="0" time="0.049847">
        <testcase name="testCreateMat" file="/home/challe_p/dbwebb-kurser/mvc/me/report/tests/Project/MatTest.php" line="13" class="App\Project\MatTest" classname="App.Project.MatTest" assertions="1" time="0.008324"/>
        <testcase name="testPrintEmpty" file="/home/challe_p/dbwebb-kurser/mvc/me/report/tests/Project/MatTest.php" line="19" class="App\Project\MatTest" classname="App.Project.MatTest" assertions="1" time="0.017371"/>
        <testcase name="testSetCard" file="/home/challe_p/dbwebb-kurser/mvc/me/report/tests/Project/MatTest.php" line="30" class="App\Project\MatTest" classname="App.Project.MatTest" assertions="3" time="0.008103"/>
        <testcase name="testFromStringEmpty" file="/home/challe_p/dbwebb-kurser/mvc/me/report/tests/Project/MatTest.php" line="45" class="App\Project\MatTest" classname="App.Project.MatTest" assertions="1" time="0.009761"/>
        <testcase name="testFromString" file="/home/challe_p/dbwebb-kurser/mvc/me/report/tests/Project/MatTest.php" line="53" class="App\Project\MatTest" classname="App.Project.MatTest" assertions="1" time="0.006288"/>
      </testsuite>
      <testsuite name="App\Repository\GameRepositoryTest" file="/home/challe_p/dbwebb-kurser/mvc/me/report/tests/Project/ORM/GameRepositoryTest.php" tests="3" assertions="9" errors="0" failures="0" skipped="0" time="0.037040">
        <testcase name="testGetGamesByNoPlayer" file="/home/challe_p/dbwebb-kurser/mvc/me/report/tests/Project/ORM/GameRepositoryTest.php" line="24" class="App\Repository\GameRepositoryTest" classname="App.Repository.GameRepositoryTest" assertions="3" time="0.015265"/>
        <testcase name="testInvalidGameArray" file="/home/challe_p/dbwebb-kurser/mvc/me/report/tests/Project/ORM/GameRepositoryTest.php" line="33" class="App\Repository\GameRepositoryTest" classname="App.Repository.GameRepositoryTest" assertions="3" time="0.010382"/>
        <testcase name="testNotArrayValidator" file="/home/challe_p/dbwebb-kurser/mvc/me/report/tests/Project/ORM/GameRepositoryTest.php" line="43" class="App\Repository\GameRepositoryTest" classname="App.Repository.GameRepositoryTest" assertions="3" time="0.011393"/>
      </testsuite>
      <testsuite name="App\Entity\PlayerEntityTest" file="/home/challe_p/dbwebb-kurser/mvc/me/report/tests/Project/ORM/PlayerEntityTest.php" tests="1" assertions="1" errors="0" failures="0" skipped="0" time="0.004206">
        <testcase name="testSetId" file="/home/challe_p/dbwebb-kurser/mvc/me/report/tests/Project/ORM/PlayerEntityTest.php" line="13" class="App\Entity\PlayerEntityTest" classname="App.Entity.PlayerEntityTest" assertions="1" time="0.004206"/>
      </testsuite>
      <testsuite name="App\Project\PokerLogicTest" file="/home/challe_p/dbwebb-kurser/mvc/me/report/tests/Project/PokerLogicTest.php" tests="5" assertions="27" errors="0" failures="0" skipped="0" time="0.029086">
        <testcase name="testCreateMat" file="/home/challe_p/dbwebb-kurser/mvc/me/report/tests/Project/PokerLogicTest.php" line="14" class="App\Project\PokerLogicTest" classname="App.Project.PokerLogicTest" assertions="1" time="0.004220"/>
        <testcase name="testAutofill" file="/home/challe_p/dbwebb-kurser/mvc/me/report/tests/Project/PokerLogicTest.php" line="20" class="App\Project\PokerLogicTest" classname="App.Project.PokerLogicTest" assertions="10" time="0.006520"/>
        <testcase name="testScoring" file="/home/challe_p/dbwebb-kurser/mvc/me/report/tests/Project/PokerLogicTest.php" line="32" class="App\Project\PokerLogicTest" classname="App.Project.PokerLogicTest" assertions="3" time="0.006946"/>
        <testcase name="testAutofillPositionFull" file="/home/challe_p/dbwebb-kurser/mvc/me/report/tests/Project/PokerLogicTest.php" line="83" class="App\Project\PokerLogicTest" classname="App.Project.PokerLogicTest" assertions="10" time="0.006952"/>
        <testcase name="testSetCardPositionFull" file="/home/challe_p/dbwebb-kurser/mvc/me/report/tests/Project/PokerLogicTest.php" line="95" class="App\Project\PokerLogicTest" classname="App.Project.PokerLogicTest" assertions="3" time="0.004448"/>
      </testsuite>
      <testsuite name="App\Project\RowTest" file="/home/challe_p/dbwebb-kurser/mvc/me/report/tests/Project/RowTest.php" tests="6" assertions="10" errors="0" failures="0" skipped="0" time="0.025927">
        <testcase name="testCreateRow" file="/home/challe_p/dbwebb-kurser/mvc/me/report/tests/Project/RowTest.php" line="18" class="App\Project\RowTest" classname="App.Project.RowTest" assertions="2" time="0.005086"/>
        <testcase name="testSetCard" file="/home/challe_p/dbwebb-kurser/mvc/me/report/tests/Project/RowTest.php" line="25" class="App\Project\RowTest" classname="App.Project.RowTest" assertions="2" time="0.003749"/>
        <testcase name="testSetCardFull" file="/home/challe_p/dbwebb-kurser/mvc/me/report/tests/Project/RowTest.php" line="36" class="App\Project\RowTest" classname="App.Project.RowTest" assertions="2" time="0.004010"/>
        <testcase name="testToString" file="/home/challe_p/dbwebb-kurser/mvc/me/report/tests/Project/RowTest.php" line="45" class="App\Project\RowTest" classname="App.Project.RowTest" assertions="1" time="0.004771"/>
        <testcase name="testIsFilled" file="/home/challe_p/dbwebb-kurser/mvc/me/report/tests/Project/RowTest.php" line="54" class="App\Project\RowTest" classname="App.Project.RowTest" assertions="2" time="0.004008"/>
        <testcase name="testSetGetScore" file="/home/challe_p/dbwebb-kurser/mvc/me/report/tests/Project/RowTest.php" line="66" class="App\Project\RowTest" classname="App.Project.RowTest" assertions="1" time="0.004302"/>
      </testsuite>
      <testsuite name="App\Project\StraightFlushRulesTest" file="/home/challe_p/dbwebb-kurser/mvc/me/report/tests/Project/StraightFlushRulesTest.php" tests="9" assertions="9" errors="0" failures="0" skipped="0" time="0.042347">
        <testcase name="testStraightNonRoyalNonFlush" file="/home/challe_p/dbwebb-kurser/mvc/me/report/tests/Project/StraightFlushRulesTest.php" line="14" class="App\Project\StraightFlushRulesTest" classname="App.Project.StraightFlushRulesTest" assertions="1" time="0.004045"/>
        <testcase name="testStraightFlush" file="/home/challe_p/dbwebb-kurser/mvc/me/report/tests/Project/StraightFlushRulesTest.php" line="26" class="App\Project\StraightFlushRulesTest" classname="App.Project.StraightFlushRulesTest" assertions="1" time="0.005064"/>
        <testcase name="testRoyalFlush" file="/home/challe_p/dbwebb-kurser/mvc/me/report/tests/Project/StraightFlushRulesTest.php" line="38" class="App\Project\StraightFlushRulesTest" classname="App.Project.StraightFlushRulesTest" assertions="1" time="0.003916"/>
        <testcase name="testFlush" file="/home/challe_p/dbwebb-kurser/mvc/me/report/tests/Project/StraightFlushRulesTest.php" line="50" class="App\Project\StraightFlushRulesTest" classname="App.Project.StraightFlushRulesTest" assertions="1" time="0.003968"/>
        <testcase name="testFlushNoStraightWithAce" file="/home/challe_p/dbwebb-kurser/mvc/me/report/tests/Project/StraightFlushRulesTest.php" line="62" class="App\Project\StraightFlushRulesTest" classname="App.Project.StraightFlushRulesTest" assertions="1" time="0.004480"/>
        <testcase name="testStraightWithAce" file="/home/challe_p/dbwebb-kurser/mvc/me/report/tests/Project/StraightFlushRulesTest.php" line="74" class="App\Project\StraightFlushRulesTest" classname="App.Project.StraightFlushRulesTest" assertions="1" time="0.004285"/>
        <testcase name="testNothing" file="/home/challe_p/dbwebb-kurser/mvc/me/report/tests/Project/StraightFlushRulesTest.php" line="86" class="App\Project\StraightFlushRulesTest" classname="App.Project.StraightFlushRulesTest" assertions="1" time="0.004064"/>
        <testcase name="testUnfilledRow" file="/home/challe_p/dbwebb-kurser/mvc/me/report/tests/Project/StraightFlushRulesTest.php" line="98" class="App\Project\StraightFlushRulesTest" classname="App.Project.StraightFlushRulesTest" assertions="1" time="0.003797"/>
        <testcase name="testInvalidRow" file="/home/challe_p/dbwebb-kurser/mvc/me/report/tests/Project/StraightFlushRulesTest.php" line="106" class="App\Project\StraightFlushRulesTest" classname="App.Project.StraightFlushRulesTest" assertions="1" time="0.008727"/>
      </testsuite>
      <testsuite name="App\Project\UniqueValuesRulesTest" file="/home/challe_p/dbwebb-kurser/mvc/me/report/tests/Project/UniqueValuesRulesTest.php" tests="5" assertions="5" errors="0" failures="0" skipped="0" time="0.022899">
        <testcase name="testFullHouse" file="/home/challe_p/dbwebb-kurser/mvc/me/report/tests/Project/UniqueValuesRulesTest.php" line="13" class="App\Project\UniqueValuesRulesTest" classname="App.Project.UniqueValuesRulesTest" assertions="1" time="0.004475"/>
        <testcase name="testFourOfAKind" file="/home/challe_p/dbwebb-kurser/mvc/me/report/tests/Project/UniqueValuesRulesTest.php" line="25" class="App\Project\UniqueValuesRulesTest" classname="App.Project.UniqueValuesRulesTest" assertions="1" time="0.004660"/>
        <testcase name="testPair" file="/home/challe_p/dbwebb-kurser/mvc/me/report/tests/Project/UniqueValuesRulesTest.php" line="37" class="App\Project\UniqueValuesRulesTest" classname="App.Project.UniqueValuesRulesTest" assertions="1" time="0.004478"/>
        <testcase name="testTwoPair" file="/home/challe_p/dbwebb-kurser/mvc/me/report/tests/Project/UniqueValuesRulesTest.php" line="49" class="App\Project\UniqueValuesRulesTest" classname="App.Project.UniqueValuesRulesTest" assertions="1" time="0.004389"/>
        <testcase name="testThreeOfAKind" file="/home/challe_p/dbwebb-kurser/mvc/me/report/tests/Project/UniqueValuesRulesTest.php" line="61" class="App\Project\UniqueValuesRulesTest" classname="App.Project.UniqueValuesRulesTest" assertions="1" time="0.004897"/>
      </testsuite>
      <testsuite name="App\Game\RulesTest" file="/home/challe_p/dbwebb-kurser/mvc/me/report/tests/RulesTest.php" tests="6" assertions="7" errors="0" failures="0" skipped="0" time="0.026215">
        <testcase name="testCreateRules" file="/home/challe_p/dbwebb-kurser/mvc/me/report/tests/RulesTest.php" line="19" class="App\Game\RulesTest" classname="App.Game.RulesTest" assertions="1" time="0.004131"/>
        <testcase name="testCreateCustom" file="/home/challe_p/dbwebb-kurser/mvc/me/report/tests/RulesTest.php" line="25" class="App\Game\RulesTest" classname="App.Game.RulesTest" assertions="1" time="0.004689"/>
        <testcase name="testTranslator" file="/home/challe_p/dbwebb-kurser/mvc/me/report/tests/RulesTest.php" line="31" class="App\Game\RulesTest" classname="App.Game.RulesTest" assertions="1" time="0.004556"/>
        <testcase name="testTranslatorMax" file="/home/challe_p/dbwebb-kurser/mvc/me/report/tests/RulesTest.php" line="39" class="App\Game\RulesTest" classname="App.Game.RulesTest" assertions="1" time="0.004851"/>
        <testcase name="testTranslatorNoAces" file="/home/challe_p/dbwebb-kurser/mvc/me/report/tests/RulesTest.php" line="47" class="App\Game\RulesTest" classname="App.Game.RulesTest" assertions="1" time="0.004060"/>
        <testcase name="testMaxAces" file="/home/challe_p/dbwebb-kurser/mvc/me/report/tests/RulesTest.php" line="56" class="App\Game\RulesTest" classname="App.Game.RulesTest" assertions="2" time="0.003929"/>
      </testsuite>
      <testsuite name="App\Game\TarotDeckTest" file="/home/challe_p/dbwebb-kurser/mvc/me/report/tests/TarotDeckTest.php" tests="1" assertions="2" errors="0" failures="0" skipped="0" time="0.015710">
        <testcase name="testCreateTarotDeck" file="/home/challe_p/dbwebb-kurser/mvc/me/report/tests/TarotDeckTest.php" line="16" class="App\Game\TarotDeckTest" classname="App.Game.TarotDeckTest" assertions="2" time="0.015710"/>
      </testsuite>
    </testsuite>
  </testsuite>
</testsuites>
