<?xml version="1.0" encoding="UTF-8"?>
<testsuites>
  <testsuite name="/Users/challe_p/dbwebb-kurser/mvc/me/report/phpunit.xml.dist" tests="112" assertions="252" errors="0" failures="0" skipped="0" time="2.123714">
    <testsuite name="Project Test Suite" tests="112" assertions="252" errors="0" failures="0" skipped="0" time="2.123714">
      <testsuite name="App\Game\CardHandTest" file="/Users/challe_p/dbwebb-kurser/mvc/me/report/tests/CardHandTest.php" tests="5" assertions="9" errors="0" failures="0" skipped="0" time="0.040612">
        <testcase name="testCreateCardHand" file="/Users/challe_p/dbwebb-kurser/mvc/me/report/tests/CardHandTest.php" line="18" class="App\Game\CardHandTest" classname="App.Game.CardHandTest" assertions="2" time="0.037581"/>
        <testcase name="testDraw" file="/Users/challe_p/dbwebb-kurser/mvc/me/report/tests/CardHandTest.php" line="25" class="App\Game\CardHandTest" classname="App.Game.CardHandTest" assertions="1" time="0.000871"/>
        <testcase name="testRemoveCard" file="/Users/challe_p/dbwebb-kurser/mvc/me/report/tests/CardHandTest.php" line="33" class="App\Game\CardHandTest" classname="App.Game.CardHandTest" assertions="2" time="0.000748"/>
        <testcase name="testEmptyHand" file="/Users/challe_p/dbwebb-kurser/mvc/me/report/tests/CardHandTest.php" line="41" class="App\Game\CardHandTest" classname="App.Game.CardHandTest" assertions="1" time="0.000699"/>
        <testcase name="testAddCard" file="/Users/challe_p/dbwebb-kurser/mvc/me/report/tests/CardHandTest.php" line="47" class="App\Game\CardHandTest" classname="App.Game.CardHandTest" assertions="3" time="0.000712"/>
      </testsuite>
      <testsuite name="App\Game\CardTest" file="/Users/challe_p/dbwebb-kurser/mvc/me/report/tests/CardTest.php" tests="3" assertions="5" errors="0" failures="0" skipped="0" time="0.001838">
        <testcase name="testCreateCard" file="/Users/challe_p/dbwebb-kurser/mvc/me/report/tests/CardTest.php" line="16" class="App\Game\CardTest" classname="App.Game.CardTest" assertions="3" time="0.000613"/>
        <testcase name="testgetImagePath" file="/Users/challe_p/dbwebb-kurser/mvc/me/report/tests/CardTest.php" line="27" class="App\Game\CardTest" classname="App.Game.CardTest" assertions="1" time="0.000617"/>
        <testcase name="testToString" file="/Users/challe_p/dbwebb-kurser/mvc/me/report/tests/CardTest.php" line="35" class="App\Game\CardTest" classname="App.Game.CardTest" assertions="1" time="0.000608"/>
      </testsuite>
      <testsuite name="App\Tests\Controller\GameApiControllerTest" file="/Users/challe_p/dbwebb-kurser/mvc/me/report/tests/Controller/GameApiControllerTest.php" tests="7" assertions="15" errors="0" failures="0" skipped="0" time="1.136893">
        <testcase name="testApiDeck" file="/Users/challe_p/dbwebb-kurser/mvc/me/report/tests/Controller/GameApiControllerTest.php" line="10" class="App\Tests\Controller\GameApiControllerTest" classname="App.Tests.Controller.GameApiControllerTest" assertions="3" time="1.107697"/>
        <testcase name="testApiDeckShuffleApi" file="/Users/challe_p/dbwebb-kurser/mvc/me/report/tests/Controller/GameApiControllerTest.php" line="77" class="App\Tests\Controller\GameApiControllerTest" classname="App.Tests.Controller.GameApiControllerTest" assertions="2" time="0.006667"/>
        <testcase name="testApiDeckDraw" file="/Users/challe_p/dbwebb-kurser/mvc/me/report/tests/Controller/GameApiControllerTest.php" line="86" class="App\Tests\Controller\GameApiControllerTest" classname="App.Tests.Controller.GameApiControllerTest" assertions="2" time="0.004747"/>
        <testcase name="testApiDeckDeal" file="/Users/challe_p/dbwebb-kurser/mvc/me/report/tests/Controller/GameApiControllerTest.php" line="96" class="App\Tests\Controller\GameApiControllerTest" classname="App.Tests.Controller.GameApiControllerTest" assertions="2" time="0.004622"/>
        <testcase name="testApiDeckDealTooMany" file="/Users/challe_p/dbwebb-kurser/mvc/me/report/tests/Controller/GameApiControllerTest.php" line="109" class="App\Tests\Controller\GameApiControllerTest" classname="App.Tests.Controller.GameApiControllerTest" assertions="2" time="0.004686"/>
        <testcase name="testApiDeckDealWrongInput" file="/Users/challe_p/dbwebb-kurser/mvc/me/report/tests/Controller/GameApiControllerTest.php" line="122" class="App\Tests\Controller\GameApiControllerTest" classname="App.Tests.Controller.GameApiControllerTest" assertions="2" time="0.004366"/>
        <testcase name="testApiDeckDrawWrongInput" file="/Users/challe_p/dbwebb-kurser/mvc/me/report/tests/Controller/GameApiControllerTest.php" line="135" class="App\Tests\Controller\GameApiControllerTest" classname="App.Tests.Controller.GameApiControllerTest" assertions="2" time="0.004108"/>
      </testsuite>
      <testsuite name="App\Tests\Controller\GameControllerTest" file="/Users/challe_p/dbwebb-kurser/mvc/me/report/tests/Controller/GameControllerTest.php" tests="3" assertions="9" errors="0" failures="0" skipped="0" time="0.064801">
        <testcase name="testFirst" file="/Users/challe_p/dbwebb-kurser/mvc/me/report/tests/Controller/GameControllerTest.php" line="10" class="App\Tests\Controller\GameControllerTest" classname="App.Tests.Controller.GameControllerTest" assertions="3" time="0.042530"/>
        <testcase name="testDeck" file="/Users/challe_p/dbwebb-kurser/mvc/me/report/tests/Controller/GameControllerTest.php" line="19" class="App\Tests\Controller\GameControllerTest" classname="App.Tests.Controller.GameControllerTest" assertions="3" time="0.010472"/>
        <testcase name="testShuffle" file="/Users/challe_p/dbwebb-kurser/mvc/me/report/tests/Controller/GameControllerTest.php" line="28" class="App\Tests\Controller\GameControllerTest" classname="App.Tests.Controller.GameControllerTest" assertions="3" time="0.011799"/>
      </testsuite>
      <testsuite name="App\Tests\Controller\GameDrawControllerTest" file="/Users/challe_p/dbwebb-kurser/mvc/me/report/tests/Controller/GameDrawControllerTest.php" tests="8" assertions="21" errors="0" failures="0" skipped="0" time="0.373464">
        <testcase name="testDraw" file="/Users/challe_p/dbwebb-kurser/mvc/me/report/tests/Controller/GameDrawControllerTest.php" line="10" class="App\Tests\Controller\GameDrawControllerTest" classname="App.Tests.Controller.GameDrawControllerTest" assertions="3" time="0.311032"/>
        <testcase name="testDrawAmount" file="/Users/challe_p/dbwebb-kurser/mvc/me/report/tests/Controller/GameDrawControllerTest.php" line="24" class="App\Tests\Controller\GameDrawControllerTest" classname="App.Tests.Controller.GameDrawControllerTest" assertions="2" time="0.007201"/>
        <testcase name="testDrawTooMany" file="/Users/challe_p/dbwebb-kurser/mvc/me/report/tests/Controller/GameDrawControllerTest.php" line="33" class="App\Tests\Controller\GameDrawControllerTest" classname="App.Tests.Controller.GameDrawControllerTest" assertions="4" time="0.007359"/>
        <testcase name="testDeal" file="/Users/challe_p/dbwebb-kurser/mvc/me/report/tests/Controller/GameDrawControllerTest.php" line="43" class="App\Tests\Controller\GameDrawControllerTest" classname="App.Tests.Controller.GameDrawControllerTest" assertions="2" time="0.008908"/>
        <testcase name="testDealTooMany" file="/Users/challe_p/dbwebb-kurser/mvc/me/report/tests/Controller/GameDrawControllerTest.php" line="52" class="App\Tests\Controller\GameDrawControllerTest" classname="App.Tests.Controller.GameDrawControllerTest" assertions="4" time="0.007407"/>
        <testcase name="testShuffleDeckToDraw" file="/Users/challe_p/dbwebb-kurser/mvc/me/report/tests/Controller/GameDrawControllerTest.php" line="62" class="App\Tests\Controller\GameDrawControllerTest" classname="App.Tests.Controller.GameDrawControllerTest" assertions="2" time="0.011054"/>
        <testcase name="testDrawAmountPost" file="/Users/challe_p/dbwebb-kurser/mvc/me/report/tests/Controller/GameDrawControllerTest.php" line="72" class="App\Tests\Controller\GameDrawControllerTest" classname="App.Tests.Controller.GameDrawControllerTest" assertions="2" time="0.010113"/>
        <testcase name="testDealPost" file="/Users/challe_p/dbwebb-kurser/mvc/me/report/tests/Controller/GameDrawControllerTest.php" line="82" class="App\Tests\Controller\GameDrawControllerTest" classname="App.Tests.Controller.GameDrawControllerTest" assertions="2" time="0.010391"/>
      </testsuite>
      <testsuite name="App\Tests\Controller\LibraryApiControllerTest" file="/Users/challe_p/dbwebb-kurser/mvc/me/report/tests/Controller/LibraryApiControllerTest.php" tests="2" assertions="2" errors="0" failures="0" skipped="0" time="0.048352">
        <testcase name="testFindAll" file="/Users/challe_p/dbwebb-kurser/mvc/me/report/tests/Controller/LibraryApiControllerTest.php" line="10" class="App\Tests\Controller\LibraryApiControllerTest" classname="App.Tests.Controller.LibraryApiControllerTest" assertions="1" time="0.033928"/>
        <testcase name="testFindNull" file="/Users/challe_p/dbwebb-kurser/mvc/me/report/tests/Controller/LibraryApiControllerTest.php" line="18" class="App\Tests\Controller\LibraryApiControllerTest" classname="App.Tests.Controller.LibraryApiControllerTest" assertions="1" time="0.014424"/>
      </testsuite>
      <testsuite name="App\Tests\Controller\LibraryControllerTest" file="/Users/challe_p/dbwebb-kurser/mvc/me/report/tests/Controller/LibraryControllerTest.php" tests="8" assertions="41" errors="0" failures="0" skipped="0" time="0.193849">
        <testcase name="testLibrary" file="/Users/challe_p/dbwebb-kurser/mvc/me/report/tests/Controller/LibraryControllerTest.php" line="10" class="App\Tests\Controller\LibraryControllerTest" classname="App.Tests.Controller.LibraryControllerTest" assertions="4" time="0.009355"/>
        <testcase name="testShowBookById" file="/Users/challe_p/dbwebb-kurser/mvc/me/report/tests/Controller/LibraryControllerTest.php" line="20" class="App\Tests\Controller\LibraryControllerTest" classname="App.Tests.Controller.LibraryControllerTest" assertions="2" time="0.007099"/>
        <testcase name="testCreateForm" file="/Users/challe_p/dbwebb-kurser/mvc/me/report/tests/Controller/LibraryControllerTest.php" line="29" class="App\Tests\Controller\LibraryControllerTest" classname="App.Tests.Controller.LibraryControllerTest" assertions="2" time="0.006277"/>
        <testcase name="testUpdateBookById" file="/Users/challe_p/dbwebb-kurser/mvc/me/report/tests/Controller/LibraryControllerTest.php" line="38" class="App\Tests\Controller\LibraryControllerTest" classname="App.Tests.Controller.LibraryControllerTest" assertions="2" time="0.007272"/>
        <testcase name="testCreateDelete" file="/Users/challe_p/dbwebb-kurser/mvc/me/report/tests/Controller/LibraryControllerTest.php" line="47" class="App\Tests\Controller\LibraryControllerTest" classname="App.Tests.Controller.LibraryControllerTest" assertions="11" time="0.029875"/>
        <testcase name="testDeleteNotFound" file="/Users/challe_p/dbwebb-kurser/mvc/me/report/tests/Controller/LibraryControllerTest.php" line="83" class="App\Tests\Controller\LibraryControllerTest" classname="App.Tests.Controller.LibraryControllerTest" assertions="1" time="0.081110"/>
        <testcase name="testUpdateBook" file="/Users/challe_p/dbwebb-kurser/mvc/me/report/tests/Controller/LibraryControllerTest.php" line="90" class="App\Tests\Controller\LibraryControllerTest" classname="App.Tests.Controller.LibraryControllerTest" assertions="17" time="0.040002"/>
        <testcase name="testUpdateBookNotFound" file="/Users/challe_p/dbwebb-kurser/mvc/me/report/tests/Controller/LibraryControllerTest.php" line="145" class="App\Tests\Controller\LibraryControllerTest" classname="App.Tests.Controller.LibraryControllerTest" assertions="2" time="0.012858"/>
      </testsuite>
      <testsuite name="App\Tests\Controller\ReportControllerTest" file="/Users/challe_p/dbwebb-kurser/mvc/me/report/tests/Controller/ReportControllerTest.php" tests="7" assertions="19" errors="0" failures="0" skipped="0" time="0.062558">
        <testcase name="testHome" file="/Users/challe_p/dbwebb-kurser/mvc/me/report/tests/Controller/ReportControllerTest.php" line="11" class="App\Tests\Controller\ReportControllerTest" classname="App.Tests.Controller.ReportControllerTest" assertions="3" time="0.006748"/>
        <testcase name="testAbout" file="/Users/challe_p/dbwebb-kurser/mvc/me/report/tests/Controller/ReportControllerTest.php" line="20" class="App\Tests\Controller\ReportControllerTest" classname="App.Tests.Controller.ReportControllerTest" assertions="3" time="0.005857"/>
        <testcase name="testReport" file="/Users/challe_p/dbwebb-kurser/mvc/me/report/tests/Controller/ReportControllerTest.php" line="29" class="App\Tests\Controller\ReportControllerTest" classname="App.Tests.Controller.ReportControllerTest" assertions="3" time="0.014897"/>
        <testcase name="testApi" file="/Users/challe_p/dbwebb-kurser/mvc/me/report/tests/Controller/ReportControllerTest.php" line="38" class="App\Tests\Controller\ReportControllerTest" classname="App.Tests.Controller.ReportControllerTest" assertions="3" time="0.006551"/>
        <testcase name="testApiQuote" file="/Users/challe_p/dbwebb-kurser/mvc/me/report/tests/Controller/ReportControllerTest.php" line="47" class="App\Tests\Controller\ReportControllerTest" classname="App.Tests.Controller.ReportControllerTest" assertions="1" time="0.003640"/>
        <testcase name="testLucky" file="/Users/challe_p/dbwebb-kurser/mvc/me/report/tests/Controller/ReportControllerTest.php" line="55" class="App\Tests\Controller\ReportControllerTest" classname="App.Tests.Controller.ReportControllerTest" assertions="3" time="0.005746"/>
        <testcase name="testMetrics" file="/Users/challe_p/dbwebb-kurser/mvc/me/report/tests/Controller/ReportControllerTest.php" line="64" class="App\Tests\Controller\ReportControllerTest" classname="App.Tests.Controller.ReportControllerTest" assertions="3" time="0.019120"/>
      </testsuite>
      <testsuite name="App\Tests\Controller\SessionControllerTest" file="/Users/challe_p/dbwebb-kurser/mvc/me/report/tests/Controller/SessionControllerTest.php" tests="2" assertions="6" errors="0" failures="0" skipped="0" time="0.016420">
        <testcase name="testSession" file="/Users/challe_p/dbwebb-kurser/mvc/me/report/tests/Controller/SessionControllerTest.php" line="11" class="App\Tests\Controller\SessionControllerTest" classname="App.Tests.Controller.SessionControllerTest" assertions="3" time="0.006453"/>
        <testcase name="testClearSession" file="/Users/challe_p/dbwebb-kurser/mvc/me/report/tests/Controller/SessionControllerTest.php" line="20" class="App\Tests\Controller\SessionControllerTest" classname="App.Tests.Controller.SessionControllerTest" assertions="3" time="0.009967"/>
      </testsuite>
      <testsuite name="App\Tests\Controller\TwentyOneApiControllerTest" file="/Users/challe_p/dbwebb-kurser/mvc/me/report/tests/Controller/TwentyOneApiControllerTest.php" tests="3" assertions="4" errors="0" failures="0" skipped="0" time="0.026441">
        <testcase name="testGameApiEmpty" file="/Users/challe_p/dbwebb-kurser/mvc/me/report/tests/Controller/TwentyOneApiControllerTest.php" line="11" class="App\Tests\Controller\TwentyOneApiControllerTest" classname="App.Tests.Controller.TwentyOneApiControllerTest" assertions="1" time="0.004483"/>
        <testcase name="testGameApi" file="/Users/challe_p/dbwebb-kurser/mvc/me/report/tests/Controller/TwentyOneApiControllerTest.php" line="19" class="App\Tests\Controller\TwentyOneApiControllerTest" classname="App.Tests.Controller.TwentyOneApiControllerTest" assertions="2" time="0.014441"/>
        <testcase name="testStart" file="/Users/challe_p/dbwebb-kurser/mvc/me/report/tests/Controller/TwentyOneApiControllerTest.php" line="40" class="App\Tests\Controller\TwentyOneApiControllerTest" classname="App.Tests.Controller.TwentyOneApiControllerTest" assertions="1" time="0.007516"/>
      </testsuite>
      <testsuite name="App\Tests\Controller\TwentyOneControllerTest" file="/Users/challe_p/dbwebb-kurser/mvc/me/report/tests/Controller/TwentyOneControllerTest.php" tests="6" assertions="15" errors="0" failures="0" skipped="0" time="0.086099">
        <testcase name="testGamePlay" file="/Users/challe_p/dbwebb-kurser/mvc/me/report/tests/Controller/TwentyOneControllerTest.php" line="13" class="App\Tests\Controller\TwentyOneControllerTest" classname="App.Tests.Controller.TwentyOneControllerTest" assertions="2" time="0.020570"/>
        <testcase name="testPlayerWin" file="/Users/challe_p/dbwebb-kurser/mvc/me/report/tests/Controller/TwentyOneControllerTest.php" line="33" class="App\Tests\Controller\TwentyOneControllerTest" classname="App.Tests.Controller.TwentyOneControllerTest" assertions="4" time="0.022749"/>
        <testcase name="testBankWin" file="/Users/challe_p/dbwebb-kurser/mvc/me/report/tests/Controller/TwentyOneControllerTest.php" line="51" class="App\Tests\Controller\TwentyOneControllerTest" classname="App.Tests.Controller.TwentyOneControllerTest" assertions="4" time="0.013941"/>
        <testcase name="testDeckAlmostEmpty" file="/Users/challe_p/dbwebb-kurser/mvc/me/report/tests/Controller/TwentyOneControllerTest.php" line="69" class="App\Tests\Controller\TwentyOneControllerTest" classname="App.Tests.Controller.TwentyOneControllerTest" assertions="3" time="0.014124"/>
        <testcase name="testGameDoc" file="/Users/challe_p/dbwebb-kurser/mvc/me/report/tests/Controller/TwentyOneControllerTest.php" line="83" class="App\Tests\Controller\TwentyOneControllerTest" classname="App.Tests.Controller.TwentyOneControllerTest" assertions="1" time="0.008027"/>
        <testcase name="testStart" file="/Users/challe_p/dbwebb-kurser/mvc/me/report/tests/Controller/TwentyOneControllerTest.php" line="91" class="App\Tests\Controller\TwentyOneControllerTest" classname="App.Tests.Controller.TwentyOneControllerTest" assertions="1" time="0.006688"/>
      </testsuite>
      <testsuite name="App\Tests\Controller\UtilsTest" file="/Users/challe_p/dbwebb-kurser/mvc/me/report/tests/Controller/UtilsTest.php" tests="1" assertions="2" errors="0" failures="0" skipped="0" time="0.007188">
        <testcase name="testNullPlayerArray" file="/Users/challe_p/dbwebb-kurser/mvc/me/report/tests/Controller/UtilsTest.php" line="11" class="App\Tests\Controller\UtilsTest" classname="App.Tests.Controller.UtilsTest" assertions="2" time="0.007188"/>
      </testsuite>
      <testsuite name="App\Game\DeckOfCardsTest" file="/Users/challe_p/dbwebb-kurser/mvc/me/report/tests/DeckOfCardsTest.php" tests="9" assertions="17" errors="0" failures="0" skipped="0" time="0.007428">
        <testcase name="testCreateDeckOfCards" file="/Users/challe_p/dbwebb-kurser/mvc/me/report/tests/DeckOfCardsTest.php" line="20" class="App\Game\DeckOfCardsTest" classname="App.Game.DeckOfCardsTest" assertions="1" time="0.000740"/>
        <testcase name="testPrintAll" file="/Users/challe_p/dbwebb-kurser/mvc/me/report/tests/DeckOfCardsTest.php" line="26" class="App\Game\DeckOfCardsTest" classname="App.Game.DeckOfCardsTest" assertions="1" time="0.000772"/>
        <testcase name="testGetCards" file="/Users/challe_p/dbwebb-kurser/mvc/me/report/tests/DeckOfCardsTest.php" line="41" class="App\Game\DeckOfCardsTest" classname="App.Game.DeckOfCardsTest" assertions="1" time="0.000666"/>
        <testcase name="testShuffle" file="/Users/challe_p/dbwebb-kurser/mvc/me/report/tests/DeckOfCardsTest.php" line="47" class="App\Game\DeckOfCardsTest" classname="App.Game.DeckOfCardsTest" assertions="1" time="0.000676"/>
        <testcase name="testDrawCard" file="/Users/challe_p/dbwebb-kurser/mvc/me/report/tests/DeckOfCardsTest.php" line="56" class="App\Game\DeckOfCardsTest" classname="App.Game.DeckOfCardsTest" assertions="3" time="0.000965"/>
        <testcase name="testShuffleDrawn" file="/Users/challe_p/dbwebb-kurser/mvc/me/report/tests/DeckOfCardsTest.php" line="68" class="App\Game\DeckOfCardsTest" classname="App.Game.DeckOfCardsTest" assertions="6" time="0.001213"/>
        <testcase name="testDrawCards" file="/Users/challe_p/dbwebb-kurser/mvc/me/report/tests/DeckOfCardsTest.php" line="80" class="App\Game\DeckOfCardsTest" classname="App.Game.DeckOfCardsTest" assertions="1" time="0.000674"/>
        <testcase name="testFromString" file="/Users/challe_p/dbwebb-kurser/mvc/me/report/tests/DeckOfCardsTest.php" line="86" class="App\Game\DeckOfCardsTest" classname="App.Game.DeckOfCardsTest" assertions="1" time="0.000864"/>
        <testcase name="testFromStringDrawnCards" file="/Users/challe_p/dbwebb-kurser/mvc/me/report/tests/DeckOfCardsTest.php" line="94" class="App\Game\DeckOfCardsTest" classname="App.Game.DeckOfCardsTest" assertions="2" time="0.000858"/>
      </testsuite>
      <testsuite name="App\Game\Exceptions\ExceptionsTest" file="/Users/challe_p/dbwebb-kurser/mvc/me/report/tests/ExceptionsTest.php" tests="1" assertions="2" errors="0" failures="0" skipped="0" time="0.000650">
        <testcase name="testCreateEmptyDeckException" file="/Users/challe_p/dbwebb-kurser/mvc/me/report/tests/ExceptionsTest.php" line="16" class="App\Game\Exceptions\ExceptionsTest" classname="App.Game.Exceptions.ExceptionsTest" assertions="2" time="0.000650"/>
      </testsuite>
      <testsuite name="App\Game\GameLogicTest" file="/Users/challe_p/dbwebb-kurser/mvc/me/report/tests/GameLogicTest.php" tests="6" assertions="16" errors="0" failures="0" skipped="0" time="0.005795">
        <testcase name="testCreateGameLogic" file="/Users/challe_p/dbwebb-kurser/mvc/me/report/tests/GameLogicTest.php" line="30" class="App\Game\GameLogicTest" classname="App.Game.GameLogicTest" assertions="1" time="0.000872"/>
        <testcase name="testPlay" file="/Users/challe_p/dbwebb-kurser/mvc/me/report/tests/GameLogicTest.php" line="39" class="App\Game\GameLogicTest" classname="App.Game.GameLogicTest" assertions="5" time="0.000993"/>
        <testcase name="testPlayHoldBank" file="/Users/challe_p/dbwebb-kurser/mvc/me/report/tests/GameLogicTest.php" line="54" class="App\Game\GameLogicTest" classname="App.Game.GameLogicTest" assertions="5" time="0.001006"/>
        <testcase name="testPlayerHigherScore" file="/Users/challe_p/dbwebb-kurser/mvc/me/report/tests/GameLogicTest.php" line="69" class="App\Game\GameLogicTest" classname="App.Game.GameLogicTest" assertions="2" time="0.001003"/>
        <testcase name="testPlayerWin" file="/Users/challe_p/dbwebb-kurser/mvc/me/report/tests/GameLogicTest.php" line="83" class="App\Game\GameLogicTest" classname="App.Game.GameLogicTest" assertions="2" time="0.000993"/>
        <testcase name="testOutOfBoundsException" file="/Users/challe_p/dbwebb-kurser/mvc/me/report/tests/GameLogicTest.php" line="95" class="App\Game\GameLogicTest" classname="App.Game.GameLogicTest" assertions="1" time="0.000929"/>
      </testsuite>
      <testsuite name="App\Game\PlayerTest" file="/Users/challe_p/dbwebb-kurser/mvc/me/report/tests/PlayerTest.php" tests="5" assertions="13" errors="0" failures="0" skipped="0" time="0.003761">
        <testcase name="testCreatePlayer" file="/Users/challe_p/dbwebb-kurser/mvc/me/report/tests/PlayerTest.php" line="19" class="App\Game\PlayerTest" classname="App.Game.PlayerTest" assertions="3" time="0.000744"/>
        <testcase name="testSetName" file="/Users/challe_p/dbwebb-kurser/mvc/me/report/tests/PlayerTest.php" line="27" class="App\Game\PlayerTest" classname="App.Game.PlayerTest" assertions="2" time="0.000750"/>
        <testcase name="testSetScore" file="/Users/challe_p/dbwebb-kurser/mvc/me/report/tests/PlayerTest.php" line="35" class="App\Game\PlayerTest" classname="App.Game.PlayerTest" assertions="2" time="0.000739"/>
        <testcase name="testGetHand" file="/Users/challe_p/dbwebb-kurser/mvc/me/report/tests/PlayerTest.php" line="43" class="App\Game\PlayerTest" classname="App.Game.PlayerTest" assertions="2" time="0.000724"/>
        <testcase name="testSetHand" file="/Users/challe_p/dbwebb-kurser/mvc/me/report/tests/PlayerTest.php" line="50" class="App\Game\PlayerTest" classname="App.Game.PlayerTest" assertions="4" time="0.000804"/>
      </testsuite>
      <testsuite name="App\Tests\Controller\ProjectApiControllerTest" file="/Users/challe_p/dbwebb-kurser/mvc/me/report/tests/Project/Controller/ProjectApiControllerTest.php" tests="1" assertions="2" errors="0" failures="0" skipped="0" time="0.021984">
        <testcase name="testHighscoreJson" file="/Users/challe_p/dbwebb-kurser/mvc/me/report/tests/Project/Controller/ProjectApiControllerTest.php" line="10" class="App\Tests\Controller\ProjectApiControllerTest" classname="App.Tests.Controller.ProjectApiControllerTest" assertions="2" time="0.021984"/>
      </testsuite>
      <testsuite name="App\Project\MatTest" file="/Users/challe_p/dbwebb-kurser/mvc/me/report/tests/Project/MatTest.php" tests="5" assertions="7" errors="0" failures="0" skipped="0" time="0.003457">
        <testcase name="testCreateMat" file="/Users/challe_p/dbwebb-kurser/mvc/me/report/tests/Project/MatTest.php" line="13" class="App\Project\MatTest" classname="App.Project.MatTest" assertions="1" time="0.000742"/>
        <testcase name="testPrintEmpty" file="/Users/challe_p/dbwebb-kurser/mvc/me/report/tests/Project/MatTest.php" line="19" class="App\Project\MatTest" classname="App.Project.MatTest" assertions="1" time="0.000704"/>
        <testcase name="testSetCard" file="/Users/challe_p/dbwebb-kurser/mvc/me/report/tests/Project/MatTest.php" line="31" class="App\Project\MatTest" classname="App.Project.MatTest" assertions="3" time="0.000674"/>
        <testcase name="testFromStringEmpty" file="/Users/challe_p/dbwebb-kurser/mvc/me/report/tests/Project/MatTest.php" line="46" class="App\Project\MatTest" classname="App.Project.MatTest" assertions="1" time="0.000660"/>
        <testcase name="testFromString" file="/Users/challe_p/dbwebb-kurser/mvc/me/report/tests/Project/MatTest.php" line="54" class="App\Project\MatTest" classname="App.Project.MatTest" assertions="1" time="0.000677"/>
      </testsuite>
      <testsuite name="App\Project\PokerLogicTest" file="/Users/challe_p/dbwebb-kurser/mvc/me/report/tests/Project/PokerLogicTest.php" tests="3" assertions="14" errors="0" failures="0" skipped="0" time="0.003200">
        <testcase name="testCreateMat" file="/Users/challe_p/dbwebb-kurser/mvc/me/report/tests/Project/PokerLogicTest.php" line="13" class="App\Project\PokerLogicTest" classname="App.Project.PokerLogicTest" assertions="1" time="0.000758"/>
        <testcase name="testAutofill" file="/Users/challe_p/dbwebb-kurser/mvc/me/report/tests/Project/PokerLogicTest.php" line="19" class="App\Project\PokerLogicTest" classname="App.Project.PokerLogicTest" assertions="10" time="0.000962"/>
        <testcase name="testScoring" file="/Users/challe_p/dbwebb-kurser/mvc/me/report/tests/Project/PokerLogicTest.php" line="31" class="App\Project\PokerLogicTest" classname="App.Project.PokerLogicTest" assertions="3" time="0.001480"/>
      </testsuite>
      <testsuite name="App\Project\RowTest" file="/Users/challe_p/dbwebb-kurser/mvc/me/report/tests/Project/RowTest.php" tests="6" assertions="10" errors="0" failures="0" skipped="0" time="0.003858">
        <testcase name="testCreateRow" file="/Users/challe_p/dbwebb-kurser/mvc/me/report/tests/Project/RowTest.php" line="18" class="App\Project\RowTest" classname="App.Project.RowTest" assertions="2" time="0.000634"/>
        <testcase name="testSetCard" file="/Users/challe_p/dbwebb-kurser/mvc/me/report/tests/Project/RowTest.php" line="25" class="App\Project\RowTest" classname="App.Project.RowTest" assertions="2" time="0.000640"/>
        <testcase name="testSetCardFull" file="/Users/challe_p/dbwebb-kurser/mvc/me/report/tests/Project/RowTest.php" line="36" class="App\Project\RowTest" classname="App.Project.RowTest" assertions="2" time="0.000639"/>
        <testcase name="testToString" file="/Users/challe_p/dbwebb-kurser/mvc/me/report/tests/Project/RowTest.php" line="45" class="App\Project\RowTest" classname="App.Project.RowTest" assertions="1" time="0.000607"/>
        <testcase name="testIsFilled" file="/Users/challe_p/dbwebb-kurser/mvc/me/report/tests/Project/RowTest.php" line="54" class="App\Project\RowTest" classname="App.Project.RowTest" assertions="2" time="0.000746"/>
        <testcase name="testSetGetScore" file="/Users/challe_p/dbwebb-kurser/mvc/me/report/tests/Project/RowTest.php" line="66" class="App\Project\RowTest" classname="App.Project.RowTest" assertions="1" time="0.000592"/>
      </testsuite>
      <testsuite name="App\Project\StraightFlushRulesTest" file="/Users/challe_p/dbwebb-kurser/mvc/me/report/tests/Project/StraightFlushRulesTest.php" tests="9" assertions="9" errors="0" failures="0" skipped="0" time="0.006500">
        <testcase name="testStraightNonRoyalNonFlush" file="/Users/challe_p/dbwebb-kurser/mvc/me/report/tests/Project/StraightFlushRulesTest.php" line="14" class="App\Project\StraightFlushRulesTest" classname="App.Project.StraightFlushRulesTest" assertions="1" time="0.000710"/>
        <testcase name="testStraightFlush" file="/Users/challe_p/dbwebb-kurser/mvc/me/report/tests/Project/StraightFlushRulesTest.php" line="26" class="App\Project\StraightFlushRulesTest" classname="App.Project.StraightFlushRulesTest" assertions="1" time="0.000729"/>
        <testcase name="testRoyalFlush" file="/Users/challe_p/dbwebb-kurser/mvc/me/report/tests/Project/StraightFlushRulesTest.php" line="38" class="App\Project\StraightFlushRulesTest" classname="App.Project.StraightFlushRulesTest" assertions="1" time="0.000739"/>
        <testcase name="testFlush" file="/Users/challe_p/dbwebb-kurser/mvc/me/report/tests/Project/StraightFlushRulesTest.php" line="50" class="App\Project\StraightFlushRulesTest" classname="App.Project.StraightFlushRulesTest" assertions="1" time="0.000730"/>
        <testcase name="testFlushNoStraightWithAce" file="/Users/challe_p/dbwebb-kurser/mvc/me/report/tests/Project/StraightFlushRulesTest.php" line="62" class="App\Project\StraightFlushRulesTest" classname="App.Project.StraightFlushRulesTest" assertions="1" time="0.000758"/>
        <testcase name="testStraightWithAce" file="/Users/challe_p/dbwebb-kurser/mvc/me/report/tests/Project/StraightFlushRulesTest.php" line="74" class="App\Project\StraightFlushRulesTest" classname="App.Project.StraightFlushRulesTest" assertions="1" time="0.000732"/>
        <testcase name="testNothing" file="/Users/challe_p/dbwebb-kurser/mvc/me/report/tests/Project/StraightFlushRulesTest.php" line="86" class="App\Project\StraightFlushRulesTest" classname="App.Project.StraightFlushRulesTest" assertions="1" time="0.000725"/>
        <testcase name="testUnfilledRow" file="/Users/challe_p/dbwebb-kurser/mvc/me/report/tests/Project/StraightFlushRulesTest.php" line="98" class="App\Project\StraightFlushRulesTest" classname="App.Project.StraightFlushRulesTest" assertions="1" time="0.000639"/>
        <testcase name="testInvalidRow" file="/Users/challe_p/dbwebb-kurser/mvc/me/report/tests/Project/StraightFlushRulesTest.php" line="106" class="App\Project\StraightFlushRulesTest" classname="App.Project.StraightFlushRulesTest" assertions="1" time="0.000737"/>
      </testsuite>
      <testsuite name="App\Project\UniqueValuesRulesTest" file="/Users/challe_p/dbwebb-kurser/mvc/me/report/tests/Project/UniqueValuesRulesTest.php" tests="5" assertions="5" errors="0" failures="0" skipped="0" time="0.003552">
        <testcase name="testFullHouse" file="/Users/challe_p/dbwebb-kurser/mvc/me/report/tests/Project/UniqueValuesRulesTest.php" line="13" class="App\Project\UniqueValuesRulesTest" classname="App.Project.UniqueValuesRulesTest" assertions="1" time="0.000682"/>
        <testcase name="testFourOfAKind" file="/Users/challe_p/dbwebb-kurser/mvc/me/report/tests/Project/UniqueValuesRulesTest.php" line="25" class="App\Project\UniqueValuesRulesTest" classname="App.Project.UniqueValuesRulesTest" assertions="1" time="0.000686"/>
        <testcase name="testPair" file="/Users/challe_p/dbwebb-kurser/mvc/me/report/tests/Project/UniqueValuesRulesTest.php" line="37" class="App\Project\UniqueValuesRulesTest" classname="App.Project.UniqueValuesRulesTest" assertions="1" time="0.000724"/>
        <testcase name="testTwoPair" file="/Users/challe_p/dbwebb-kurser/mvc/me/report/tests/Project/UniqueValuesRulesTest.php" line="49" class="App\Project\UniqueValuesRulesTest" classname="App.Project.UniqueValuesRulesTest" assertions="1" time="0.000728"/>
        <testcase name="testThreeOfAKind" file="/Users/challe_p/dbwebb-kurser/mvc/me/report/tests/Project/UniqueValuesRulesTest.php" line="61" class="App\Project\UniqueValuesRulesTest" classname="App.Project.UniqueValuesRulesTest" assertions="1" time="0.000732"/>
      </testsuite>
      <testsuite name="App\Game\RulesTest" file="/Users/challe_p/dbwebb-kurser/mvc/me/report/tests/RulesTest.php" tests="6" assertions="7" errors="0" failures="0" skipped="0" time="0.004263">
        <testcase name="testCreateRules" file="/Users/challe_p/dbwebb-kurser/mvc/me/report/tests/RulesTest.php" line="19" class="App\Game\RulesTest" classname="App.Game.RulesTest" assertions="1" time="0.000642"/>
        <testcase name="testCreateCustom" file="/Users/challe_p/dbwebb-kurser/mvc/me/report/tests/RulesTest.php" line="25" class="App\Game\RulesTest" classname="App.Game.RulesTest" assertions="1" time="0.000654"/>
        <testcase name="testTranslator" file="/Users/challe_p/dbwebb-kurser/mvc/me/report/tests/RulesTest.php" line="31" class="App\Game\RulesTest" classname="App.Game.RulesTest" assertions="1" time="0.000758"/>
        <testcase name="testTranslatorMax" file="/Users/challe_p/dbwebb-kurser/mvc/me/report/tests/RulesTest.php" line="39" class="App\Game\RulesTest" classname="App.Game.RulesTest" assertions="1" time="0.000762"/>
        <testcase name="testTranslatorNoAces" file="/Users/challe_p/dbwebb-kurser/mvc/me/report/tests/RulesTest.php" line="47" class="App\Game\RulesTest" classname="App.Game.RulesTest" assertions="1" time="0.000724"/>
        <testcase name="testMaxAces" file="/Users/challe_p/dbwebb-kurser/mvc/me/report/tests/RulesTest.php" line="56" class="App\Game\RulesTest" classname="App.Game.RulesTest" assertions="2" time="0.000725"/>
      </testsuite>
      <testsuite name="App\Game\TarotDeckTest" file="/Users/challe_p/dbwebb-kurser/mvc/me/report/tests/TarotDeckTest.php" tests="1" assertions="2" errors="0" failures="0" skipped="0" time="0.000751">
        <testcase name="testCreateTarotDeck" file="/Users/challe_p/dbwebb-kurser/mvc/me/report/tests/TarotDeckTest.php" line="16" class="App\Game\TarotDeckTest" classname="App.Game.TarotDeckTest" assertions="2" time="0.000751"/>
      </testsuite>
    </testsuite>
  </testsuite>
</testsuites>
