<?xml version="1.0" encoding="UTF-8"?>
<testsuites>
  <testsuite name="/Users/challe_p/dbwebb-kurser/mvc/me/report/phpunit.xml.dist" tests="155" assertions="417" errors="0" failures="0" skipped="0" time="2.216688">
    <testsuite name="Project Test Suite" tests="155" assertions="417" errors="0" failures="0" skipped="0" time="2.216688">
      <testsuite name="App\Game\CardHandTest" file="/Users/challe_p/dbwebb-kurser/mvc/me/report/tests/CardHandTest.php" tests="5" assertions="9" errors="0" failures="0" skipped="0" time="0.034232">
        <testcase name="testCreateCardHand" file="/Users/challe_p/dbwebb-kurser/mvc/me/report/tests/CardHandTest.php" line="18" class="App\Game\CardHandTest" classname="App.Game.CardHandTest" assertions="2" time="0.031365"/>
        <testcase name="testDraw" file="/Users/challe_p/dbwebb-kurser/mvc/me/report/tests/CardHandTest.php" line="25" class="App\Game\CardHandTest" classname="App.Game.CardHandTest" assertions="1" time="0.000821"/>
        <testcase name="testRemoveCard" file="/Users/challe_p/dbwebb-kurser/mvc/me/report/tests/CardHandTest.php" line="33" class="App\Game\CardHandTest" classname="App.Game.CardHandTest" assertions="2" time="0.000714"/>
        <testcase name="testEmptyHand" file="/Users/challe_p/dbwebb-kurser/mvc/me/report/tests/CardHandTest.php" line="41" class="App\Game\CardHandTest" classname="App.Game.CardHandTest" assertions="1" time="0.000666"/>
        <testcase name="testAddCard" file="/Users/challe_p/dbwebb-kurser/mvc/me/report/tests/CardHandTest.php" line="47" class="App\Game\CardHandTest" classname="App.Game.CardHandTest" assertions="3" time="0.000665"/>
      </testsuite>
      <testsuite name="App\Game\CardTest" file="/Users/challe_p/dbwebb-kurser/mvc/me/report/tests/CardTest.php" tests="3" assertions="5" errors="0" failures="0" skipped="0" time="0.001743">
        <testcase name="testCreateCard" file="/Users/challe_p/dbwebb-kurser/mvc/me/report/tests/CardTest.php" line="16" class="App\Game\CardTest" classname="App.Game.CardTest" assertions="3" time="0.000603"/>
        <testcase name="testgetImagePath" file="/Users/challe_p/dbwebb-kurser/mvc/me/report/tests/CardTest.php" line="27" class="App\Game\CardTest" classname="App.Game.CardTest" assertions="1" time="0.000576"/>
        <testcase name="testToString" file="/Users/challe_p/dbwebb-kurser/mvc/me/report/tests/CardTest.php" line="35" class="App\Game\CardTest" classname="App.Game.CardTest" assertions="1" time="0.000563"/>
      </testsuite>
      <testsuite name="App\Tests\Controller\GameApiControllerTest" file="/Users/challe_p/dbwebb-kurser/mvc/me/report/tests/Controller/GameApiControllerTest.php" tests="7" assertions="15" errors="0" failures="0" skipped="0" time="0.103067">
        <testcase name="testApiDeck" file="/Users/challe_p/dbwebb-kurser/mvc/me/report/tests/Controller/GameApiControllerTest.php" line="71" class="App\Tests\Controller\GameApiControllerTest" classname="App.Tests.Controller.GameApiControllerTest" assertions="3" time="0.075001"/>
        <testcase name="testApiDeckShuffleApi" file="/Users/challe_p/dbwebb-kurser/mvc/me/report/tests/Controller/GameApiControllerTest.php" line="82" class="App\Tests\Controller\GameApiControllerTest" classname="App.Tests.Controller.GameApiControllerTest" assertions="2" time="0.004722"/>
        <testcase name="testApiDeckDraw" file="/Users/challe_p/dbwebb-kurser/mvc/me/report/tests/Controller/GameApiControllerTest.php" line="91" class="App\Tests\Controller\GameApiControllerTest" classname="App.Tests.Controller.GameApiControllerTest" assertions="2" time="0.004824"/>
        <testcase name="testApiDeckDeal" file="/Users/challe_p/dbwebb-kurser/mvc/me/report/tests/Controller/GameApiControllerTest.php" line="101" class="App\Tests\Controller\GameApiControllerTest" classname="App.Tests.Controller.GameApiControllerTest" assertions="2" time="0.004617"/>
        <testcase name="testApiDeckDealTooMany" file="/Users/challe_p/dbwebb-kurser/mvc/me/report/tests/Controller/GameApiControllerTest.php" line="114" class="App\Tests\Controller\GameApiControllerTest" classname="App.Tests.Controller.GameApiControllerTest" assertions="2" time="0.004643"/>
        <testcase name="testApiDeckDealWrongInput" file="/Users/challe_p/dbwebb-kurser/mvc/me/report/tests/Controller/GameApiControllerTest.php" line="127" class="App\Tests\Controller\GameApiControllerTest" classname="App.Tests.Controller.GameApiControllerTest" assertions="2" time="0.005277"/>
        <testcase name="testApiDeckDrawWrongInput" file="/Users/challe_p/dbwebb-kurser/mvc/me/report/tests/Controller/GameApiControllerTest.php" line="140" class="App\Tests\Controller\GameApiControllerTest" classname="App.Tests.Controller.GameApiControllerTest" assertions="2" time="0.003983"/>
      </testsuite>
      <testsuite name="App\Tests\Controller\GameControllerTest" file="/Users/challe_p/dbwebb-kurser/mvc/me/report/tests/Controller/GameControllerTest.php" tests="3" assertions="9" errors="0" failures="0" skipped="0" time="0.041635">
        <testcase name="testFirst" file="/Users/challe_p/dbwebb-kurser/mvc/me/report/tests/Controller/GameControllerTest.php" line="10" class="App\Tests\Controller\GameControllerTest" classname="App.Tests.Controller.GameControllerTest" assertions="3" time="0.024806"/>
        <testcase name="testDeck" file="/Users/challe_p/dbwebb-kurser/mvc/me/report/tests/Controller/GameControllerTest.php" line="19" class="App\Tests\Controller\GameControllerTest" classname="App.Tests.Controller.GameControllerTest" assertions="3" time="0.008132"/>
        <testcase name="testShuffle" file="/Users/challe_p/dbwebb-kurser/mvc/me/report/tests/Controller/GameControllerTest.php" line="28" class="App\Tests\Controller\GameControllerTest" classname="App.Tests.Controller.GameControllerTest" assertions="3" time="0.008698"/>
      </testsuite>
      <testsuite name="App\Tests\Controller\GameDrawControllerTest" file="/Users/challe_p/dbwebb-kurser/mvc/me/report/tests/Controller/GameDrawControllerTest.php" tests="8" assertions="21" errors="0" failures="0" skipped="0" time="0.373170">
        <testcase name="testDraw" file="/Users/challe_p/dbwebb-kurser/mvc/me/report/tests/Controller/GameDrawControllerTest.php" line="10" class="App\Tests\Controller\GameDrawControllerTest" classname="App.Tests.Controller.GameDrawControllerTest" assertions="3" time="0.311152"/>
        <testcase name="testDrawAmount" file="/Users/challe_p/dbwebb-kurser/mvc/me/report/tests/Controller/GameDrawControllerTest.php" line="24" class="App\Tests\Controller\GameDrawControllerTest" classname="App.Tests.Controller.GameDrawControllerTest" assertions="2" time="0.007065"/>
        <testcase name="testDrawTooMany" file="/Users/challe_p/dbwebb-kurser/mvc/me/report/tests/Controller/GameDrawControllerTest.php" line="33" class="App\Tests\Controller\GameDrawControllerTest" classname="App.Tests.Controller.GameDrawControllerTest" assertions="4" time="0.006962"/>
        <testcase name="testDeal" file="/Users/challe_p/dbwebb-kurser/mvc/me/report/tests/Controller/GameDrawControllerTest.php" line="43" class="App\Tests\Controller\GameDrawControllerTest" classname="App.Tests.Controller.GameDrawControllerTest" assertions="2" time="0.008282"/>
        <testcase name="testDealTooMany" file="/Users/challe_p/dbwebb-kurser/mvc/me/report/tests/Controller/GameDrawControllerTest.php" line="52" class="App\Tests\Controller\GameDrawControllerTest" classname="App.Tests.Controller.GameDrawControllerTest" assertions="4" time="0.007008"/>
        <testcase name="testShuffleDeckToDraw" file="/Users/challe_p/dbwebb-kurser/mvc/me/report/tests/Controller/GameDrawControllerTest.php" line="62" class="App\Tests\Controller\GameDrawControllerTest" classname="App.Tests.Controller.GameDrawControllerTest" assertions="2" time="0.012774"/>
        <testcase name="testDrawAmountPost" file="/Users/challe_p/dbwebb-kurser/mvc/me/report/tests/Controller/GameDrawControllerTest.php" line="72" class="App\Tests\Controller\GameDrawControllerTest" classname="App.Tests.Controller.GameDrawControllerTest" assertions="2" time="0.009786"/>
        <testcase name="testDealPost" file="/Users/challe_p/dbwebb-kurser/mvc/me/report/tests/Controller/GameDrawControllerTest.php" line="82" class="App\Tests\Controller\GameDrawControllerTest" classname="App.Tests.Controller.GameDrawControllerTest" assertions="2" time="0.010140"/>
      </testsuite>
      <testsuite name="App\Tests\Controller\LibraryApiControllerTest" file="/Users/challe_p/dbwebb-kurser/mvc/me/report/tests/Controller/LibraryApiControllerTest.php" tests="2" assertions="2" errors="0" failures="0" skipped="0" time="0.032059">
        <testcase name="testFindAll" file="/Users/challe_p/dbwebb-kurser/mvc/me/report/tests/Controller/LibraryApiControllerTest.php" line="10" class="App\Tests\Controller\LibraryApiControllerTest" classname="App.Tests.Controller.LibraryApiControllerTest" assertions="1" time="0.023057"/>
        <testcase name="testFindNull" file="/Users/challe_p/dbwebb-kurser/mvc/me/report/tests/Controller/LibraryApiControllerTest.php" line="18" class="App\Tests\Controller\LibraryApiControllerTest" classname="App.Tests.Controller.LibraryApiControllerTest" assertions="1" time="0.009002"/>
      </testsuite>
      <testsuite name="App\Tests\Controller\LibraryControllerTest" file="/Users/challe_p/dbwebb-kurser/mvc/me/report/tests/Controller/LibraryControllerTest.php" tests="8" assertions="41" errors="0" failures="0" skipped="0" time="0.192744">
        <testcase name="testLibrary" file="/Users/challe_p/dbwebb-kurser/mvc/me/report/tests/Controller/LibraryControllerTest.php" line="10" class="App\Tests\Controller\LibraryControllerTest" classname="App.Tests.Controller.LibraryControllerTest" assertions="4" time="0.016253"/>
        <testcase name="testShowBookById" file="/Users/challe_p/dbwebb-kurser/mvc/me/report/tests/Controller/LibraryControllerTest.php" line="20" class="App\Tests\Controller\LibraryControllerTest" classname="App.Tests.Controller.LibraryControllerTest" assertions="2" time="0.006679"/>
        <testcase name="testCreateForm" file="/Users/challe_p/dbwebb-kurser/mvc/me/report/tests/Controller/LibraryControllerTest.php" line="29" class="App\Tests\Controller\LibraryControllerTest" classname="App.Tests.Controller.LibraryControllerTest" assertions="2" time="0.005949"/>
        <testcase name="testUpdateBookById" file="/Users/challe_p/dbwebb-kurser/mvc/me/report/tests/Controller/LibraryControllerTest.php" line="38" class="App\Tests\Controller\LibraryControllerTest" classname="App.Tests.Controller.LibraryControllerTest" assertions="2" time="0.009264"/>
        <testcase name="testCreateDelete" file="/Users/challe_p/dbwebb-kurser/mvc/me/report/tests/Controller/LibraryControllerTest.php" line="47" class="App\Tests\Controller\LibraryControllerTest" classname="App.Tests.Controller.LibraryControllerTest" assertions="11" time="0.028471"/>
        <testcase name="testDeleteNotFound" file="/Users/challe_p/dbwebb-kurser/mvc/me/report/tests/Controller/LibraryControllerTest.php" line="83" class="App\Tests\Controller\LibraryControllerTest" classname="App.Tests.Controller.LibraryControllerTest" assertions="1" time="0.073743"/>
        <testcase name="testUpdateBook" file="/Users/challe_p/dbwebb-kurser/mvc/me/report/tests/Controller/LibraryControllerTest.php" line="90" class="App\Tests\Controller\LibraryControllerTest" classname="App.Tests.Controller.LibraryControllerTest" assertions="17" time="0.036945"/>
        <testcase name="testUpdateBookNotFound" file="/Users/challe_p/dbwebb-kurser/mvc/me/report/tests/Controller/LibraryControllerTest.php" line="145" class="App\Tests\Controller\LibraryControllerTest" classname="App.Tests.Controller.LibraryControllerTest" assertions="2" time="0.015440"/>
      </testsuite>
      <testsuite name="App\Tests\Controller\ReportControllerTest" file="/Users/challe_p/dbwebb-kurser/mvc/me/report/tests/Controller/ReportControllerTest.php" tests="7" assertions="19" errors="0" failures="0" skipped="0" time="0.075130">
        <testcase name="testHome" file="/Users/challe_p/dbwebb-kurser/mvc/me/report/tests/Controller/ReportControllerTest.php" line="11" class="App\Tests\Controller\ReportControllerTest" classname="App.Tests.Controller.ReportControllerTest" assertions="3" time="0.011885"/>
        <testcase name="testAbout" file="/Users/challe_p/dbwebb-kurser/mvc/me/report/tests/Controller/ReportControllerTest.php" line="20" class="App\Tests\Controller\ReportControllerTest" classname="App.Tests.Controller.ReportControllerTest" assertions="3" time="0.005650"/>
        <testcase name="testReport" file="/Users/challe_p/dbwebb-kurser/mvc/me/report/tests/Controller/ReportControllerTest.php" line="29" class="App\Tests\Controller\ReportControllerTest" classname="App.Tests.Controller.ReportControllerTest" assertions="3" time="0.026489"/>
        <testcase name="testApi" file="/Users/challe_p/dbwebb-kurser/mvc/me/report/tests/Controller/ReportControllerTest.php" line="38" class="App\Tests\Controller\ReportControllerTest" classname="App.Tests.Controller.ReportControllerTest" assertions="3" time="0.006614"/>
        <testcase name="testApiQuote" file="/Users/challe_p/dbwebb-kurser/mvc/me/report/tests/Controller/ReportControllerTest.php" line="47" class="App\Tests\Controller\ReportControllerTest" classname="App.Tests.Controller.ReportControllerTest" assertions="1" time="0.003512"/>
        <testcase name="testLucky" file="/Users/challe_p/dbwebb-kurser/mvc/me/report/tests/Controller/ReportControllerTest.php" line="55" class="App\Tests\Controller\ReportControllerTest" classname="App.Tests.Controller.ReportControllerTest" assertions="3" time="0.005677"/>
        <testcase name="testMetrics" file="/Users/challe_p/dbwebb-kurser/mvc/me/report/tests/Controller/ReportControllerTest.php" line="64" class="App\Tests\Controller\ReportControllerTest" classname="App.Tests.Controller.ReportControllerTest" assertions="3" time="0.015304"/>
      </testsuite>
      <testsuite name="App\Tests\Controller\SessionControllerTest" file="/Users/challe_p/dbwebb-kurser/mvc/me/report/tests/Controller/SessionControllerTest.php" tests="2" assertions="6" errors="0" failures="0" skipped="0" time="0.019858">
        <testcase name="testSession" file="/Users/challe_p/dbwebb-kurser/mvc/me/report/tests/Controller/SessionControllerTest.php" line="11" class="App\Tests\Controller\SessionControllerTest" classname="App.Tests.Controller.SessionControllerTest" assertions="3" time="0.007778"/>
        <testcase name="testClearSession" file="/Users/challe_p/dbwebb-kurser/mvc/me/report/tests/Controller/SessionControllerTest.php" line="20" class="App\Tests\Controller\SessionControllerTest" classname="App.Tests.Controller.SessionControllerTest" assertions="3" time="0.012079"/>
      </testsuite>
      <testsuite name="App\Tests\Controller\TwentyOneApiControllerTest" file="/Users/challe_p/dbwebb-kurser/mvc/me/report/tests/Controller/TwentyOneApiControllerTest.php" tests="3" assertions="4" errors="0" failures="0" skipped="0" time="0.045146">
        <testcase name="testGameApiEmpty" file="/Users/challe_p/dbwebb-kurser/mvc/me/report/tests/Controller/TwentyOneApiControllerTest.php" line="11" class="App\Tests\Controller\TwentyOneApiControllerTest" classname="App.Tests.Controller.TwentyOneApiControllerTest" assertions="1" time="0.007214"/>
        <testcase name="testGameApi" file="/Users/challe_p/dbwebb-kurser/mvc/me/report/tests/Controller/TwentyOneApiControllerTest.php" line="19" class="App\Tests\Controller\TwentyOneApiControllerTest" classname="App.Tests.Controller.TwentyOneApiControllerTest" assertions="2" time="0.030362"/>
        <testcase name="testStart" file="/Users/challe_p/dbwebb-kurser/mvc/me/report/tests/Controller/TwentyOneApiControllerTest.php" line="40" class="App\Tests\Controller\TwentyOneApiControllerTest" classname="App.Tests.Controller.TwentyOneApiControllerTest" assertions="1" time="0.007569"/>
      </testsuite>
      <testsuite name="App\Tests\Controller\TwentyOneControllerTest" file="/Users/challe_p/dbwebb-kurser/mvc/me/report/tests/Controller/TwentyOneControllerTest.php" tests="6" assertions="15" errors="0" failures="0" skipped="0" time="0.090420">
        <testcase name="testGamePlay" file="/Users/challe_p/dbwebb-kurser/mvc/me/report/tests/Controller/TwentyOneControllerTest.php" line="13" class="App\Tests\Controller\TwentyOneControllerTest" classname="App.Tests.Controller.TwentyOneControllerTest" assertions="2" time="0.025830"/>
        <testcase name="testPlayerWin" file="/Users/challe_p/dbwebb-kurser/mvc/me/report/tests/Controller/TwentyOneControllerTest.php" line="33" class="App\Tests\Controller\TwentyOneControllerTest" classname="App.Tests.Controller.TwentyOneControllerTest" assertions="4" time="0.022239"/>
        <testcase name="testBankWin" file="/Users/challe_p/dbwebb-kurser/mvc/me/report/tests/Controller/TwentyOneControllerTest.php" line="51" class="App\Tests\Controller\TwentyOneControllerTest" classname="App.Tests.Controller.TwentyOneControllerTest" assertions="4" time="0.013894"/>
        <testcase name="testDeckAlmostEmpty" file="/Users/challe_p/dbwebb-kurser/mvc/me/report/tests/Controller/TwentyOneControllerTest.php" line="69" class="App\Tests\Controller\TwentyOneControllerTest" classname="App.Tests.Controller.TwentyOneControllerTest" assertions="3" time="0.014310"/>
        <testcase name="testGameDoc" file="/Users/challe_p/dbwebb-kurser/mvc/me/report/tests/Controller/TwentyOneControllerTest.php" line="83" class="App\Tests\Controller\TwentyOneControllerTest" classname="App.Tests.Controller.TwentyOneControllerTest" assertions="1" time="0.007648"/>
        <testcase name="testStart" file="/Users/challe_p/dbwebb-kurser/mvc/me/report/tests/Controller/TwentyOneControllerTest.php" line="91" class="App\Tests\Controller\TwentyOneControllerTest" classname="App.Tests.Controller.TwentyOneControllerTest" assertions="1" time="0.006500"/>
      </testsuite>
      <testsuite name="App\Tests\Controller\UtilsTest" file="/Users/challe_p/dbwebb-kurser/mvc/me/report/tests/Controller/UtilsTest.php" tests="1" assertions="2" errors="0" failures="0" skipped="0" time="0.006889">
        <testcase name="testNullPlayerArray" file="/Users/challe_p/dbwebb-kurser/mvc/me/report/tests/Controller/UtilsTest.php" line="11" class="App\Tests\Controller\UtilsTest" classname="App.Tests.Controller.UtilsTest" assertions="2" time="0.006889"/>
      </testsuite>
      <testsuite name="App\Game\DeckOfCardsTest" file="/Users/challe_p/dbwebb-kurser/mvc/me/report/tests/DeckOfCardsTest.php" tests="10" assertions="20" errors="0" failures="0" skipped="0" time="0.008106">
        <testcase name="testCreateDeckOfCards" file="/Users/challe_p/dbwebb-kurser/mvc/me/report/tests/DeckOfCardsTest.php" line="18" class="App\Game\DeckOfCardsTest" classname="App.Game.DeckOfCardsTest" assertions="1" time="0.000697"/>
        <testcase name="testPrintAll" file="/Users/challe_p/dbwebb-kurser/mvc/me/report/tests/DeckOfCardsTest.php" line="24" class="App\Game\DeckOfCardsTest" classname="App.Game.DeckOfCardsTest" assertions="1" time="0.000730"/>
        <testcase name="testGetCards" file="/Users/challe_p/dbwebb-kurser/mvc/me/report/tests/DeckOfCardsTest.php" line="39" class="App\Game\DeckOfCardsTest" classname="App.Game.DeckOfCardsTest" assertions="1" time="0.000672"/>
        <testcase name="testShuffle" file="/Users/challe_p/dbwebb-kurser/mvc/me/report/tests/DeckOfCardsTest.php" line="45" class="App\Game\DeckOfCardsTest" classname="App.Game.DeckOfCardsTest" assertions="1" time="0.000674"/>
        <testcase name="testDrawCard" file="/Users/challe_p/dbwebb-kurser/mvc/me/report/tests/DeckOfCardsTest.php" line="54" class="App\Game\DeckOfCardsTest" classname="App.Game.DeckOfCardsTest" assertions="3" time="0.000964"/>
        <testcase name="testShuffleDrawn" file="/Users/challe_p/dbwebb-kurser/mvc/me/report/tests/DeckOfCardsTest.php" line="66" class="App\Game\DeckOfCardsTest" classname="App.Game.DeckOfCardsTest" assertions="6" time="0.001207"/>
        <testcase name="testDrawCards" file="/Users/challe_p/dbwebb-kurser/mvc/me/report/tests/DeckOfCardsTest.php" line="78" class="App\Game\DeckOfCardsTest" classname="App.Game.DeckOfCardsTest" assertions="1" time="0.000682"/>
        <testcase name="testFromString" file="/Users/challe_p/dbwebb-kurser/mvc/me/report/tests/DeckOfCardsTest.php" line="84" class="App\Game\DeckOfCardsTest" classname="App.Game.DeckOfCardsTest" assertions="1" time="0.000839"/>
        <testcase name="testFromStringDrawnCards" file="/Users/challe_p/dbwebb-kurser/mvc/me/report/tests/DeckOfCardsTest.php" line="92" class="App\Game\DeckOfCardsTest" classname="App.Game.DeckOfCardsTest" assertions="2" time="0.000817"/>
        <testcase name="testPeekEmptyDeck" file="/Users/challe_p/dbwebb-kurser/mvc/me/report/tests/DeckOfCardsTest.php" line="102" class="App\Game\DeckOfCardsTest" classname="App.Game.DeckOfCardsTest" assertions="3" time="0.000825"/>
      </testsuite>
      <testsuite name="App\Game\Exceptions\ExceptionsTest" file="/Users/challe_p/dbwebb-kurser/mvc/me/report/tests/ExceptionsTest.php" tests="1" assertions="2" errors="0" failures="0" skipped="0" time="0.000627">
        <testcase name="testCreateEmptyDeckException" file="/Users/challe_p/dbwebb-kurser/mvc/me/report/tests/ExceptionsTest.php" line="16" class="App\Game\Exceptions\ExceptionsTest" classname="App.Game.Exceptions.ExceptionsTest" assertions="2" time="0.000627"/>
      </testsuite>
      <testsuite name="App\Game\GameLogicTest" file="/Users/challe_p/dbwebb-kurser/mvc/me/report/tests/GameLogicTest.php" tests="6" assertions="16" errors="0" failures="0" skipped="0" time="0.005755">
        <testcase name="testCreateGameLogic" file="/Users/challe_p/dbwebb-kurser/mvc/me/report/tests/GameLogicTest.php" line="30" class="App\Game\GameLogicTest" classname="App.Game.GameLogicTest" assertions="1" time="0.000883"/>
        <testcase name="testPlay" file="/Users/challe_p/dbwebb-kurser/mvc/me/report/tests/GameLogicTest.php" line="39" class="App\Game\GameLogicTest" classname="App.Game.GameLogicTest" assertions="5" time="0.000967"/>
        <testcase name="testPlayHoldBank" file="/Users/challe_p/dbwebb-kurser/mvc/me/report/tests/GameLogicTest.php" line="54" class="App\Game\GameLogicTest" classname="App.Game.GameLogicTest" assertions="5" time="0.001028"/>
        <testcase name="testPlayerHigherScore" file="/Users/challe_p/dbwebb-kurser/mvc/me/report/tests/GameLogicTest.php" line="69" class="App\Game\GameLogicTest" classname="App.Game.GameLogicTest" assertions="2" time="0.000984"/>
        <testcase name="testPlayerWin" file="/Users/challe_p/dbwebb-kurser/mvc/me/report/tests/GameLogicTest.php" line="83" class="App\Game\GameLogicTest" classname="App.Game.GameLogicTest" assertions="2" time="0.000975"/>
        <testcase name="testOutOfBoundsException" file="/Users/challe_p/dbwebb-kurser/mvc/me/report/tests/GameLogicTest.php" line="95" class="App\Game\GameLogicTest" classname="App.Game.GameLogicTest" assertions="1" time="0.000919"/>
      </testsuite>
      <testsuite name="App\Game\PlayerTest" file="/Users/challe_p/dbwebb-kurser/mvc/me/report/tests/PlayerTest.php" tests="5" assertions="13" errors="0" failures="0" skipped="0" time="0.003567">
        <testcase name="testCreatePlayer" file="/Users/challe_p/dbwebb-kurser/mvc/me/report/tests/PlayerTest.php" line="19" class="App\Game\PlayerTest" classname="App.Game.PlayerTest" assertions="3" time="0.000743"/>
        <testcase name="testSetName" file="/Users/challe_p/dbwebb-kurser/mvc/me/report/tests/PlayerTest.php" line="27" class="App\Game\PlayerTest" classname="App.Game.PlayerTest" assertions="2" time="0.000705"/>
        <testcase name="testSetScore" file="/Users/challe_p/dbwebb-kurser/mvc/me/report/tests/PlayerTest.php" line="35" class="App\Game\PlayerTest" classname="App.Game.PlayerTest" assertions="2" time="0.000682"/>
        <testcase name="testGetHand" file="/Users/challe_p/dbwebb-kurser/mvc/me/report/tests/PlayerTest.php" line="43" class="App\Game\PlayerTest" classname="App.Game.PlayerTest" assertions="2" time="0.000691"/>
        <testcase name="testSetHand" file="/Users/challe_p/dbwebb-kurser/mvc/me/report/tests/PlayerTest.php" line="50" class="App\Game\PlayerTest" classname="App.Game.PlayerTest" assertions="4" time="0.000745"/>
      </testsuite>
      <testsuite name="App\Tests\Controller\ProjectApiControllerPlayTest" file="/Users/challe_p/dbwebb-kurser/mvc/me/report/tests/Project/Controller/ProjectApiControllerPlayTest.php" tests="7" assertions="32" errors="0" failures="0" skipped="0" time="0.242409">
        <testcase name="testApiPlay" file="/Users/challe_p/dbwebb-kurser/mvc/me/report/tests/Project/Controller/ProjectApiControllerPlayTest.php" line="20" class="App\Tests\Controller\ProjectApiControllerPlayTest" classname="App.Tests.Controller.ProjectApiControllerPlayTest" assertions="5" time="0.104070"/>
        <testcase name="testApiPlayNonValid" file="/Users/challe_p/dbwebb-kurser/mvc/me/report/tests/Project/Controller/ProjectApiControllerPlayTest.php" line="32" class="App\Tests\Controller\ProjectApiControllerPlayTest" classname="App.Tests.Controller.ProjectApiControllerPlayTest" assertions="3" time="0.013066"/>
        <testcase name="testApiPostPlay" file="/Users/challe_p/dbwebb-kurser/mvc/me/report/tests/Project/Controller/ProjectApiControllerPlayTest.php" line="42" class="App\Tests\Controller\ProjectApiControllerPlayTest" classname="App.Tests.Controller.ProjectApiControllerPlayTest" assertions="6" time="0.037591"/>
        <testcase name="testApiPostPlayNoGameInt" file="/Users/challe_p/dbwebb-kurser/mvc/me/report/tests/Project/Controller/ProjectApiControllerPlayTest.php" line="58" class="App\Tests\Controller\ProjectApiControllerPlayTest" classname="App.Tests.Controller.ProjectApiControllerPlayTest" assertions="3" time="0.011511"/>
        <testcase name="testApiPostPlayNoNonNumeric" file="/Users/challe_p/dbwebb-kurser/mvc/me/report/tests/Project/Controller/ProjectApiControllerPlayTest.php" line="71" class="App\Tests\Controller\ProjectApiControllerPlayTest" classname="App.Tests.Controller.ProjectApiControllerPlayTest" assertions="3" time="0.015156"/>
        <testcase name="testApiPostPlayNoGameExists" file="/Users/challe_p/dbwebb-kurser/mvc/me/report/tests/Project/Controller/ProjectApiControllerPlayTest.php" line="84" class="App\Tests\Controller\ProjectApiControllerPlayTest" classname="App.Tests.Controller.ProjectApiControllerPlayTest" assertions="3" time="0.013001"/>
        <testcase name="testApiPostPlayPositionFilled" file="/Users/challe_p/dbwebb-kurser/mvc/me/report/tests/Project/Controller/ProjectApiControllerPlayTest.php" line="97" class="App\Tests\Controller\ProjectApiControllerPlayTest" classname="App.Tests.Controller.ProjectApiControllerPlayTest" assertions="9" time="0.048015"/>
      </testsuite>
      <testsuite name="App\Tests\Controller\ProjectApiControllerTest" file="/Users/challe_p/dbwebb-kurser/mvc/me/report/tests/Project/Controller/ProjectApiControllerTest.php" tests="7" assertions="21" errors="0" failures="0" skipped="0" time="0.211993">
        <testcase name="testNewGameApi" file="/Users/challe_p/dbwebb-kurser/mvc/me/report/tests/Project/Controller/ProjectApiControllerTest.php" line="20" class="App\Tests\Controller\ProjectApiControllerTest" classname="App.Tests.Controller.ProjectApiControllerTest" assertions="3" time="0.027394"/>
        <testcase name="testNewGameApiNoGameEntryInSession" file="/Users/challe_p/dbwebb-kurser/mvc/me/report/tests/Project/Controller/ProjectApiControllerTest.php" line="35" class="App\Tests\Controller\ProjectApiControllerTest" classname="App.Tests.Controller.ProjectApiControllerTest" assertions="3" time="0.015899"/>
        <testcase name="testHighscoreJson" file="/Users/challe_p/dbwebb-kurser/mvc/me/report/tests/Project/Controller/ProjectApiControllerTest.php" line="60" class="App\Tests\Controller\ProjectApiControllerTest" classname="App.Tests.Controller.ProjectApiControllerTest" assertions="3" time="0.091801"/>
        <testcase name="testPlayerJson" file="/Users/challe_p/dbwebb-kurser/mvc/me/report/tests/Project/Controller/ProjectApiControllerTest.php" line="76" class="App\Tests\Controller\ProjectApiControllerTest" classname="App.Tests.Controller.ProjectApiControllerTest" assertions="4" time="0.029872"/>
        <testcase name="testApiPlayNonValid" file="/Users/challe_p/dbwebb-kurser/mvc/me/report/tests/Project/Controller/ProjectApiControllerTest.php" line="92" class="App\Tests\Controller\ProjectApiControllerTest" classname="App.Tests.Controller.ProjectApiControllerTest" assertions="3" time="0.016205"/>
        <testcase name="testApiShowGameNotNumeric" file="/Users/challe_p/dbwebb-kurser/mvc/me/report/tests/Project/Controller/ProjectApiControllerTest.php" line="102" class="App\Tests\Controller\ProjectApiControllerTest" classname="App.Tests.Controller.ProjectApiControllerTest" assertions="2" time="0.005288"/>
        <testcase name="testDeletePlayer" file="/Users/challe_p/dbwebb-kurser/mvc/me/report/tests/Project/Controller/ProjectApiControllerTest.php" line="110" class="App\Tests\Controller\ProjectApiControllerTest" classname="App.Tests.Controller.ProjectApiControllerTest" assertions="3" time="0.025533"/>
      </testsuite>
      <testsuite name="App\Tests\Controller\ProjectControllerTest" file="/Users/challe_p/dbwebb-kurser/mvc/me/report/tests/Project/Controller/ProjectControllerTest.php" tests="7" assertions="24" errors="0" failures="0" skipped="0" time="0.353277">
        <testcase name="testProjectPlay" file="/Users/challe_p/dbwebb-kurser/mvc/me/report/tests/Project/Controller/ProjectControllerTest.php" line="12" class="App\Tests\Controller\ProjectControllerTest" classname="App.Tests.Controller.ProjectControllerTest" assertions="3" time="0.104927"/>
        <testcase name="testProjectPlayCard" file="/Users/challe_p/dbwebb-kurser/mvc/me/report/tests/Project/Controller/ProjectControllerTest.php" line="29" class="App\Tests\Controller\ProjectControllerTest" classname="App.Tests.Controller.ProjectControllerTest" assertions="3" time="0.037175"/>
        <testcase name="testProjectPlayCardPositionFilled" file="/Users/challe_p/dbwebb-kurser/mvc/me/report/tests/Project/Controller/ProjectControllerTest.php" line="47" class="App\Tests\Controller\ProjectControllerTest" classname="App.Tests.Controller.ProjectControllerTest" assertions="3" time="0.050572"/>
        <testcase name="testSetNameBet" file="/Users/challe_p/dbwebb-kurser/mvc/me/report/tests/Project/Controller/ProjectControllerTest.php" line="66" class="App\Tests\Controller\ProjectControllerTest" classname="App.Tests.Controller.ProjectControllerTest" assertions="3" time="0.033148"/>
        <testcase name="testSetNameBetWithSession" file="/Users/challe_p/dbwebb-kurser/mvc/me/report/tests/Project/Controller/ProjectControllerTest.php" line="78" class="App\Tests\Controller\ProjectControllerTest" classname="App.Tests.Controller.ProjectControllerTest" assertions="6" time="0.087450"/>
        <testcase name="testAutofill" file="/Users/challe_p/dbwebb-kurser/mvc/me/report/tests/Project/Controller/ProjectControllerTest.php" line="104" class="App\Tests\Controller\ProjectControllerTest" classname="App.Tests.Controller.ProjectControllerTest" assertions="3" time="0.030320"/>
        <testcase name="testPlayResolveNoSession" file="/Users/challe_p/dbwebb-kurser/mvc/me/report/tests/Project/Controller/ProjectControllerTest.php" line="120" class="App\Tests\Controller\ProjectControllerTest" classname="App.Tests.Controller.ProjectControllerTest" assertions="3" time="0.009684"/>
      </testsuite>
      <testsuite name="App\Tests\Controller\ProjectDatabaseControllerTest" file="/Users/challe_p/dbwebb-kurser/mvc/me/report/tests/Project/Controller/ProjectDatabaseControllerTest.php" tests="9" assertions="39" errors="0" failures="0" skipped="0" time="0.266497">
        <testcase name="testUpdateWrongSession" file="/Users/challe_p/dbwebb-kurser/mvc/me/report/tests/Project/Controller/ProjectDatabaseControllerTest.php" line="15" class="App\Tests\Controller\ProjectDatabaseControllerTest" classname="App.Tests.Controller.ProjectDatabaseControllerTest" assertions="3" time="0.032099"/>
        <testcase name="testUpdateFinishedWin" file="/Users/challe_p/dbwebb-kurser/mvc/me/report/tests/Project/Controller/ProjectDatabaseControllerTest.php" line="32" class="App\Tests\Controller\ProjectDatabaseControllerTest" classname="App.Tests.Controller.ProjectDatabaseControllerTest" assertions="16" time="0.048871"/>
        <testcase name="testPlayerPage" file="/Users/challe_p/dbwebb-kurser/mvc/me/report/tests/Project/Controller/ProjectDatabaseControllerTest.php" line="85" class="App\Tests\Controller\ProjectDatabaseControllerTest" classname="App.Tests.Controller.ProjectDatabaseControllerTest" assertions="6" time="0.030880"/>
        <testcase name="testLoad" file="/Users/challe_p/dbwebb-kurser/mvc/me/report/tests/Project/Controller/ProjectDatabaseControllerTest.php" line="108" class="App\Tests\Controller\ProjectDatabaseControllerTest" classname="App.Tests.Controller.ProjectDatabaseControllerTest" assertions="3" time="0.013472"/>
        <testcase name="testLoadFail" file="/Users/challe_p/dbwebb-kurser/mvc/me/report/tests/Project/Controller/ProjectDatabaseControllerTest.php" line="118" class="App\Tests\Controller\ProjectDatabaseControllerTest" classname="App.Tests.Controller.ProjectDatabaseControllerTest" assertions="3" time="0.019325"/>
        <testcase name="testRestore" file="/Users/challe_p/dbwebb-kurser/mvc/me/report/tests/Project/Controller/ProjectDatabaseControllerTest.php" line="128" class="App\Tests\Controller\ProjectDatabaseControllerTest" classname="App.Tests.Controller.ProjectDatabaseControllerTest" assertions="5" time="0.109601"/>
        <testcase name="testRestoreDatabaseIsStringFail" file="/Users/challe_p/dbwebb-kurser/mvc/me/report/tests/Project/Controller/ProjectDatabaseControllerTest.php" line="148" class="App\Tests\Controller\ProjectDatabaseControllerTest" classname="App.Tests.Controller.ProjectDatabaseControllerTest" assertions="1" time="0.003627"/>
        <testcase name="testRestoreDatabaseFileNotExists" file="/Users/challe_p/dbwebb-kurser/mvc/me/report/tests/Project/Controller/ProjectDatabaseControllerTest.php" line="157" class="App\Tests\Controller\ProjectDatabaseControllerTest" classname="App.Tests.Controller.ProjectDatabaseControllerTest" assertions="1" time="0.004456"/>
        <testcase name="testRestoreDatabaseExecFail" file="/Users/challe_p/dbwebb-kurser/mvc/me/report/tests/Project/Controller/ProjectDatabaseControllerTest.php" line="170" class="App\Tests\Controller\ProjectDatabaseControllerTest" classname="App.Tests.Controller.ProjectDatabaseControllerTest" assertions="1" time="0.004166"/>
      </testsuite>
      <testsuite name="App\Tests\Controller\ProjectLandingPagesTest" file="/Users/challe_p/dbwebb-kurser/mvc/me/report/tests/Project/Controller/ProjectLandingPagesTest.php" tests="7" assertions="25" errors="0" failures="0" skipped="0" time="0.068501">
        <testcase name="testProjectStart" file="/Users/challe_p/dbwebb-kurser/mvc/me/report/tests/Project/Controller/ProjectLandingPagesTest.php" line="15" class="App\Tests\Controller\ProjectLandingPagesTest" classname="App.Tests.Controller.ProjectLandingPagesTest" assertions="3" time="0.006286"/>
        <testcase name="testProjectPlayNoSession" file="/Users/challe_p/dbwebb-kurser/mvc/me/report/tests/Project/Controller/ProjectLandingPagesTest.php" line="24" class="App\Tests\Controller\ProjectLandingPagesTest" classname="App.Tests.Controller.ProjectLandingPagesTest" assertions="3" time="0.008228"/>
        <testcase name="testMusicPlayer" file="/Users/challe_p/dbwebb-kurser/mvc/me/report/tests/Project/Controller/ProjectLandingPagesTest.php" line="34" class="App\Tests\Controller\ProjectLandingPagesTest" classname="App.Tests.Controller.ProjectLandingPagesTest" assertions="3" time="0.005690"/>
        <testcase name="testAbout" file="/Users/challe_p/dbwebb-kurser/mvc/me/report/tests/Project/Controller/ProjectLandingPagesTest.php" line="44" class="App\Tests\Controller\ProjectLandingPagesTest" classname="App.Tests.Controller.ProjectLandingPagesTest" assertions="3" time="0.005623"/>
        <testcase name="testApiLanding" file="/Users/challe_p/dbwebb-kurser/mvc/me/report/tests/Project/Controller/ProjectLandingPagesTest.php" line="54" class="App\Tests\Controller\ProjectLandingPagesTest" classname="App.Tests.Controller.ProjectLandingPagesTest" assertions="7" time="0.023794"/>
        <testcase name="testHighscore" file="/Users/challe_p/dbwebb-kurser/mvc/me/report/tests/Project/Controller/ProjectLandingPagesTest.php" line="80" class="App\Tests\Controller\ProjectLandingPagesTest" classname="App.Tests.Controller.ProjectLandingPagesTest" assertions="3" time="0.013318"/>
        <testcase name="testAboutDatabase" file="/Users/challe_p/dbwebb-kurser/mvc/me/report/tests/Project/Controller/ProjectLandingPagesTest.php" line="89" class="App\Tests\Controller\ProjectLandingPagesTest" classname="App.Tests.Controller.ProjectLandingPagesTest" assertions="3" time="0.005562"/>
      </testsuite>
      <testsuite name="App\Project\MatTest" file="/Users/challe_p/dbwebb-kurser/mvc/me/report/tests/Project/MatTest.php" tests="5" assertions="7" errors="0" failures="0" skipped="0" time="0.003482">
        <testcase name="testCreateMat" file="/Users/challe_p/dbwebb-kurser/mvc/me/report/tests/Project/MatTest.php" line="13" class="App\Project\MatTest" classname="App.Project.MatTest" assertions="1" time="0.000675"/>
        <testcase name="testPrintEmpty" file="/Users/challe_p/dbwebb-kurser/mvc/me/report/tests/Project/MatTest.php" line="19" class="App\Project\MatTest" classname="App.Project.MatTest" assertions="1" time="0.000696"/>
        <testcase name="testSetCard" file="/Users/challe_p/dbwebb-kurser/mvc/me/report/tests/Project/MatTest.php" line="30" class="App\Project\MatTest" classname="App.Project.MatTest" assertions="3" time="0.000725"/>
        <testcase name="testFromStringEmpty" file="/Users/challe_p/dbwebb-kurser/mvc/me/report/tests/Project/MatTest.php" line="45" class="App\Project\MatTest" classname="App.Project.MatTest" assertions="1" time="0.000697"/>
        <testcase name="testFromString" file="/Users/challe_p/dbwebb-kurser/mvc/me/report/tests/Project/MatTest.php" line="53" class="App\Project\MatTest" classname="App.Project.MatTest" assertions="1" time="0.000690"/>
      </testsuite>
      <testsuite name="App\Repository\GameRepositoryTest" file="/Users/challe_p/dbwebb-kurser/mvc/me/report/tests/Project/ORM/GameRepositoryTest.php" tests="3" assertions="9" errors="0" failures="0" skipped="0" time="0.007549">
        <testcase name="testGetGamesByNoPlayer" file="/Users/challe_p/dbwebb-kurser/mvc/me/report/tests/Project/ORM/GameRepositoryTest.php" line="24" class="App\Repository\GameRepositoryTest" classname="App.Repository.GameRepositoryTest" assertions="3" time="0.003378"/>
        <testcase name="testInvalidGameArray" file="/Users/challe_p/dbwebb-kurser/mvc/me/report/tests/Project/ORM/GameRepositoryTest.php" line="33" class="App\Repository\GameRepositoryTest" classname="App.Repository.GameRepositoryTest" assertions="3" time="0.002061"/>
        <testcase name="testNotArrayValidator" file="/Users/challe_p/dbwebb-kurser/mvc/me/report/tests/Project/ORM/GameRepositoryTest.php" line="43" class="App\Repository\GameRepositoryTest" classname="App.Repository.GameRepositoryTest" assertions="3" time="0.002109"/>
      </testsuite>
      <testsuite name="App\Entity\PlayerEntityTest" file="/Users/challe_p/dbwebb-kurser/mvc/me/report/tests/Project/ORM/PlayerEntityTest.php" tests="1" assertions="1" errors="0" failures="0" skipped="0" time="0.000639">
        <testcase name="testSetId" file="/Users/challe_p/dbwebb-kurser/mvc/me/report/tests/Project/ORM/PlayerEntityTest.php" line="13" class="App\Entity\PlayerEntityTest" classname="App.Entity.PlayerEntityTest" assertions="1" time="0.000639"/>
      </testsuite>
      <testsuite name="App\Project\PokerLogicTest" file="/Users/challe_p/dbwebb-kurser/mvc/me/report/tests/Project/PokerLogicTest.php" tests="5" assertions="27" errors="0" failures="0" skipped="0" time="0.005432">
        <testcase name="testCreateMat" file="/Users/challe_p/dbwebb-kurser/mvc/me/report/tests/Project/PokerLogicTest.php" line="14" class="App\Project\PokerLogicTest" classname="App.Project.PokerLogicTest" assertions="1" time="0.000758"/>
        <testcase name="testAutofill" file="/Users/challe_p/dbwebb-kurser/mvc/me/report/tests/Project/PokerLogicTest.php" line="20" class="App\Project\PokerLogicTest" classname="App.Project.PokerLogicTest" assertions="10" time="0.001293"/>
        <testcase name="testScoring" file="/Users/challe_p/dbwebb-kurser/mvc/me/report/tests/Project/PokerLogicTest.php" line="32" class="App\Project\PokerLogicTest" classname="App.Project.PokerLogicTest" assertions="3" time="0.001355"/>
        <testcase name="testAutofillPositionFull" file="/Users/challe_p/dbwebb-kurser/mvc/me/report/tests/Project/PokerLogicTest.php" line="83" class="App\Project\PokerLogicTest" classname="App.Project.PokerLogicTest" assertions="10" time="0.001204"/>
        <testcase name="testSetCardPositionFull" file="/Users/challe_p/dbwebb-kurser/mvc/me/report/tests/Project/PokerLogicTest.php" line="95" class="App\Project\PokerLogicTest" classname="App.Project.PokerLogicTest" assertions="3" time="0.000822"/>
      </testsuite>
      <testsuite name="App\Project\RowTest" file="/Users/challe_p/dbwebb-kurser/mvc/me/report/tests/Project/RowTest.php" tests="6" assertions="10" errors="0" failures="0" skipped="0" time="0.003869">
        <testcase name="testCreateRow" file="/Users/challe_p/dbwebb-kurser/mvc/me/report/tests/Project/RowTest.php" line="18" class="App\Project\RowTest" classname="App.Project.RowTest" assertions="2" time="0.000623"/>
        <testcase name="testSetCard" file="/Users/challe_p/dbwebb-kurser/mvc/me/report/tests/Project/RowTest.php" line="25" class="App\Project\RowTest" classname="App.Project.RowTest" assertions="2" time="0.000639"/>
        <testcase name="testSetCardFull" file="/Users/challe_p/dbwebb-kurser/mvc/me/report/tests/Project/RowTest.php" line="36" class="App\Project\RowTest" classname="App.Project.RowTest" assertions="2" time="0.000658"/>
        <testcase name="testToString" file="/Users/challe_p/dbwebb-kurser/mvc/me/report/tests/Project/RowTest.php" line="45" class="App\Project\RowTest" classname="App.Project.RowTest" assertions="1" time="0.000639"/>
        <testcase name="testIsFilled" file="/Users/challe_p/dbwebb-kurser/mvc/me/report/tests/Project/RowTest.php" line="54" class="App\Project\RowTest" classname="App.Project.RowTest" assertions="2" time="0.000705"/>
        <testcase name="testSetGetScore" file="/Users/challe_p/dbwebb-kurser/mvc/me/report/tests/Project/RowTest.php" line="66" class="App\Project\RowTest" classname="App.Project.RowTest" assertions="1" time="0.000606"/>
      </testsuite>
      <testsuite name="App\Project\StraightFlushRulesTest" file="/Users/challe_p/dbwebb-kurser/mvc/me/report/tests/Project/StraightFlushRulesTest.php" tests="9" assertions="9" errors="0" failures="0" skipped="0" time="0.007478">
        <testcase name="testStraightNonRoyalNonFlush" file="/Users/challe_p/dbwebb-kurser/mvc/me/report/tests/Project/StraightFlushRulesTest.php" line="14" class="App\Project\StraightFlushRulesTest" classname="App.Project.StraightFlushRulesTest" assertions="1" time="0.000739"/>
        <testcase name="testStraightFlush" file="/Users/challe_p/dbwebb-kurser/mvc/me/report/tests/Project/StraightFlushRulesTest.php" line="26" class="App\Project\StraightFlushRulesTest" classname="App.Project.StraightFlushRulesTest" assertions="1" time="0.000720"/>
        <testcase name="testRoyalFlush" file="/Users/challe_p/dbwebb-kurser/mvc/me/report/tests/Project/StraightFlushRulesTest.php" line="38" class="App\Project\StraightFlushRulesTest" classname="App.Project.StraightFlushRulesTest" assertions="1" time="0.000712"/>
        <testcase name="testFlush" file="/Users/challe_p/dbwebb-kurser/mvc/me/report/tests/Project/StraightFlushRulesTest.php" line="50" class="App\Project\StraightFlushRulesTest" classname="App.Project.StraightFlushRulesTest" assertions="1" time="0.000686"/>
        <testcase name="testFlushNoStraightWithAce" file="/Users/challe_p/dbwebb-kurser/mvc/me/report/tests/Project/StraightFlushRulesTest.php" line="62" class="App\Project\StraightFlushRulesTest" classname="App.Project.StraightFlushRulesTest" assertions="1" time="0.000679"/>
        <testcase name="testStraightWithAce" file="/Users/challe_p/dbwebb-kurser/mvc/me/report/tests/Project/StraightFlushRulesTest.php" line="74" class="App\Project\StraightFlushRulesTest" classname="App.Project.StraightFlushRulesTest" assertions="1" time="0.000697"/>
        <testcase name="testNothing" file="/Users/challe_p/dbwebb-kurser/mvc/me/report/tests/Project/StraightFlushRulesTest.php" line="86" class="App\Project\StraightFlushRulesTest" classname="App.Project.StraightFlushRulesTest" assertions="1" time="0.000730"/>
        <testcase name="testUnfilledRow" file="/Users/challe_p/dbwebb-kurser/mvc/me/report/tests/Project/StraightFlushRulesTest.php" line="98" class="App\Project\StraightFlushRulesTest" classname="App.Project.StraightFlushRulesTest" assertions="1" time="0.000620"/>
        <testcase name="testInvalidRow" file="/Users/challe_p/dbwebb-kurser/mvc/me/report/tests/Project/StraightFlushRulesTest.php" line="106" class="App\Project\StraightFlushRulesTest" classname="App.Project.StraightFlushRulesTest" assertions="1" time="0.001896"/>
      </testsuite>
      <testsuite name="App\Project\UniqueValuesRulesTest" file="/Users/challe_p/dbwebb-kurser/mvc/me/report/tests/Project/UniqueValuesRulesTest.php" tests="5" assertions="5" errors="0" failures="0" skipped="0" time="0.003586">
        <testcase name="testFullHouse" file="/Users/challe_p/dbwebb-kurser/mvc/me/report/tests/Project/UniqueValuesRulesTest.php" line="13" class="App\Project\UniqueValuesRulesTest" classname="App.Project.UniqueValuesRulesTest" assertions="1" time="0.000739"/>
        <testcase name="testFourOfAKind" file="/Users/challe_p/dbwebb-kurser/mvc/me/report/tests/Project/UniqueValuesRulesTest.php" line="25" class="App\Project\UniqueValuesRulesTest" classname="App.Project.UniqueValuesRulesTest" assertions="1" time="0.000713"/>
        <testcase name="testPair" file="/Users/challe_p/dbwebb-kurser/mvc/me/report/tests/Project/UniqueValuesRulesTest.php" line="37" class="App\Project\UniqueValuesRulesTest" classname="App.Project.UniqueValuesRulesTest" assertions="1" time="0.000704"/>
        <testcase name="testTwoPair" file="/Users/challe_p/dbwebb-kurser/mvc/me/report/tests/Project/UniqueValuesRulesTest.php" line="49" class="App\Project\UniqueValuesRulesTest" classname="App.Project.UniqueValuesRulesTest" assertions="1" time="0.000718"/>
        <testcase name="testThreeOfAKind" file="/Users/challe_p/dbwebb-kurser/mvc/me/report/tests/Project/UniqueValuesRulesTest.php" line="61" class="App\Project\UniqueValuesRulesTest" classname="App.Project.UniqueValuesRulesTest" assertions="1" time="0.000711"/>
      </testsuite>
      <testsuite name="App\Game\RulesTest" file="/Users/challe_p/dbwebb-kurser/mvc/me/report/tests/RulesTest.php" tests="6" assertions="7" errors="0" failures="0" skipped="0" time="0.004229">
        <testcase name="testCreateRules" file="/Users/challe_p/dbwebb-kurser/mvc/me/report/tests/RulesTest.php" line="19" class="App\Game\RulesTest" classname="App.Game.RulesTest" assertions="1" time="0.000629"/>
        <testcase name="testCreateCustom" file="/Users/challe_p/dbwebb-kurser/mvc/me/report/tests/RulesTest.php" line="25" class="App\Game\RulesTest" classname="App.Game.RulesTest" assertions="1" time="0.000589"/>
        <testcase name="testTranslator" file="/Users/challe_p/dbwebb-kurser/mvc/me/report/tests/RulesTest.php" line="31" class="App\Game\RulesTest" classname="App.Game.RulesTest" assertions="1" time="0.000727"/>
        <testcase name="testTranslatorMax" file="/Users/challe_p/dbwebb-kurser/mvc/me/report/tests/RulesTest.php" line="39" class="App\Game\RulesTest" classname="App.Game.RulesTest" assertions="1" time="0.000753"/>
        <testcase name="testTranslatorNoAces" file="/Users/challe_p/dbwebb-kurser/mvc/me/report/tests/RulesTest.php" line="47" class="App\Game\RulesTest" classname="App.Game.RulesTest" assertions="1" time="0.000759"/>
        <testcase name="testMaxAces" file="/Users/challe_p/dbwebb-kurser/mvc/me/report/tests/RulesTest.php" line="56" class="App\Game\RulesTest" classname="App.Game.RulesTest" assertions="2" time="0.000772"/>
      </testsuite>
      <testsuite name="App\Game\TarotDeckTest" file="/Users/challe_p/dbwebb-kurser/mvc/me/report/tests/TarotDeckTest.php" tests="1" assertions="2" errors="0" failures="0" skipped="0" time="0.003599">
        <testcase name="testCreateTarotDeck" file="/Users/challe_p/dbwebb-kurser/mvc/me/report/tests/TarotDeckTest.php" line="16" class="App\Game\TarotDeckTest" classname="App.Game.TarotDeckTest" assertions="2" time="0.003599"/>
      </testsuite>
    </testsuite>
  </testsuite>
</testsuites>
